#
# There is insufficient memory for the Java Runtime Environment to continue.
# Native memory allocation (malloc) failed to allocate 1136656 bytes for Chunk::new
# Possible reasons:
#   The system is out of physical RAM or swap space
#   The process is running with CompressedOops enabled, and the Java Heap may be blocking the growth of the native heap
# Possible solutions:
#   Reduce memory load on the system
#   Increase physical memory or swap space
#   Check if swap backing store is full
#   Decrease Java heap size (-Xmx/-Xms)
#   Decrease number of Java threads
#   Decrease Java thread stack sizes (-Xss)
#   Set larger code cache with -XX:ReservedCodeCacheSize=
#   JVM is running with Zero Based Compressed Oops mode in which the Java heap is
#     placed in the first 32GB address space. The Java Heap base address is the
#     maximum limit for the native heap growth. Please use -XX:HeapBaseMinAddress
#     to set the Java Heap base and to place the Java Heap above 32GB virtual address.
# This output file may be truncated or incomplete.
#
#  Out of Memory Error (t:/workspace/hotspot/src/share/vm/memory/allocation.cpp:372), pid=11636, tid=19492
#
# JRE version: Java(TM) SE Runtime Environment (9.0+11) (build 9.0.4+11)
# Java VM: Java HotSpot(TM) 64-Bit Server VM (9.0.4+11, mixed mode, tiered, compressed oops, g1 gc, windows-amd64)
# No core dump will be written. Minidumps are not enabled by default on client versions of Windows
#

---------------  S U M M A R Y ------------

Command Line: -Dsun.java2d.pmoffscreen=false -Dsun.java2d.xrender=false -Dsun.java2d.d3d=false -Dsun.awt.nopixfmt=true -Dsun.java2d.dpiaware=true -Dsun.java2d.uiScale.enabled=false -Xverify:none -Dswing.aatext=true -XX:-UsePerfData -Djdk.map.althashing.threshold=512 -XX:StringTableSize=4072 --add-opens=java.base/java.nio=ALL-UNNAMED --add-opens=java.desktop/sun.swing=ALL-UNNAMED --add-opens=java.desktop/javax.swing=ALL-UNNAMED --add-opens=java.desktop/javax.swing.tree=ALL-UNNAMED --add-opens=java.desktop/javax.swing.plaf.basic=ALL-UNNAMED --add-opens=java.desktop/javax.swing.plaf.synth=ALL-UNNAMED --add-opens=java.desktop/com.sun.awt=ALL-UNNAMED -XX:NewSize=60m -XX:MaxNewSize=60m -Xms128m -Xmx3072m -Xss5m 

Host: Intel(R) Core(TM) i7-8565U CPU @ 1.80GHz, 8 cores, 7G,  Windows 10 , 64 bit Build 19041 (10.0.19041.3636)
Time: Sat May 04 21:14:45 2024 ?D1¨²¡À¨º¡Á?¨º¡À?? elapsed time: 191912 seconds (2d 5h 18m 32s)

---------------  T H R E A D  ---------------

Current thread (0x0000019a58796000):  JavaThread "C2 CompilerThread2" daemon [_thread_in_native, id=19492, stack(0x00000017fe500000,0x00000017fe600000)]


Current CompileTask:
C2:191912862 28983   !   4       com.jidesoft.editor.CodeEditor::_offsetToX (1606 bytes)

Stack: [0x00000017fe500000,0x00000017fe600000]
Native frames: (J=compiled Java code, j=interpreted, Vv=VM code, C=native code)
V  [jvm.dll+0x587068]

[error occurred during error reporting (printing native stack), id 0xe0000001]


---------------  P R O C E S S  ---------------

Java Threads: ( => current thread )
  0x0000019a0d67b000 JavaThread "Monitor File Timestamp Swing Worker" [_thread_blocked, id=14864, stack(0x0000001786800000,0x0000001786d00000)]
  0x0000019a0222d800 JavaThread "Timer-0" [_thread_blocked, id=6904, stack(0x0000001786300000,0x0000001786800000)]
  0x0000019a0d67c000 JavaThread "Relaunch Simulation" [_thread_blocked, id=5664, stack(0x0000001785c00000,0x0000001786100000)]
  0x0000019a0d680800 JavaThread "Thread-34975" [_thread_in_native, id=17360, stack(0x0000001785300000,0x0000001785400000)]
  0x0000019a0d67f800 JavaThread "Thread-33470" [_thread_in_native, id=13352, stack(0x0000001785300000,0x0000001785400000)]
  0x0000019a0d67c800 JavaThread "Thread-33465" [_thread_in_native, id=14816, stack(0x0000001785400000,0x0000001785500000)]
  0x0000019a0d67f000 JavaThread "Thread-33034" [_thread_in_native, id=9168, stack(0x0000001782e00000,0x0000001782f00000)]
  0x0000019a0d67e000 JavaThread "Thread-33027" [_thread_in_native, id=4592, stack(0x0000001785300000,0x0000001785400000)]
  0x0000019a0d673800 JavaThread "Thread-32958" [_thread_in_native, id=19528, stack(0x0000001785400000,0x0000001785500000)]
  0x0000019a0d67d800 JavaThread "Thread-32950" [_thread_in_native, id=22364, stack(0x0000001785500000,0x0000001785600000)]
  0x0000019a0d675000 JavaThread "Thread-32827" [_thread_in_native, id=12384, stack(0x0000001785300000,0x0000001785400000)]
  0x0000019a0d67a800 JavaThread "Thread-32821" [_thread_in_native, id=9724, stack(0x0000001785400000,0x0000001785500000)]
  0x0000019a0d672000 JavaThread "Thread-32394" [_thread_in_native, id=9052, stack(0x0000001782e00000,0x0000001782f00000)]
  0x0000019a0d679800 JavaThread "Thread-32389" [_thread_in_native, id=11312, stack(0x0000001785300000,0x0000001785400000)]
  0x0000019a0d679000 JavaThread "Thread-32382" [_thread_in_native, id=19160, stack(0x0000001782e00000,0x0000001782f00000)]
  0x0000019a0d673000 JavaThread "Thread-32366" [_thread_in_native, id=22736, stack(0x0000001785300000,0x0000001785400000)]
  0x0000019a0d676800 JavaThread "Thread-32360" [_thread_in_native, id=21004, stack(0x0000001785400000,0x0000001785500000)]
  0x0000019a0d676000 JavaThread "Thread-31814" [_thread_in_native, id=18148, stack(0x0000001782e00000,0x0000001782f00000)]
  0x0000019a0d671800 JavaThread "Thread-31806" [_thread_in_native, id=11908, stack(0x0000001785300000,0x0000001785400000)]
  0x0000019a0d678000 JavaThread "Thread-31662" [_thread_in_native, id=21364, stack(0x0000001785400000,0x0000001785500000)]
  0x0000019a0d677800 JavaThread "Thread-31654" [_thread_in_native, id=4636, stack(0x0000001785500000,0x0000001785600000)]
  0x0000019a0d674800 JavaThread "Thread-31575" [_thread_in_native, id=8040, stack(0x0000001785400000,0x0000001785500000)]
  0x0000019a10b50800 JavaThread "Thread-31270" [_thread_in_native, id=3644, stack(0x0000001785500000,0x0000001785600000)]
  0x0000019a10b4f800 JavaThread "SyntheticaAnimation 50" daemon [_thread_blocked, id=19104, stack(0x0000001785700000,0x0000001785c00000)]
  0x0000019a10b4e000 JavaThread "Thread-28698" [_thread_in_native, id=11724, stack(0x0000001785400000,0x0000001785500000)]
  0x0000019a10b4f000 JavaThread "Thread-28693" [_thread_in_native, id=17132, stack(0x0000001785500000,0x0000001785600000)]
  0x0000019a10b46000 JavaThread "Thread-28590" [_thread_in_native, id=16132, stack(0x0000001785300000,0x0000001785400000)]
  0x0000019a10b51000 JavaThread "Thread-28586" [_thread_in_native, id=14308, stack(0x0000001785400000,0x0000001785500000)]
  0x0000019a10b46800 JavaThread "Thread-28423" [_thread_in_native, id=22724, stack(0x0000001785400000,0x0000001785500000)]
  0x0000019a10b4d800 JavaThread "Thread-28418" [_thread_in_native, id=11764, stack(0x0000001785500000,0x0000001785600000)]
  0x0000019a10b4c000 JavaThread "Thread-27735" [_thread_in_native, id=15980, stack(0x0000001785300000,0x0000001785400000)]
  0x0000019a10b4c800 JavaThread "Thread-27729" [_thread_in_native, id=13324, stack(0x0000001785400000,0x0000001785500000)]
  0x0000019a10b4b000 JavaThread "Thread-27720" [_thread_in_native, id=17988, stack(0x0000001785300000,0x0000001785400000)]
  0x0000019a10b44800 JavaThread "Thread-27716" [_thread_in_native, id=22228, stack(0x0000001785400000,0x0000001785500000)]
  0x0000019a10b4a800 JavaThread "Thread-27421" [_thread_in_native, id=5252, stack(0x0000001782e00000,0x0000001782f00000)]
  0x0000019a10b49800 JavaThread "Thread-27414" [_thread_in_native, id=1092, stack(0x0000001785300000,0x0000001785400000)]
  0x0000019a10b49000 JavaThread "Thread-26951" [_thread_in_native, id=13684, stack(0x0000001785400000,0x0000001785500000)]
  0x0000019a10b41800 JavaThread "Thread-26945" [_thread_in_native, id=3944, stack(0x0000001785500000,0x0000001785600000)]
  0x0000019a10b47800 JavaThread "Thread-26654" [_thread_in_native, id=18092, stack(0x0000001785400000,0x0000001785500000)]
  0x0000019a10b43800 JavaThread "Thread-26648" [_thread_in_native, id=14144, stack(0x0000001785500000,0x0000001785600000)]
  0x0000019a10b43000 JavaThread "Thread-26287" [_thread_in_native, id=23776, stack(0x0000001785900000,0x0000001785a00000)]
  0x0000019a10b42000 JavaThread "Thread-26281" [_thread_in_native, id=17528, stack(0x0000001785a00000,0x0000001785b00000)]
  0x0000019a10b48000 JavaThread "Thread-26263" [_thread_in_native, id=3384, stack(0x0000001785d00000,0x0000001785e00000)]
  0x0000019a10b45000 JavaThread "Thread-26235" [_thread_in_native, id=14316, stack(0x0000001786200000,0x0000001786300000)]
  0x0000019a10891000 JavaThread "Thread-26174" [_thread_in_native, id=23476, stack(0x0000001782e00000,0x0000001782f00000)]
  0x0000019a10892800 JavaThread "Thread-26168" [_thread_in_native, id=16400, stack(0x0000001785800000,0x0000001785900000)]
  0x0000019a10897800 JavaThread "Thread-26061" [_thread_in_native, id=7804, stack(0x0000001785800000,0x0000001785900000)]
  0x0000019a10893800 JavaThread "Thread-26055" [_thread_in_native, id=8160, stack(0x0000001785900000,0x0000001785a00000)]
  0x0000019a10896800 JavaThread "Thread-25636" [_thread_in_native, id=8596, stack(0x0000001782e00000,0x0000001782f00000)]
  0x0000019a10892000 JavaThread "Thread-25629" [_thread_in_native, id=21964, stack(0x0000001785800000,0x0000001785900000)]
  0x0000019a10890800 JavaThread "Thread-25601" [_thread_in_native, id=11748, stack(0x0000001782e00000,0x0000001782f00000)]
  0x0000019a10896000 JavaThread "Thread-25472" [_thread_in_native, id=23164, stack(0x0000001782e00000,0x0000001782f00000)]
  0x0000019a10895000 JavaThread "Thread-25466" [_thread_in_native, id=7192, stack(0x0000001785800000,0x0000001785900000)]
  0x0000019a10894800 JavaThread "Thread-25447" [_thread_in_native, id=7320, stack(0x0000001782d00000,0x0000001782e00000)]
  0x0000019a1088a800 JavaThread "Thread-24890" [_thread_in_native, id=23784, stack(0x0000001785800000,0x0000001785900000)]
  0x0000019a10889800 JavaThread "Thread-24884" [_thread_in_native, id=13248, stack(0x0000001785900000,0x0000001785a00000)]
  0x0000019a1088c800 JavaThread "Thread-24812" [_thread_in_native, id=12872, stack(0x0000001785800000,0x0000001785900000)]
  0x0000019a1088c000 JavaThread "Thread-24807" [_thread_in_native, id=17900, stack(0x0000001785900000,0x0000001785a00000)]
  0x0000019a1088f000 JavaThread "Thread-24793" [_thread_in_native, id=17964, stack(0x0000001785800000,0x0000001785900000)]
  0x0000019a1088f800 JavaThread "Thread-24789" [_thread_in_native, id=2732, stack(0x0000001785800000,0x0000001785900000)]
  0x0000019a1088d800 JavaThread "Thread-24768" [_thread_in_native, id=13932, stack(0x0000001785800000,0x0000001785900000)]
  0x0000019a10887800 JavaThread "Thread-24763" [_thread_in_native, id=5824, stack(0x0000001785800000,0x0000001785900000)]
  0x0000019a1088e000 JavaThread "Thread-24689" [_thread_in_native, id=24268, stack(0x0000001785d00000,0x0000001785e00000)]
  0x0000019a1088b000 JavaThread "Thread-24647" [_thread_in_native, id=12832, stack(0x0000001786200000,0x0000001786300000)]
  0x0000019a10888000 JavaThread "Thread-24561" [_thread_in_native, id=12112, stack(0x0000001782e00000,0x0000001782f00000)]
  0x0000019a10889000 JavaThread "Thread-24532" [_thread_in_native, id=796, stack(0x0000001782e00000,0x0000001782f00000)]
  0x0000019a0bdd0800 JavaThread "Thread-24528" [_thread_in_native, id=24556, stack(0x0000001782e00000,0x0000001782f00000)]
  0x0000019a0bdd0000 JavaThread "Thread-24505" [_thread_in_native, id=18456, stack(0x0000001782e00000,0x0000001782f00000)]
  0x0000019a0bdd1800 JavaThread "Thread-24499" [_thread_in_native, id=21556, stack(0x0000001785900000,0x0000001785a00000)]
  0x0000019a0bdcf000 JavaThread "Thread-24438" [_thread_in_native, id=20564, stack(0x0000001785400000,0x0000001785500000)]
  0x0000019a0bdce800 JavaThread "Thread-24365" [_thread_in_native, id=23936, stack(0x0000001785500000,0x0000001785600000)]
  0x0000019a0bdcd000 JavaThread "Thread-24162" [_thread_in_native, id=20296, stack(0x0000001785300000,0x0000001785400000)]
  0x0000019a0bdd2000 JavaThread "Thread-24150" [_thread_in_native, id=1720, stack(0x0000001785300000,0x0000001785400000)]
  0x0000019a0bdcd800 JavaThread "Thread-24144" [_thread_in_native, id=5200, stack(0x0000001785400000,0x0000001785500000)]
  0x0000019a0bdc5800 JavaThread "Thread-24038" [_thread_in_native, id=17928, stack(0x0000001785300000,0x0000001785400000)]
  0x0000019a0bdcc000 JavaThread "Thread-24029" [_thread_in_native, id=20348, stack(0x0000001785300000,0x0000001785400000)]
  0x0000019a0bdc4800 JavaThread "Thread-24023" [_thread_in_native, id=19004, stack(0x0000001785500000,0x0000001785600000)]
  0x0000019a0bdcb800 JavaThread "Thread-23875" [_thread_in_native, id=4936, stack(0x0000001785900000,0x0000001785a00000)]
  0x0000019a0bdca800 JavaThread "Thread-23868" [_thread_in_native, id=23628, stack(0x0000001785900000,0x0000001785a00000)]
  0x0000019a0bdc3000 JavaThread "Thread-23863" [_thread_in_native, id=404, stack(0x0000001785900000,0x0000001785a00000)]
  0x0000019a0bdc6000 JavaThread "Thread-23857" [_thread_in_native, id=24220, stack(0x0000001785a00000,0x0000001785b00000)]
  0x0000019a0bdc4000 JavaThread "Thread-23849" [_thread_in_native, id=21876, stack(0x0000001785d00000,0x0000001785e00000)]
  0x0000019a0bdca000 JavaThread "Thread-23819" [_thread_in_native, id=21376, stack(0x0000001785d00000,0x0000001785e00000)]
  0x0000019a0bdc9000 JavaThread "Thread-23793" [_thread_in_native, id=11952, stack(0x0000001786200000,0x0000001786300000)]
  0x0000019a0bdc7800 JavaThread "Thread-23453" [_thread_in_native, id=18620, stack(0x0000001785900000,0x0000001785a00000)]
  0x0000019a0bdc7000 JavaThread "Thread-23449" [_thread_in_native, id=8204, stack(0x0000001785a00000,0x0000001785b00000)]
  0x0000019a0d72e000 JavaThread "Thread-23010" [_thread_in_native, id=17504, stack(0x0000001785800000,0x0000001785900000)]
  0x0000019a0bc5c800 JavaThread "Thread-23005" [_thread_in_native, id=7792, stack(0x0000001785900000,0x0000001785a00000)]
  0x0000019a5a898000 JavaThread "Thread-22853" [_thread_in_native, id=5432, stack(0x0000001785900000,0x0000001785a00000)]
  0x0000019a0bc5e000 JavaThread "Thread-22846" [_thread_in_native, id=18124, stack(0x0000001785a00000,0x0000001785b00000)]
  0x0000019a0bc62800 JavaThread "Thread-21867" [_thread_in_native, id=6944, stack(0x0000001785900000,0x0000001785a00000)]
  0x0000019a0bc63000 JavaThread "Thread-21862" [_thread_in_native, id=1892, stack(0x0000001785a00000,0x0000001785b00000)]
  0x0000019a0bc5e800 JavaThread "Thread-21587" [_thread_in_native, id=23964, stack(0x0000001785400000,0x0000001785500000)]
  0x0000019a0bc5f800 JavaThread "Thread-21452" [_thread_in_native, id=18064, stack(0x0000001785500000,0x0000001785600000)]
  0x0000019a0bc5d000 JavaThread "Thread-21182" [_thread_in_native, id=15804, stack(0x0000001785400000,0x0000001785500000)]
  0x0000019a0bc61000 JavaThread "Thread-21176" [_thread_in_native, id=21904, stack(0x0000001785500000,0x0000001785600000)]
  0x0000019a0bc61800 JavaThread "Thread-20849" [_thread_in_native, id=15856, stack(0x0000001785300000,0x0000001785400000)]
  0x0000019a0bc60000 JavaThread "Thread-20843" [_thread_in_native, id=16444, stack(0x0000001785400000,0x0000001785500000)]
  0x0000019a0d72c800 JavaThread "Thread-20827" [_thread_in_native, id=1112, stack(0x0000001785300000,0x0000001785400000)]
  0x0000019a0d72b800 JavaThread "Thread-20820" [_thread_in_native, id=11560, stack(0x0000001785300000,0x0000001785400000)]
  0x0000019a0d72b000 JavaThread "Thread-20812" [_thread_in_native, id=24528, stack(0x0000001785300000,0x0000001785400000)]
  0x0000019a0d72d000 JavaThread "Thread-20691" [_thread_in_native, id=20616, stack(0x0000001785300000,0x0000001785400000)]
  0x0000019a0d72a000 JavaThread "Thread-20687" [_thread_in_native, id=24416, stack(0x0000001785400000,0x0000001785500000)]
  0x0000019a0d722000 JavaThread "Thread-20306" [_thread_in_native, id=19744, stack(0x0000001782e00000,0x0000001782f00000)]
  0x0000019a0d729800 JavaThread "Thread-20302" [_thread_in_native, id=2144, stack(0x0000001785300000,0x0000001785400000)]
  0x0000019a0d728800 JavaThread "Thread-20295" [_thread_in_native, id=19328, stack(0x0000001782e00000,0x0000001782f00000)]
  0x0000019a0d728000 JavaThread "Thread-20272" [_thread_in_native, id=11032, stack(0x0000001782e00000,0x0000001782f00000)]
  0x0000019a0d727000 JavaThread "Thread-20262" [_thread_in_native, id=24052, stack(0x0000001782e00000,0x0000001782f00000)]
  0x0000019a0d71f800 JavaThread "Thread-20165" [_thread_in_native, id=17568, stack(0x0000001785300000,0x0000001785400000)]
  0x0000019a0d725800 JavaThread "Thread-20160" [_thread_in_native, id=11788, stack(0x0000001785600000,0x0000001785700000)]
  0x0000019a0d720800 JavaThread "Thread-20070" [_thread_in_native, id=24260, stack(0x0000001782e00000,0x0000001782f00000)]
  0x0000019a0d726800 JavaThread "Thread-20065" [_thread_in_native, id=7132, stack(0x0000001785a00000,0x0000001785b00000)]
  0x0000019a0d725000 JavaThread "Thread-20025" [_thread_in_native, id=1792, stack(0x0000001782e00000,0x0000001782f00000)]
  0x0000019a0d71f000 JavaThread "Thread-20018" [_thread_in_native, id=10724, stack(0x0000001785a00000,0x0000001785b00000)]
  0x0000019a0d722800 JavaThread "Thread-19883" [_thread_in_native, id=19880, stack(0x0000001785300000,0x0000001785400000)]
  0x0000019a0d723800 JavaThread "Thread-19873" [_thread_in_native, id=13604, stack(0x0000001785300000,0x0000001785400000)]
  0x0000019a0d721000 JavaThread "Thread-19845" [_thread_in_native, id=22764, stack(0x0000001785300000,0x0000001785400000)]
  0x0000019a0d724000 JavaThread "Thread-19839" [_thread_in_native, id=18628, stack(0x0000001782e00000,0x0000001782f00000)]
  0x0000019a02232000 JavaThread "Thread-19826" [_thread_in_native, id=8292, stack(0x0000001782e00000,0x0000001782f00000)]
  0x0000019a02226000 JavaThread "Thread-19707" [_thread_in_native, id=5012, stack(0x0000001786300000,0x0000001786400000)]
  0x0000019a0222c800 JavaThread "Thread-19184" [_thread_in_native, id=10216, stack(0x0000001786100000,0x0000001786200000)]
  0x0000019a02233800 JavaThread "Thread-19131" [_thread_in_native, id=16936, stack(0x0000001786100000,0x0000001786200000)]
  0x0000019a02231000 JavaThread "Swing-Shell" daemon [_thread_blocked, id=13400, stack(0x0000001784e00000,0x0000001785300000)]
  0x0000019a0222e000 JavaThread "SyntheticaAnimation 50" daemon [_thread_blocked, id=472, stack(0x0000001782300000,0x0000001782800000)]
  0x0000019a02225000 JavaThread "hw_ila_monitor" [_thread_blocked, id=4040, stack(0x0000001780f00000,0x0000001781400000)]
  0x0000019a0222c000 JavaThread "Update Runs Swing Worker" [_thread_blocked, id=12028, stack(0x0000001784900000,0x0000001784e00000)]
  0x0000019a5a893000 JavaThread "Refresh Filesets Swing Worker" [_thread_blocked, id=16696, stack(0x0000001784400000,0x0000001784900000)]
  0x0000019a5a892000 JavaThread "SyntheticaAnimation 70" daemon [_thread_blocked, id=23272, stack(0x0000001783f00000,0x0000001784400000)]
  0x0000019a5a896800 JavaThread "SyntheticaAnimation 25" daemon [_thread_blocked, id=21976, stack(0x0000001783a00000,0x0000001783f00000)]
  0x0000019a5a895000 JavaThread "SyntheticaAnimation 50" daemon [_thread_blocked, id=14944, stack(0x0000001783500000,0x0000001783a00000)]
  0x0000019a5a894800 JavaThread "Monitor HEventQueue" [_thread_blocked, id=12816, stack(0x0000001783000000,0x0000001783500000)]
  0x0000019a5a896000 JavaThread "Batik CleanerThread" daemon [_thread_blocked, id=4932, stack(0x0000001782800000,0x0000001782d00000)]
  0x0000019a5a891800 JavaThread "SyntheticaCleanerThread" daemon [_thread_blocked, id=20184, stack(0x0000001781400000,0x0000001781900000)]
  0x0000019a0007d000 JavaThread "AWT-EventQueue-1" [_thread_in_native, id=17888, stack(0x0000001781e00000,0x0000001782300000)]
  0x0000019a7eb64800 JavaThread "AWT-Shutdown" [_thread_blocked, id=20608, stack(0x0000001781900000,0x0000001781e00000)]
  0x0000019a7eb64000 JavaThread "Process Messages" [_thread_blocked, id=23412, stack(0x0000001780000000,0x0000001780500000)]
  0x0000019a5cb38000 JavaThread "Thread-1" [_thread_in_native, id=22488, stack(0x00000017fa300000,0x00000017fb700000)]
  0x0000019a7eaad800 JavaThread "TimerQueue" daemon [_thread_blocked, id=21520, stack(0x0000001780a00000,0x0000001780f00000)]
  0x0000019a5cd99000 JavaThread "AWT-Windows" daemon [_thread_in_native, id=17136, stack(0x0000001780500000,0x0000001780a00000)]
  0x0000019a5cb37800 JavaThread "Java2D Disposer" daemon [_thread_blocked, id=22532, stack(0x00000017ff700000,0x00000017ffc00000)]
  0x0000019a5907d000 JavaThread "Service Thread" daemon [_thread_blocked, id=19072, stack(0x00000017ff100000,0x00000017ff600000)]
  0x0000019a588a5800 JavaThread "Common-Cleaner" daemon [_thread_blocked, id=7892, stack(0x00000017fec00000,0x00000017ff100000)]
  0x0000019a5a897800 JavaThread "Sweeper thread" daemon [_thread_blocked, id=11452, stack(0x00000017fe700000,0x00000017fec00000)]
  0x0000019a57272000 JavaThread "C1 CompilerThread3" daemon [_thread_blocked, id=20960, stack(0x00000017fe600000,0x00000017fe700000)]
=>0x0000019a58796000 JavaThread "C2 CompilerThread2" daemon [_thread_in_native, id=19492, stack(0x00000017fe500000,0x00000017fe600000)]
  0x0000019a58795800 JavaThread "C2 CompilerThread1" daemon [_thread_blocked, id=12468, stack(0x00000017fe400000,0x00000017fe500000)]
  0x0000019a58493000 JavaThread "C2 CompilerThread0" daemon [_thread_blocked, id=10224, stack(0x00000017fe300000,0x00000017fe400000)]
  0x0000019a58492800 JavaThread "Attach Listener" daemon [_thread_blocked, id=22976, stack(0x00000017fde00000,0x00000017fe300000)]
  0x0000019a5a675800 JavaThread "Signal Dispatcher" daemon [_thread_blocked, id=23696, stack(0x00000017fd900000,0x00000017fde00000)]
  0x0000019a5c380000 JavaThread "Finalizer" daemon [_thread_blocked, id=19684, stack(0x00000017fd400000,0x00000017fd900000)]
  0x0000019a5c37f800 JavaThread "Reference Handler" daemon [_thread_blocked, id=8912, stack(0x00000017fcf00000,0x00000017fd400000)]
  0x0000019a5810d800 JavaThread "main" [_thread_blocked, id=10816, stack(0x00000017fb900000,0x00000017fba00000)]

Other Threads:
  0x0000019a5ae27000 VMThread "VM Thread" [stack: 0x00000017fce00000,0x00000017fcf00000] [id=2932]
  0x0000019a5c505800 WatcherThread [stack: 0x00000017ff600000,0x00000017ff700000] [id=6232]
  0x0000019a59f3f000 GCTaskThread "GC Thread#0" [stack: 0x00000017fba00000,0x00000017fbb00000] [id=24248]
  0x0000019a59f3e000 GCTaskThread "GC Thread#1" [stack: 0x00000017fbb00000,0x00000017fbc00000] [id=8960]
  0x0000019a59f3e800 GCTaskThread "GC Thread#2" [stack: 0x00000017fbc00000,0x00000017fbd00000] [id=22656]
  0x0000019a59f40000 GCTaskThread "GC Thread#3" [stack: 0x00000017fbd00000,0x00000017fbe00000] [id=18532]
  0x0000019a59f3d800 GCTaskThread "GC Thread#4" [stack: 0x00000017fbe00000,0x00000017fbf00000] [id=12920]
  0x0000019a59f40800 GCTaskThread "GC Thread#5" [stack: 0x00000017fbf00000,0x00000017fc000000] [id=23512]
  0x0000019a57260800 GCTaskThread "GC Thread#6" [stack: 0x00000017fc000000,0x00000017fc100000] [id=5700]
  0x0000019a5725e000 GCTaskThread "GC Thread#7" [stack: 0x00000017fc100000,0x00000017fc200000] [id=9964]
  0x0000019a57514800 ConcurrentGCThread "G1 Main Marker" [stack: 0x00000017fcb00000,0x00000017fcc00000] [id=17536]
  0x0000019a5725f000 ConcurrentGCThread "G1 Marker#0" [stack: 0x00000017fcc00000,0x00000017fcd00000] [id=18272]
  0x0000019a57260000 ConcurrentGCThread "G1 Marker#1" [stack: 0x00000017fcd00000,0x00000017fce00000] [id=16564]
  0x0000019a5748f800 ConcurrentGCThread "G1 Refine#0" [stack: 0x00000017fc900000,0x00000017fca00000] [id=19088]
  0x0000019a5748f000 ConcurrentGCThread "G1 Refine#1" [stack: 0x00000017fc800000,0x00000017fc900000] [id=12616]
  0x0000019a58f10000 ConcurrentGCThread "G1 Refine#2" [stack: 0x00000017fc700000,0x00000017fc800000] [id=21620]
  0x0000019a59033800 ConcurrentGCThread "G1 Refine#3" [stack: 0x00000017fc600000,0x00000017fc700000] [id=11380]
  0x0000019a588a8800 ConcurrentGCThread "G1 Refine#4" [stack: 0x00000017fc500000,0x00000017fc600000] [id=4436]
  0x0000019a577f5800 ConcurrentGCThread "G1 Refine#5" [stack: 0x00000017fc400000,0x00000017fc500000] [id=21692]
  0x0000019a582cf000 ConcurrentGCThread "G1 Refine#6" [stack: 0x00000017fc300000,0x00000017fc400000] [id=15024]
  0x0000019a58497000 ConcurrentGCThread "G1 Refine#7" [stack: 0x00000017fc200000,0x00000017fc300000] [id=18052]
  0x0000019a5a55a000 ConcurrentGCThread "G1 Young RemSet Sampling" [stack: 0x00000017fca00000,0x00000017fcb00000] [id=6684]

Threads with active compile tasks:
C2 CompilerThread228983   !   4       com.jidesoft.editor.CodeEditor::_offsetToX (1606 bytes)

VM state:not at safepoint (normal execution)

VM Mutex/Monitor currently owned by a thread: None

Heap address: 0x0000000700000000, size: 3072 MB, Compressed Oops mode: Zero based, Oop shift amount: 3
Narrow klass base: 0x0000000000000000, Narrow klass shift: 3
Compressed class space size: 1073741824 Address: 0x00000007c0000000

Heap:
 garbage-first heap   total 272384K, used 105624K [0x0000000700000000, 0x0000000700100850, 0x00000007c0000000)
  region size 1024K, 21 young (21504K), 1 survivors (1024K)
 Metaspace       used 86502K, capacity 88356K, committed 92336K, reserved 1130496K
  class space    used 11218K, capacity 11638K, committed 12464K, reserved 1048576K
Heap Regions: E=young(eden), S=young(survivor), O=old, HS=humongous(starts), HC=humongous(continues), CS=collection set, F=free, A=archive, TS=gc time stamp, AC=allocation context, TAMS=top-at-mark-start (previous, next)
|   0|0x0000000700000000, 0x00000007000f6ab8, 0x0000000700100000| 96%| O|  |TS  0|AC  0|TAMS 0x0000000700000000, 0x0000000700000000|
|   1|0x0000000700100000, 0x0000000700200000, 0x0000000700200000|100%|HS|  |TS  0|AC  0|TAMS 0x0000000700100000, 0x0000000700100000|
|   2|0x0000000700200000, 0x0000000700300000, 0x0000000700300000|100%|HC|  |TS  0|AC  0|TAMS 0x0000000700200000, 0x0000000700200000|
|   3|0x0000000700300000, 0x0000000700400000, 0x0000000700400000|100%|HS|  |TS  0|AC  0|TAMS 0x0000000700300000, 0x0000000700300000|
|   4|0x0000000700400000, 0x00000007004ffff8, 0x0000000700500000| 99%| O|  |TS  0|AC  0|TAMS 0x0000000700400000, 0x0000000700400000|
|   5|0x0000000700500000, 0x00000007005fffe8, 0x0000000700600000| 99%| O|  |TS  0|AC  0|TAMS 0x0000000700500000, 0x0000000700500000|
|   6|0x0000000700600000, 0x00000007006f8300, 0x0000000700700000| 96%| O|  |TS  0|AC  0|TAMS 0x0000000700600000, 0x0000000700600000|
|   7|0x0000000700700000, 0x00000007007ffff8, 0x0000000700800000| 99%| O|  |TS  0|AC  0|TAMS 0x0000000700700000, 0x0000000700700000|
|   8|0x0000000700800000, 0x00000007008fffa8, 0x0000000700900000| 99%| O|  |TS  0|AC  0|TAMS 0x0000000700800000, 0x0000000700800000|
|   9|0x0000000700900000, 0x00000007009f8848, 0x0000000700a00000| 97%| O|  |TS  0|AC  0|TAMS 0x0000000700900000, 0x0000000700900000|
|  10|0x0000000700a00000, 0x0000000700ada348, 0x0000000700b00000| 85%| O|  |TS  0|AC  0|TAMS 0x0000000700a00000, 0x0000000700a00000|
|  11|0x0000000700b00000, 0x0000000700c00000, 0x0000000700c00000|100%|HS|  |TS  0|AC  0|TAMS 0x0000000700b00000, 0x0000000700b00000|
|  12|0x0000000700c00000, 0x0000000700d00000, 0x0000000700d00000|100%|HC|  |TS  0|AC  0|TAMS 0x0000000700c00000, 0x0000000700c00000|
|  13|0x0000000700d00000, 0x0000000700dfb7a8, 0x0000000700e00000| 98%| O|  |TS  0|AC  0|TAMS 0x0000000700d00000, 0x0000000700d00000|
|  14|0x0000000700e00000, 0x0000000700ecfcb0, 0x0000000700f00000| 81%| O|  |TS  0|AC  0|TAMS 0x0000000700e00000, 0x0000000700e00000|
|  15|0x0000000700f00000, 0x0000000700fde390, 0x0000000701000000| 86%| O|  |TS  0|AC  0|TAMS 0x0000000700f00000, 0x0000000700f00000|
|  16|0x0000000701000000, 0x0000000701100000, 0x0000000701100000|100%| O|  |TS  0|AC  0|TAMS 0x0000000701000000, 0x0000000701000000|
|  17|0x0000000701100000, 0x00000007011fffd0, 0x0000000701200000| 99%| O|  |TS  0|AC  0|TAMS 0x0000000701100000, 0x0000000701100000|
|  18|0x0000000701200000, 0x00000007012ffff8, 0x0000000701300000| 99%| O|  |TS  0|AC  0|TAMS 0x0000000701200000, 0x0000000701200000|
|  19|0x0000000701300000, 0x00000007013ffff8, 0x0000000701400000| 99%| O|  |TS  0|AC  0|TAMS 0x0000000701300000, 0x0000000701300000|
|  20|0x0000000701400000, 0x0000000701500000, 0x0000000701500000|100%|HS|  |TS  0|AC  0|TAMS 0x0000000701400000, 0x0000000701400000|
|  21|0x0000000701500000, 0x00000007015ffff8, 0x0000000701600000| 99%| O|  |TS  0|AC  0|TAMS 0x0000000701500000, 0x0000000701500000|
|  22|0x0000000701600000, 0x00000007016ffff8, 0x0000000701700000| 99%| O|  |TS  0|AC  0|TAMS 0x0000000701600000, 0x0000000701600000|
|  23|0x0000000701700000, 0x00000007017ffff0, 0x0000000701800000| 99%| O|  |TS  0|AC  0|TAMS 0x0000000701700000, 0x0000000701700000|
|  24|0x0000000701800000, 0x00000007018ffc20, 0x0000000701900000| 99%| O|  |TS  0|AC  0|TAMS 0x0000000701800000, 0x0000000701800000|
|  25|0x0000000701900000, 0x00000007019ffff8, 0x0000000701a00000| 99%| O|  |TS  0|AC  0|TAMS 0x0000000701900000, 0x0000000701900000|
|  26|0x0000000701a00000, 0x0000000701afffb8, 0x0000000701b00000| 99%| O|  |TS  0|AC  0|TAMS 0x0000000701a00000, 0x0000000701a00000|
|  27|0x0000000701b00000, 0x0000000701bffff8, 0x0000000701c00000| 99%| O|  |TS  0|AC  0|TAMS 0x0000000701b00000, 0x0000000701b00000|
|  28|0x0000000701c00000, 0x0000000701cffff8, 0x0000000701d00000| 99%| O|  |TS  0|AC  0|TAMS 0x0000000701c00000, 0x0000000701c00000|
|  29|0x0000000701d00000, 0x0000000701dffff8, 0x0000000701e00000| 99%| O|  |TS  0|AC  0|TAMS 0x0000000701d00000, 0x0000000701d00000|
|  30|0x0000000701e00000, 0x0000000701efffc0, 0x0000000701f00000| 99%| O|  |TS  0|AC  0|TAMS 0x0000000701e00000, 0x0000000701e00000|
|  31|0x0000000701f00000, 0x0000000701fffff8, 0x0000000702000000| 99%| O|  |TS  0|AC  0|TAMS 0x0000000701f00000, 0x0000000701f00000|
|  32|0x0000000702000000, 0x00000007020fffd8, 0x0000000702100000| 99%| O|  |TS  0|AC  0|TAMS 0x0000000702000000, 0x0000000702000000|
|  33|0x0000000702100000, 0x00000007021fffe0, 0x0000000702200000| 99%| O|  |TS  0|AC  0|TAMS 0x0000000702100000, 0x0000000702100000|
|  34|0x0000000702200000, 0x0000000702300000, 0x0000000702300000|100%| O|  |TS  0|AC  0|TAMS 0x0000000702200000, 0x0000000702200000|
|  35|0x0000000702300000, 0x00000007023fffe0, 0x0000000702400000| 99%| O|  |TS  0|AC  0|TAMS 0x0000000702300000, 0x0000000702300000|
|  36|0x0000000702400000, 0x00000007024ff908, 0x0000000702500000| 99%| O|  |TS  0|AC  0|TAMS 0x0000000702400000, 0x0000000702400000|
|  37|0x0000000702500000, 0x00000007025ffff8, 0x0000000702600000| 99%| O|  |TS  0|AC  0|TAMS 0x0000000702500000, 0x0000000702500000|
|  38|0x0000000702600000, 0x00000007026ffc78, 0x0000000702700000| 99%| O|  |TS  0|AC  0|TAMS 0x0000000702600000, 0x0000000702600000|
|  39|0x0000000702700000, 0x0000000702800000, 0x0000000702800000|100%|HS|  |TS  0|AC  0|TAMS 0x0000000702700000, 0x0000000702700000|
|  40|0x0000000702800000, 0x0000000702900000, 0x0000000702900000|100%|HC|  |TS  0|AC  0|TAMS 0x0000000702800000, 0x0000000702800000|
|  41|0x0000000702900000, 0x0000000702a00000, 0x0000000702a00000|100%|HC|  |TS  0|AC  0|TAMS 0x0000000702900000, 0x0000000702900000|
|  42|0x0000000702a00000, 0x0000000702b00000, 0x0000000702b00000|100%|HC|  |TS  0|AC  0|TAMS 0x0000000702a00000, 0x0000000702a00000|
|  43|0x0000000702b00000, 0x0000000702c00000, 0x0000000702c00000|100%|HC|  |TS  0|AC  0|TAMS 0x0000000702b00000, 0x0000000702b00000|
|  44|0x0000000702c00000, 0x0000000702d00000, 0x0000000702d00000|100%|HC|  |TS  0|AC  0|TAMS 0x0000000702c00000, 0x0000000702c00000|
|  45|0x0000000702d00000, 0x0000000702e00000, 0x0000000702e00000|100%|HC|  |TS  0|AC  0|TAMS 0x0000000702d00000, 0x0000000702d00000|
|  46|0x0000000702e00000, 0x0000000702f00000, 0x0000000702f00000|100%|HC|  |TS  0|AC  0|TAMS 0x0000000702e00000, 0x0000000702e00000|
|  47|0x0000000702f00000, 0x0000000703000000, 0x0000000703000000|100%|HC|  |TS  0|AC  0|TAMS 0x0000000702f00000, 0x0000000702f00000|
|  48|0x0000000703000000, 0x0000000703100000, 0x0000000703100000|100%|HC|  |TS  0|AC  0|TAMS 0x0000000703000000, 0x0000000703000000|
|  49|0x0000000703100000, 0x0000000703200000, 0x0000000703200000|100%|HC|  |TS  0|AC  0|TAMS 0x0000000703100000, 0x0000000703100000|
|  50|0x0000000703200000, 0x00000007032fffe8, 0x0000000703300000| 99%| O|  |TS  0|AC  0|TAMS 0x0000000703200000, 0x0000000703200000|
|  51|0x0000000703300000, 0x00000007033ffff8, 0x0000000703400000| 99%| O|  |TS  0|AC  0|TAMS 0x0000000703300000, 0x0000000703300000|
|  52|0x0000000703400000, 0x00000007034ffff0, 0x0000000703500000| 99%| O|  |TS  0|AC  0|TAMS 0x0000000703400000, 0x0000000703400000|
|  53|0x0000000703500000, 0x00000007035ffff0, 0x0000000703600000| 99%| O|  |TS  0|AC  0|TAMS 0x0000000703500000, 0x0000000703500000|
|  54|0x0000000703600000, 0x0000000703700000, 0x0000000703700000|100%|HS|  |TS  0|AC  0|TAMS 0x0000000703600000, 0x0000000703600000|
|  55|0x0000000703700000, 0x00000007037fff18, 0x0000000703800000| 99%| O|  |TS  0|AC  0|TAMS 0x0000000703700000, 0x0000000703700000|
|  56|0x0000000703800000, 0x00000007038fffe8, 0x0000000703900000| 99%| O|  |TS  0|AC  0|TAMS 0x0000000703800000, 0x0000000703800000|
|  57|0x0000000703900000, 0x0000000703a00000, 0x0000000703a00000|100%|HS|  |TS  0|AC  0|TAMS 0x0000000703900000, 0x0000000703900000|
|  58|0x0000000703a00000, 0x0000000703afff50, 0x0000000703b00000| 99%| O|  |TS  0|AC  0|TAMS 0x0000000703a00000, 0x0000000703a00000|
|  59|0x0000000703b00000, 0x0000000703bffff0, 0x0000000703c00000| 99%| O|  |TS  0|AC  0|TAMS 0x0000000703b00000, 0x0000000703b00000|
|  60|0x0000000703c00000, 0x0000000703cffff8, 0x0000000703d00000| 99%| O|  |TS  0|AC  0|TAMS 0x0000000703c00000, 0x0000000703c00000|
|  61|0x0000000703d00000, 0x0000000703dffff0, 0x0000000703e00000| 99%| O|  |TS  0|AC  0|TAMS 0x0000000703d00000, 0x0000000703d00000|
|  62|0x0000000703e00000, 0x0000000703efa6a0, 0x0000000703f00000| 97%| O|  |TS  0|AC  0|TAMS 0x0000000703e00000, 0x0000000703e00000|
|  63|0x0000000703f00000, 0x0000000703fffff0, 0x0000000704000000| 99%| O|  |TS  0|AC  0|TAMS 0x0000000703f00000, 0x0000000703f00000|
|  64|0x0000000704000000, 0x00000007040ffeb8, 0x0000000704100000| 99%| O|  |TS  0|AC  0|TAMS 0x0000000704000000, 0x0000000704000000|
|  65|0x0000000704100000, 0x00000007041ffff0, 0x0000000704200000| 99%| O|  |TS  0|AC  0|TAMS 0x0000000704100000, 0x0000000704100000|
|  66|0x0000000704200000, 0x00000007042fffe0, 0x0000000704300000| 99%| O|  |TS  0|AC  0|TAMS 0x0000000704200000, 0x0000000704200000|
|  67|0x0000000704300000, 0x00000007043ffff0, 0x0000000704400000| 99%| O|  |TS  0|AC  0|TAMS 0x0000000704300000, 0x0000000704300000|
|  68|0x0000000704400000, 0x00000007044ffeb8, 0x0000000704500000| 99%| O|  |TS  0|AC  0|TAMS 0x0000000704400000, 0x0000000704400000|
|  69|0x0000000704500000, 0x00000007045ffff0, 0x0000000704600000| 99%| O|  |TS  0|AC  0|TAMS 0x0000000704500000, 0x0000000704500000|
|  70|0x0000000704600000, 0x00000007046fffa0, 0x0000000704700000| 99%| O|  |TS  0|AC  0|TAMS 0x0000000704600000, 0x0000000704600000|
|  71|0x0000000704700000, 0x00000007047fffe8, 0x0000000704800000| 99%| O|  |TS  0|AC  0|TAMS 0x0000000704700000, 0x0000000704700000|
|  72|0x0000000704800000, 0x00000007048fff90, 0x0000000704900000| 99%| O|  |TS  0|AC  0|TAMS 0x0000000704800000, 0x0000000704800000|
|  73|0x0000000704900000, 0x00000007049ffff8, 0x0000000704a00000| 99%| O|  |TS  0|AC  0|TAMS 0x0000000704900000, 0x0000000704900000|
|  74|0x0000000704a00000, 0x0000000704affff0, 0x0000000704b00000| 99%| O|  |TS  0|AC  0|TAMS 0x0000000704a00000, 0x0000000704a00000|
|  75|0x0000000704b00000, 0x0000000704bfffe8, 0x0000000704c00000| 99%| O|  |TS  0|AC  0|TAMS 0x0000000704b00000, 0x0000000704b00000|
|  76|0x0000000704c00000, 0x0000000704c09998, 0x0000000704d00000|  3%| O|  |TS  0|AC  0|TAMS 0x0000000704c00000, 0x0000000704c00000|
|  77|0x0000000704d00000, 0x0000000704e00000, 0x0000000704e00000|100%| O|  |TS 63|AC  0|TAMS 0x0000000704d00000, 0x0000000704d00000|
|  78|0x0000000704e00000, 0x0000000704edd200, 0x0000000704f00000| 86%| O|  |TS123|AC  0|TAMS 0x0000000704e00000, 0x0000000704e00000|
|  79|0x0000000704f00000, 0x0000000705000000, 0x0000000705000000|100%|HS|  |TS  0|AC  0|TAMS 0x0000000704f00000, 0x0000000704f00000|
|  80|0x0000000705000000, 0x0000000705100000, 0x0000000705100000|100%|HC|  |TS  0|AC  0|TAMS 0x0000000705000000, 0x0000000705000000|
|  81|0x0000000705100000, 0x0000000705200000, 0x0000000705200000|100%|HS|  |TS  0|AC  0|TAMS 0x0000000705100000, 0x0000000705100000|
|  82|0x0000000705200000, 0x0000000705300000, 0x0000000705300000|100%|HC|  |TS  0|AC  0|TAMS 0x0000000705200000, 0x0000000705200000|
|  83|0x0000000705300000, 0x0000000705400000, 0x0000000705400000|100%|HC|  |TS  0|AC  0|TAMS 0x0000000705300000, 0x0000000705300000|
|  84|0x0000000705400000, 0x0000000705500000, 0x0000000705500000|100%|HS|  |TS  0|AC  0|TAMS 0x0000000705400000, 0x0000000705400000|
|  85|0x0000000705500000, 0x0000000705500000, 0x0000000705600000|  0%| F|  |TS  0|AC  0|TAMS 0x0000000705500000, 0x0000000705500000|
|  86|0x0000000705600000, 0x0000000705600000, 0x0000000705700000|  0%| F|  |TS  0|AC  0|TAMS 0x0000000705600000, 0x0000000705600000|
|  87|0x0000000705700000, 0x0000000705700000, 0x0000000705800000|  0%| F|  |TS  0|AC  0|TAMS 0x0000000705700000, 0x0000000705700000|
|  88|0x0000000705800000, 0x0000000705800000, 0x0000000705900000|  0%| F|  |TS  0|AC  0|TAMS 0x0000000705800000, 0x0000000705800000|
|  89|0x0000000705900000, 0x0000000705900000, 0x0000000705a00000|  0%| F|  |TS  0|AC  0|TAMS 0x0000000705900000, 0x0000000705900000|
|  90|0x0000000705a00000, 0x0000000705a00000, 0x0000000705b00000|  0%| F|  |TS  0|AC  0|TAMS 0x0000000705a00000, 0x0000000705a00000|
|  91|0x0000000705b00000, 0x0000000705b00000, 0x0000000705c00000|  0%| F|  |TS  0|AC  0|TAMS 0x0000000705b00000, 0x0000000705b00000|
|  92|0x0000000705c00000, 0x0000000705c00000, 0x0000000705d00000|  0%| F|  |TS  0|AC  0|TAMS 0x0000000705c00000, 0x0000000705c00000|
|  93|0x0000000705d00000, 0x0000000705d00000, 0x0000000705e00000|  0%| F|  |TS  0|AC  0|TAMS 0x0000000705d00000, 0x0000000705d00000|
|  94|0x0000000705e00000, 0x0000000705e00000, 0x0000000705f00000|  0%| F|  |TS  0|AC  0|TAMS 0x0000000705e00000, 0x0000000705e00000|
|  95|0x0000000705f00000, 0x0000000705f00000, 0x0000000706000000|  0%| F|  |TS  0|AC  0|TAMS 0x0000000705f00000, 0x0000000705f00000|
|  96|0x0000000706000000, 0x0000000706000000, 0x0000000706100000|  0%| F|  |TS  0|AC  0|TAMS 0x0000000706000000, 0x0000000706000000|
|  97|0x0000000706100000, 0x0000000706100000, 0x0000000706200000|  0%| F|  |TS  0|AC  0|TAMS 0x0000000706100000, 0x0000000706100000|
|  98|0x0000000706200000, 0x0000000706200000, 0x0000000706300000|  0%| F|  |TS  0|AC  0|TAMS 0x0000000706200000, 0x0000000706200000|
|  99|0x0000000706300000, 0x0000000706300000, 0x0000000706400000|  0%| F|  |TS  0|AC  0|TAMS 0x0000000706300000, 0x0000000706300000|
| 100|0x0000000706400000, 0x0000000706400000, 0x0000000706500000|  0%| F|  |TS  0|AC  0|TAMS 0x0000000706400000, 0x0000000706400000|
| 101|0x0000000706500000, 0x0000000706500000, 0x0000000706600000|  0%| F|  |TS  0|AC  0|TAMS 0x0000000706500000, 0x0000000706500000|
| 102|0x0000000706600000, 0x0000000706600000, 0x0000000706700000|  0%| F|  |TS  0|AC  0|TAMS 0x0000000706600000, 0x0000000706600000|
| 103|0x0000000706700000, 0x0000000706700000, 0x0000000706800000|  0%| F|  |TS  0|AC  0|TAMS 0x0000000706700000, 0x0000000706700000|
| 104|0x0000000706800000, 0x0000000706800000, 0x0000000706900000|  0%| F|  |TS  0|AC  0|TAMS 0x0000000706800000, 0x0000000706800000|
| 105|0x0000000706900000, 0x0000000706900000, 0x0000000706a00000|  0%| F|  |TS  0|AC  0|TAMS 0x0000000706900000, 0x0000000706900000|
| 106|0x0000000706a00000, 0x0000000706a00000, 0x0000000706b00000|  0%| F|  |TS  0|AC  0|TAMS 0x0000000706a00000, 0x0000000706a00000|
| 107|0x0000000706b00000, 0x0000000706b00000, 0x0000000706c00000|  0%| F|  |TS  0|AC  0|TAMS 0x0000000706b00000, 0x0000000706b00000|
| 108|0x0000000706c00000, 0x0000000706c00000, 0x0000000706d00000|  0%| F|  |TS  0|AC  0|TAMS 0x0000000706c00000, 0x0000000706c00000|
| 109|0x0000000706d00000, 0x0000000706d00000, 0x0000000706e00000|  0%| F|  |TS  0|AC  0|TAMS 0x0000000706d00000, 0x0000000706d00000|
| 110|0x0000000706e00000, 0x0000000706e00000, 0x0000000706f00000|  0%| F|  |TS  0|AC  0|TAMS 0x0000000706e00000, 0x0000000706e00000|
| 111|0x0000000706f00000, 0x0000000706f00000, 0x0000000707000000|  0%| F|  |TS  0|AC  0|TAMS 0x0000000706f00000, 0x0000000706f00000|
| 112|0x0000000707000000, 0x0000000707000000, 0x0000000707100000|  0%| F|  |TS  0|AC  0|TAMS 0x0000000707000000, 0x0000000707000000|
| 113|0x0000000707100000, 0x0000000707100000, 0x0000000707200000|  0%| F|  |TS  0|AC  0|TAMS 0x0000000707100000, 0x0000000707100000|
| 114|0x0000000707200000, 0x0000000707200000, 0x0000000707300000|  0%| F|  |TS  0|AC  0|TAMS 0x0000000707200000, 0x0000000707200000|
| 115|0x0000000707300000, 0x0000000707300000, 0x0000000707400000|  0%| F|  |TS  0|AC  0|TAMS 0x0000000707300000, 0x0000000707300000|
| 116|0x0000000707400000, 0x0000000707400000, 0x0000000707500000|  0%| F|  |TS  0|AC  0|TAMS 0x0000000707400000, 0x0000000707400000|
| 117|0x0000000707500000, 0x0000000707500000, 0x0000000707600000|  0%| F|  |TS  0|AC  0|TAMS 0x0000000707500000, 0x0000000707500000|
| 118|0x0000000707600000, 0x0000000707600000, 0x0000000707700000|  0%| F|  |TS  0|AC  0|TAMS 0x0000000707600000, 0x0000000707600000|
| 119|0x0000000707700000, 0x0000000707700000, 0x0000000707800000|  0%| F|  |TS  0|AC  0|TAMS 0x0000000707700000, 0x0000000707700000|
| 120|0x0000000707800000, 0x0000000707800000, 0x0000000707900000|  0%| F|  |TS  0|AC  0|TAMS 0x0000000707800000, 0x0000000707800000|
| 121|0x0000000707900000, 0x0000000707900000, 0x0000000707a00000|  0%| F|  |TS  0|AC  0|TAMS 0x0000000707900000, 0x0000000707900000|
| 122|0x0000000707a00000, 0x0000000707a00000, 0x0000000707b00000|  0%| F|  |TS  0|AC  0|TAMS 0x0000000707a00000, 0x0000000707a00000|
| 123|0x0000000707b00000, 0x0000000707b00000, 0x0000000707c00000|  0%| F|  |TS  0|AC  0|TAMS 0x0000000707b00000, 0x0000000707b00000|
| 124|0x0000000707c00000, 0x0000000707c00000, 0x0000000707d00000|  0%| F|  |TS  0|AC  0|TAMS 0x0000000707c00000, 0x0000000707c00000|
| 125|0x0000000707d00000, 0x0000000707d00000, 0x0000000707e00000|  0%| F|  |TS  0|AC  0|TAMS 0x0000000707d00000, 0x0000000707d00000|
| 126|0x0000000707e00000, 0x0000000707e00000, 0x0000000707f00000|  0%| F|  |TS  0|AC  0|TAMS 0x0000000707e00000, 0x0000000707e00000|
| 127|0x0000000707f00000, 0x0000000707f00000, 0x0000000708000000|  0%| F|  |TS  0|AC  0|TAMS 0x0000000707f00000, 0x0000000707f00000|
| 128|0x0000000708000000, 0x0000000708000000, 0x0000000708100000|  0%| F|  |TS  0|AC  0|TAMS 0x0000000708000000, 0x0000000708000000|
| 129|0x0000000708100000, 0x0000000708100000, 0x0000000708200000|  0%| F|  |TS  0|AC  0|TAMS 0x0000000708100000, 0x0000000708100000|
| 130|0x0000000708200000, 0x0000000708200000, 0x0000000708300000|  0%| F|  |TS  0|AC  0|TAMS 0x0000000708200000, 0x0000000708200000|
| 131|0x0000000708300000, 0x0000000708300000, 0x0000000708400000|  0%| F|  |TS  0|AC  0|TAMS 0x0000000708300000, 0x0000000708300000|
| 132|0x0000000708400000, 0x0000000708400000, 0x0000000708500000|  0%| F|  |TS  0|AC  0|TAMS 0x0000000708400000, 0x0000000708400000|
| 133|0x0000000708500000, 0x0000000708500000, 0x0000000708600000|  0%| F|  |TS  0|AC  0|TAMS 0x0000000708500000, 0x0000000708500000|
| 134|0x0000000708600000, 0x0000000708600000, 0x0000000708700000|  0%| F|  |TS  0|AC  0|TAMS 0x0000000708600000, 0x0000000708600000|
| 135|0x0000000708700000, 0x0000000708700000, 0x0000000708800000|  0%| F|  |TS  0|AC  0|TAMS 0x0000000708700000, 0x0000000708700000|
| 136|0x0000000708800000, 0x0000000708800000, 0x0000000708900000|  0%| F|  |TS  0|AC  0|TAMS 0x0000000708800000, 0x0000000708800000|
| 137|0x0000000708900000, 0x0000000708900000, 0x0000000708a00000|  0%| F|  |TS  0|AC  0|TAMS 0x0000000708900000, 0x0000000708900000|
| 138|0x0000000708a00000, 0x0000000708a00000, 0x0000000708b00000|  0%| F|  |TS  0|AC  0|TAMS 0x0000000708a00000, 0x0000000708a00000|
| 139|0x0000000708b00000, 0x0000000708b00000, 0x0000000708c00000|  0%| F|  |TS  0|AC  0|TAMS 0x0000000708b00000, 0x0000000708b00000|
| 140|0x0000000708c00000, 0x0000000708c00000, 0x0000000708d00000|  0%| F|  |TS  0|AC  0|TAMS 0x0000000708c00000, 0x0000000708c00000|
| 141|0x0000000708d00000, 0x0000000708d00000, 0x0000000708e00000|  0%| F|  |TS  0|AC  0|TAMS 0x0000000708d00000, 0x0000000708d00000|
| 142|0x0000000708e00000, 0x0000000708e00000, 0x0000000708f00000|  0%| F|  |TS  0|AC  0|TAMS 0x0000000708e00000, 0x0000000708e00000|
| 143|0x0000000708f00000, 0x0000000708f00000, 0x0000000709000000|  0%| F|  |TS  0|AC  0|TAMS 0x0000000708f00000, 0x0000000708f00000|
| 144|0x0000000709000000, 0x0000000709000000, 0x0000000709100000|  0%| F|  |TS  0|AC  0|TAMS 0x0000000709000000, 0x0000000709000000|
| 145|0x0000000709100000, 0x0000000709100000, 0x0000000709200000|  0%| F|  |TS  0|AC  0|TAMS 0x0000000709100000, 0x0000000709100000|
| 146|0x0000000709200000, 0x0000000709200000, 0x0000000709300000|  0%| F|  |TS  0|AC  0|TAMS 0x0000000709200000, 0x0000000709200000|
| 147|0x0000000709300000, 0x0000000709300000, 0x0000000709400000|  0%| F|  |TS  0|AC  0|TAMS 0x0000000709300000, 0x0000000709300000|
| 148|0x0000000709400000, 0x0000000709400000, 0x0000000709500000|  0%| F|  |TS  0|AC  0|TAMS 0x0000000709400000, 0x0000000709400000|
| 149|0x0000000709500000, 0x0000000709500000, 0x0000000709600000|  0%| F|  |TS  0|AC  0|TAMS 0x0000000709500000, 0x0000000709500000|
| 150|0x0000000709600000, 0x0000000709600000, 0x0000000709700000|  0%| F|  |TS  0|AC  0|TAMS 0x0000000709600000, 0x0000000709600000|
| 151|0x0000000709700000, 0x0000000709700000, 0x0000000709800000|  0%| F|  |TS  0|AC  0|TAMS 0x0000000709700000, 0x0000000709700000|
| 152|0x0000000709800000, 0x0000000709800000, 0x0000000709900000|  0%| F|  |TS  0|AC  0|TAMS 0x0000000709800000, 0x0000000709800000|
| 153|0x0000000709900000, 0x0000000709900000, 0x0000000709a00000|  0%| F|  |TS  0|AC  0|TAMS 0x0000000709900000, 0x0000000709900000|
| 154|0x0000000709a00000, 0x0000000709a00000, 0x0000000709b00000|  0%| F|  |TS  0|AC  0|TAMS 0x0000000709a00000, 0x0000000709a00000|
| 155|0x0000000709b00000, 0x0000000709b00000, 0x0000000709c00000|  0%| F|  |TS  0|AC  0|TAMS 0x0000000709b00000, 0x0000000709b00000|
| 156|0x0000000709c00000, 0x0000000709c00000, 0x0000000709d00000|  0%| F|  |TS  0|AC  0|TAMS 0x0000000709c00000, 0x0000000709c00000|
| 157|0x0000000709d00000, 0x0000000709d00000, 0x0000000709e00000|  0%| F|  |TS  0|AC  0|TAMS 0x0000000709d00000, 0x0000000709d00000|
| 158|0x0000000709e00000, 0x0000000709e00000, 0x0000000709f00000|  0%| F|  |TS  0|AC  0|TAMS 0x0000000709e00000, 0x0000000709e00000|
| 159|0x0000000709f00000, 0x0000000709f00000, 0x000000070a000000|  0%| F|  |TS  0|AC  0|TAMS 0x0000000709f00000, 0x0000000709f00000|
| 160|0x000000070a000000, 0x000000070a000000, 0x000000070a100000|  0%| F|  |TS  0|AC  0|TAMS 0x000000070a000000, 0x000000070a000000|
| 161|0x000000070a100000, 0x000000070a100000, 0x000000070a200000|  0%| F|  |TS  0|AC  0|TAMS 0x000000070a100000, 0x000000070a100000|
| 162|0x000000070a200000, 0x000000070a200000, 0x000000070a300000|  0%| F|  |TS  0|AC  0|TAMS 0x000000070a200000, 0x000000070a200000|
| 163|0x000000070a300000, 0x000000070a300000, 0x000000070a400000|  0%| F|  |TS  0|AC  0|TAMS 0x000000070a300000, 0x000000070a300000|
| 164|0x000000070a400000, 0x000000070a400000, 0x000000070a500000|  0%| F|  |TS  0|AC  0|TAMS 0x000000070a400000, 0x000000070a400000|
| 165|0x000000070a500000, 0x000000070a500000, 0x000000070a600000|  0%| F|  |TS  0|AC  0|TAMS 0x000000070a500000, 0x000000070a500000|
| 166|0x000000070a600000, 0x000000070a600000, 0x000000070a700000|  0%| F|  |TS  0|AC  0|TAMS 0x000000070a600000, 0x000000070a600000|
| 167|0x000000070a700000, 0x000000070a700000, 0x000000070a800000|  0%| F|  |TS  0|AC  0|TAMS 0x000000070a700000, 0x000000070a700000|
| 168|0x000000070a800000, 0x000000070a800000, 0x000000070a900000|  0%| F|  |TS  0|AC  0|TAMS 0x000000070a800000, 0x000000070a800000|
| 169|0x000000070a900000, 0x000000070a900000, 0x000000070aa00000|  0%| F|  |TS  0|AC  0|TAMS 0x000000070a900000, 0x000000070a900000|
| 170|0x000000070aa00000, 0x000000070aa00000, 0x000000070ab00000|  0%| F|  |TS  0|AC  0|TAMS 0x000000070aa00000, 0x000000070aa00000|
| 171|0x000000070ab00000, 0x000000070ab00000, 0x000000070ac00000|  0%| F|  |TS  0|AC  0|TAMS 0x000000070ab00000, 0x000000070ab00000|
| 172|0x000000070ac00000, 0x000000070ac00000, 0x000000070ad00000|  0%| F|  |TS  0|AC  0|TAMS 0x000000070ac00000, 0x000000070ac00000|
| 173|0x000000070ad00000, 0x000000070ad00000, 0x000000070ae00000|  0%| F|  |TS  0|AC  0|TAMS 0x000000070ad00000, 0x000000070ad00000|
| 174|0x000000070ae00000, 0x000000070ae00000, 0x000000070af00000|  0%| F|  |TS  0|AC  0|TAMS 0x000000070ae00000, 0x000000070ae00000|
| 175|0x000000070af00000, 0x000000070af00000, 0x000000070b000000|  0%| F|  |TS  0|AC  0|TAMS 0x000000070af00000, 0x000000070af00000|
| 176|0x000000070b000000, 0x000000070b000000, 0x000000070b100000|  0%| F|  |TS  0|AC  0|TAMS 0x000000070b000000, 0x000000070b000000|
| 177|0x000000070b100000, 0x000000070b100000, 0x000000070b200000|  0%| F|  |TS  0|AC  0|TAMS 0x000000070b100000, 0x000000070b100000|
| 178|0x000000070b200000, 0x000000070b200000, 0x000000070b300000|  0%| F|  |TS  0|AC  0|TAMS 0x000000070b200000, 0x000000070b200000|
| 179|0x000000070b300000, 0x000000070b300000, 0x000000070b400000|  0%| F|  |TS  0|AC  0|TAMS 0x000000070b300000, 0x000000070b300000|
| 180|0x000000070b400000, 0x000000070b400000, 0x000000070b500000|  0%| F|  |TS  0|AC  0|TAMS 0x000000070b400000, 0x000000070b400000|
| 181|0x000000070b500000, 0x000000070b500000, 0x000000070b600000|  0%| F|  |TS  0|AC  0|TAMS 0x000000070b500000, 0x000000070b500000|
| 182|0x000000070b600000, 0x000000070b600000, 0x000000070b700000|  0%| F|  |TS  0|AC  0|TAMS 0x000000070b600000, 0x000000070b600000|
| 183|0x000000070b700000, 0x000000070b700000, 0x000000070b800000|  0%| F|  |TS  0|AC  0|TAMS 0x000000070b700000, 0x000000070b700000|
| 184|0x000000070b800000, 0x000000070b800000, 0x000000070b900000|  0%| F|  |TS  0|AC  0|TAMS 0x000000070b800000, 0x000000070b800000|
| 185|0x000000070b900000, 0x000000070b900000, 0x000000070ba00000|  0%| F|  |TS  0|AC  0|TAMS 0x000000070b900000, 0x000000070b900000|
| 186|0x000000070ba00000, 0x000000070ba00000, 0x000000070bb00000|  0%| F|  |TS  0|AC  0|TAMS 0x000000070ba00000, 0x000000070ba00000|
| 187|0x000000070bb00000, 0x000000070bb00000, 0x000000070bc00000|  0%| F|  |TS  0|AC  0|TAMS 0x000000070bb00000, 0x000000070bb00000|
| 188|0x000000070bc00000, 0x000000070bc00000, 0x000000070bd00000|  0%| F|  |TS  0|AC  0|TAMS 0x000000070bc00000, 0x000000070bc00000|
| 189|0x000000070bd00000, 0x000000070bd00000, 0x000000070be00000|  0%| F|  |TS  0|AC  0|TAMS 0x000000070bd00000, 0x000000070bd00000|
| 190|0x000000070be00000, 0x000000070be00000, 0x000000070bf00000|  0%| F|  |TS  0|AC  0|TAMS 0x000000070be00000, 0x000000070be00000|
| 191|0x000000070bf00000, 0x000000070bf00000, 0x000000070c000000|  0%| F|  |TS  0|AC  0|TAMS 0x000000070bf00000, 0x000000070bf00000|
| 192|0x000000070c000000, 0x000000070c000000, 0x000000070c100000|  0%| F|  |TS  0|AC  0|TAMS 0x000000070c000000, 0x000000070c000000|
| 193|0x000000070c100000, 0x000000070c100000, 0x000000070c200000|  0%| F|  |TS  0|AC  0|TAMS 0x000000070c100000, 0x000000070c100000|
| 194|0x000000070c200000, 0x000000070c200000, 0x000000070c300000|  0%| F|  |TS  0|AC  0|TAMS 0x000000070c200000, 0x000000070c200000|
| 195|0x000000070c300000, 0x000000070c300000, 0x000000070c400000|  0%| F|  |TS  0|AC  0|TAMS 0x000000070c300000, 0x000000070c300000|
| 196|0x000000070c400000, 0x000000070c400000, 0x000000070c500000|  0%| F|  |TS  0|AC  0|TAMS 0x000000070c400000, 0x000000070c400000|
| 197|0x000000070c500000, 0x000000070c500000, 0x000000070c600000|  0%| F|  |TS  0|AC  0|TAMS 0x000000070c500000, 0x000000070c500000|
| 198|0x000000070c600000, 0x000000070c600000, 0x000000070c700000|  0%| F|  |TS  0|AC  0|TAMS 0x000000070c600000, 0x000000070c600000|
| 199|0x000000070c700000, 0x000000070c700000, 0x000000070c800000|  0%| F|  |TS  0|AC  0|TAMS 0x000000070c700000, 0x000000070c700000|
| 200|0x000000070c800000, 0x000000070c800000, 0x000000070c900000|  0%| F|  |TS  0|AC  0|TAMS 0x000000070c800000, 0x000000070c800000|
| 201|0x000000070c900000, 0x000000070c900000, 0x000000070ca00000|  0%| F|  |TS  0|AC  0|TAMS 0x000000070c900000, 0x000000070c900000|
| 202|0x000000070ca00000, 0x000000070ca00000, 0x000000070cb00000|  0%| F|  |TS  0|AC  0|TAMS 0x000000070ca00000, 0x000000070ca00000|
| 203|0x000000070cb00000, 0x000000070cb00000, 0x000000070cc00000|  0%| F|  |TS  0|AC  0|TAMS 0x000000070cb00000, 0x000000070cb00000|
| 204|0x000000070cc00000, 0x000000070cc00000, 0x000000070cd00000|  0%| F|  |TS 95|AC  0|TAMS 0x000000070cc00000, 0x000000070cc00000|
| 205|0x000000070cd00000, 0x000000070cd00000, 0x000000070ce00000|  0%| F|  |TS123|AC  0|TAMS 0x000000070cd00000, 0x000000070cd00000|
| 206|0x000000070ce00000, 0x000000070ce00000, 0x000000070cf00000|  0%| F|  |TS121|AC  0|TAMS 0x000000070ce00000, 0x000000070ce00000|
| 207|0x000000070cf00000, 0x000000070cf00000, 0x000000070d000000|  0%| F|  |TS121|AC  0|TAMS 0x000000070cf00000, 0x000000070cf00000|
| 208|0x000000070d000000, 0x000000070d000000, 0x000000070d100000|  0%| F|  |TS121|AC  0|TAMS 0x000000070d000000, 0x000000070d000000|
| 209|0x000000070d100000, 0x000000070d100000, 0x000000070d200000|  0%| F|  |TS121|AC  0|TAMS 0x000000070d100000, 0x000000070d100000|
| 210|0x000000070d200000, 0x000000070d200000, 0x000000070d300000|  0%| F|  |TS121|AC  0|TAMS 0x000000070d200000, 0x000000070d200000|
| 211|0x000000070d300000, 0x000000070d300000, 0x000000070d400000|  0%| F|  |TS121|AC  0|TAMS 0x000000070d300000, 0x000000070d300000|
| 212|0x000000070d400000, 0x000000070d400000, 0x000000070d500000|  0%| F|  |TS121|AC  0|TAMS 0x000000070d400000, 0x000000070d400000|
| 213|0x000000070d500000, 0x000000070d500000, 0x000000070d600000|  0%| F|  |TS121|AC  0|TAMS 0x000000070d500000, 0x000000070d500000|
| 214|0x000000070d600000, 0x000000070d600000, 0x000000070d700000|  0%| F|  |TS121|AC  0|TAMS 0x000000070d600000, 0x000000070d600000|
| 215|0x000000070d700000, 0x000000070d700000, 0x000000070d800000|  0%| F|  |TS121|AC  0|TAMS 0x000000070d700000, 0x000000070d700000|
| 216|0x000000070d800000, 0x000000070d800000, 0x000000070d900000|  0%| F|  |TS121|AC  0|TAMS 0x000000070d800000, 0x000000070d800000|
| 217|0x000000070d900000, 0x000000070d900000, 0x000000070da00000|  0%| F|  |TS121|AC  0|TAMS 0x000000070d900000, 0x000000070d900000|
| 218|0x000000070da00000, 0x000000070da00000, 0x000000070db00000|  0%| F|  |TS121|AC  0|TAMS 0x000000070da00000, 0x000000070da00000|
| 219|0x000000070db00000, 0x000000070db00000, 0x000000070dc00000|  0%| F|  |TS121|AC  0|TAMS 0x000000070db00000, 0x000000070db00000|
| 220|0x000000070dc00000, 0x000000070dc00000, 0x000000070dd00000|  0%| F|  |TS121|AC  0|TAMS 0x000000070dc00000, 0x000000070dc00000|
| 221|0x000000070dd00000, 0x000000070dd00000, 0x000000070de00000|  0%| F|  |TS121|AC  0|TAMS 0x000000070dd00000, 0x000000070dd00000|
| 222|0x000000070de00000, 0x000000070de00000, 0x000000070df00000|  0%| F|  |TS121|AC  0|TAMS 0x000000070de00000, 0x000000070de00000|
| 223|0x000000070df00000, 0x000000070df00000, 0x000000070e000000|  0%| F|  |TS121|AC  0|TAMS 0x000000070df00000, 0x000000070df00000|
| 224|0x000000070e000000, 0x000000070e000000, 0x000000070e100000|  0%| F|  |TS121|AC  0|TAMS 0x000000070e000000, 0x000000070e000000|
| 225|0x000000070e100000, 0x000000070e100000, 0x000000070e200000|  0%| F|  |TS121|AC  0|TAMS 0x000000070e100000, 0x000000070e100000|
| 226|0x000000070e200000, 0x000000070e200000, 0x000000070e300000|  0%| F|  |TS121|AC  0|TAMS 0x000000070e200000, 0x000000070e200000|
| 227|0x000000070e300000, 0x000000070e300000, 0x000000070e400000|  0%| F|  |TS121|AC  0|TAMS 0x000000070e300000, 0x000000070e300000|
| 228|0x000000070e400000, 0x000000070e400000, 0x000000070e500000|  0%| F|  |TS121|AC  0|TAMS 0x000000070e400000, 0x000000070e400000|
| 229|0x000000070e500000, 0x000000070e500000, 0x000000070e600000|  0%| F|  |TS121|AC  0|TAMS 0x000000070e500000, 0x000000070e500000|
| 230|0x000000070e600000, 0x000000070e600000, 0x000000070e700000|  0%| F|  |TS121|AC  0|TAMS 0x000000070e600000, 0x000000070e600000|
| 231|0x000000070e700000, 0x000000070e7db3d0, 0x000000070e800000| 85%| S|CS|TS123|AC  0|TAMS 0x000000070e700000, 0x000000070e700000|
| 232|0x000000070e800000, 0x000000070e800000, 0x000000070e900000|  0%| F|  |TS123|AC  0|TAMS 0x000000070e800000, 0x000000070e800000|
| 233|0x000000070e900000, 0x000000070e900000, 0x000000070ea00000|  0%| F|  |TS123|AC  0|TAMS 0x000000070e900000, 0x000000070e900000|
| 234|0x000000070ea00000, 0x000000070ea00000, 0x000000070eb00000|  0%| F|  |TS123|AC  0|TAMS 0x000000070ea00000, 0x000000070ea00000|
| 235|0x000000070eb00000, 0x000000070eb00000, 0x000000070ec00000|  0%| F|  |TS123|AC  0|TAMS 0x000000070eb00000, 0x000000070eb00000|
| 236|0x000000070ec00000, 0x000000070ec00000, 0x000000070ed00000|  0%| F|  |TS123|AC  0|TAMS 0x000000070ec00000, 0x000000070ec00000|
| 237|0x000000070ed00000, 0x000000070ed00000, 0x000000070ee00000|  0%| F|  |TS123|AC  0|TAMS 0x000000070ed00000, 0x000000070ed00000|
| 238|0x000000070ee00000, 0x000000070ee00000, 0x000000070ef00000|  0%| F|  |TS123|AC  0|TAMS 0x000000070ee00000, 0x000000070ee00000|
| 239|0x000000070ef00000, 0x000000070ef00000, 0x000000070f000000|  0%| F|  |TS123|AC  0|TAMS 0x000000070ef00000, 0x000000070ef00000|
| 240|0x000000070f000000, 0x000000070f000000, 0x000000070f100000|  0%| F|  |TS123|AC  0|TAMS 0x000000070f000000, 0x000000070f000000|
| 241|0x000000070f100000, 0x000000070f100000, 0x000000070f200000|  0%| F|  |TS123|AC  0|TAMS 0x000000070f100000, 0x000000070f100000|
| 242|0x000000070f200000, 0x000000070f200000, 0x000000070f300000|  0%| F|  |TS123|AC  0|TAMS 0x000000070f200000, 0x000000070f200000|
| 243|0x000000070f300000, 0x000000070f300000, 0x000000070f400000|  0%| F|  |TS123|AC  0|TAMS 0x000000070f300000, 0x000000070f300000|
| 244|0x000000070f400000, 0x000000070f400000, 0x000000070f500000|  0%| F|  |TS123|AC  0|TAMS 0x000000070f400000, 0x000000070f400000|
| 245|0x000000070f500000, 0x000000070f500000, 0x000000070f600000|  0%| F|  |TS123|AC  0|TAMS 0x000000070f500000, 0x000000070f500000|
| 246|0x000000070f600000, 0x000000070f69bf78, 0x000000070f700000| 60%| E|  |TS123|AC  0|TAMS 0x000000070f600000, 0x000000070f600000|
| 247|0x000000070f700000, 0x000000070f800000, 0x000000070f800000|100%| E|CS|TS123|AC  0|TAMS 0x000000070f700000, 0x000000070f700000|
| 248|0x000000070f800000, 0x000000070f900000, 0x000000070f900000|100%| E|CS|TS123|AC  0|TAMS 0x000000070f800000, 0x000000070f800000|
| 249|0x000000070f900000, 0x000000070fa00000, 0x000000070fa00000|100%| E|CS|TS123|AC  0|TAMS 0x000000070f900000, 0x000000070f900000|
| 250|0x000000070fa00000, 0x000000070fb00000, 0x000000070fb00000|100%| E|CS|TS123|AC  0|TAMS 0x000000070fa00000, 0x000000070fa00000|
| 251|0x000000070fb00000, 0x000000070fc00000, 0x000000070fc00000|100%| E|CS|TS123|AC  0|TAMS 0x000000070fb00000, 0x000000070fb00000|
| 252|0x000000070fc00000, 0x000000070fd00000, 0x000000070fd00000|100%| E|CS|TS123|AC  0|TAMS 0x000000070fc00000, 0x000000070fc00000|
| 253|0x000000070fd00000, 0x000000070fe00000, 0x000000070fe00000|100%| E|CS|TS123|AC  0|TAMS 0x000000070fd00000, 0x000000070fd00000|
| 254|0x000000070fe00000, 0x000000070ff00000, 0x000000070ff00000|100%| E|CS|TS123|AC  0|TAMS 0x000000070fe00000, 0x000000070fe00000|
| 255|0x000000070ff00000, 0x0000000710000000, 0x0000000710000000|100%| E|CS|TS123|AC  0|TAMS 0x000000070ff00000, 0x000000070ff00000|
| 256|0x0000000710000000, 0x0000000710100000, 0x0000000710100000|100%| E|CS|TS123|AC  0|TAMS 0x0000000710000000, 0x0000000710000000|
| 257|0x0000000710100000, 0x0000000710200000, 0x0000000710200000|100%| E|CS|TS123|AC  0|TAMS 0x0000000710100000, 0x0000000710100000|
| 258|0x0000000710200000, 0x0000000710300000, 0x0000000710300000|100%| E|CS|TS123|AC  0|TAMS 0x0000000710200000, 0x0000000710200000|
| 259|0x0000000710300000, 0x0000000710400000, 0x0000000710400000|100%| E|CS|TS123|AC  0|TAMS 0x0000000710300000, 0x0000000710300000|
| 260|0x0000000710400000, 0x0000000710500000, 0x0000000710500000|100%| E|CS|TS123|AC  0|TAMS 0x0000000710400000, 0x0000000710400000|
| 261|0x0000000710500000, 0x0000000710600000, 0x0000000710600000|100%| E|CS|TS123|AC  0|TAMS 0x0000000710500000, 0x0000000710500000|
| 262|0x0000000710600000, 0x0000000710700000, 0x0000000710700000|100%| E|CS|TS123|AC  0|TAMS 0x0000000710600000, 0x0000000710600000|
| 263|0x0000000710700000, 0x0000000710800000, 0x0000000710800000|100%| E|CS|TS123|AC  0|TAMS 0x0000000710700000, 0x0000000710700000|
| 264|0x0000000710800000, 0x0000000710900000, 0x0000000710900000|100%| E|CS|TS123|AC  0|TAMS 0x0000000710800000, 0x0000000710800000|
| 265|0x0000000710900000, 0x0000000710a00000, 0x0000000710a00000|100%| E|CS|TS123|AC  0|TAMS 0x0000000710900000, 0x0000000710900000|

Card table byte_map: [0x0000019a73850000,0x0000019a73e50000] byte_map_base: 0x0000019a70050000

Marking Bits (Prev, Next): (CMBitMap*) 0x0000019a5a7657e0, (CMBitMap*) 0x0000019a5a765818
 Prev Bits: [0x0000019a74450000, 0x0000019a77450000)
 Next Bits: [0x0000019a77450000, 0x0000019a7a450000)

Polling page: 0x0000019a533a0000

CodeHeap 'non-profiled nmethods': size=120000Kb used=30495Kb max_used=30495Kb free=89504Kb
 bounds [0x0000019a6b3e0000, 0x0000019a6d1b0000, 0x0000019a72910000]
CodeHeap 'profiled nmethods': size=120000Kb used=44244Kb max_used=50716Kb free=75755Kb
 bounds [0x0000019a63eb0000, 0x0000019a67080000, 0x0000019a6b3e0000]
CodeHeap 'non-nmethods': size=5760Kb used=1820Kb max_used=1899Kb free=3939Kb
 bounds [0x0000019a63910000, 0x0000019a63b80000, 0x0000019a63eb0000]
 total_blobs=43840 nmethods=20576 adapters=1166
 compilation: enabled

Compilation events (10 events):
Event: 191912.794 Thread 0x0000019a58796000 nmethod 28977 0x0000019a6d1a9390 code [0x0000019a6d1a95e0, 0x0000019a6d1ac038]
Event: 191912.794 Thread 0x0000019a57272000 28980       3       org.apache.batik.gvt.AbstractGraphicsNode::setComposite (18 bytes)
Event: 191912.795 Thread 0x0000019a57272000 nmethod 28980 0x0000019a65491d90 code [0x0000019a65491f60, 0x0000019a65492350]
Event: 191912.795 Thread 0x0000019a57272000 28981       3       org.apache.batik.gvt.AbstractGraphicsNode::setFilter (30 bytes)
Event: 191912.795 Thread 0x0000019a57272000 nmethod 28981 0x0000019a654aba90 code [0x0000019a654abc60, 0x0000019a654ac0d0]
Event: 191912.795 Thread 0x0000019a57272000 28982       3       org.apache.batik.gvt.AbstractGraphicsNode::setMask (30 bytes)
Event: 191912.796 Thread 0x0000019a57272000 nmethod 28982 0x0000019a654f3090 code [0x0000019a654f3260, 0x0000019a654f36d0]
Event: 191912.806 Thread 0x0000019a58796000 28983   !   4       com.jidesoft.editor.CodeEditor::_offsetToX (1606 bytes)
Event: 191912.831 Thread 0x0000019a57272000 28984       3       sun.font.AttributeValues::i_equals (481 bytes)
Event: 191912.832 Thread 0x0000019a57272000 nmethod 28984 0x0000019a659a0e10 code [0x0000019a659a1180, 0x0000019a659a2bd0]

GC Heap History (10 events):
Event: 191898.971 GC heap before
{Heap before GC invocations=2165 (full 476):
 garbage-first heap   total 272384K, used 145306K [0x0000000700000000, 0x0000000700100850, 0x00000007c0000000)
  region size 1024K, 60 young (61440K), 1 survivors (1024K)
 Metaspace       used 85926K, capacity 87714K, committed 91696K, reserved 1128448K
  class space    used 11121K, capacity 11521K, committed 12336K, reserved 1048576K
}
Event: 191898.983 GC heap after
{Heap after GC invocations=2166 (full 476):
 garbage-first heap   total 272384K, used 84906K [0x0000000700000000, 0x0000000700100850, 0x00000007c0000000)
  region size 1024K, 1 young (1024K), 1 survivors (1024K)
 Metaspace       used 85926K, capacity 87714K, committed 91696K, reserved 1128448K
  class space    used 11121K, capacity 11521K, committed 12336K, reserved 1048576K
}
Event: 191900.696 GC heap before
{Heap before GC invocations=2166 (full 476):
 garbage-first heap   total 272384K, used 145322K [0x0000000700000000, 0x0000000700100850, 0x00000007c0000000)
  region size 1024K, 60 young (61440K), 1 survivors (1024K)
 Metaspace       used 85928K, capacity 87714K, committed 91696K, reserved 1128448K
  class space    used 11121K, capacity 11521K, committed 12336K, reserved 1048576K
}
Event: 191900.699 GC heap after
{Heap after GC invocations=2167 (full 476):
 garbage-first heap   total 272384K, used 84868K [0x0000000700000000, 0x0000000700100850, 0x00000007c0000000)
  region size 1024K, 1 young (1024K), 1 survivors (1024K)
 Metaspace       used 85928K, capacity 87714K, committed 91696K, reserved 1128448K
  class space    used 11121K, capacity 11521K, committed 12336K, reserved 1048576K
}
Event: 191900.876 GC heap before
{Heap before GC invocations=2167 (full 476):
 garbage-first heap   total 272384K, used 145284K [0x0000000700000000, 0x0000000700100850, 0x00000007c0000000)
  region size 1024K, 60 young (61440K), 1 survivors (1024K)
 Metaspace       used 85928K, capacity 87714K, committed 91696K, reserved 1128448K
  class space    used 11121K, capacity 11521K, committed 12336K, reserved 1048576K
}
Event: 191900.881 GC heap after
{Heap after GC invocations=2168 (full 476):
 garbage-first heap   total 272384K, used 85171K [0x0000000700000000, 0x0000000700100850, 0x00000007c0000000)
  region size 1024K, 1 young (1024K), 1 survivors (1024K)
 Metaspace       used 85928K, capacity 87714K, committed 91696K, reserved 1128448K
  class space    used 11121K, capacity 11521K, committed 12336K, reserved 1048576K
}
Event: 191901.564 GC heap before
{Heap before GC invocations=2168 (full 476):
 garbage-first heap   total 272384K, used 145587K [0x0000000700000000, 0x0000000700100850, 0x00000007c0000000)
  region size 1024K, 60 young (61440K), 1 survivors (1024K)
 Metaspace       used 85928K, capacity 87714K, committed 91696K, reserved 1128448K
  class space    used 11121K, capacity 11521K, committed 12336K, reserved 1048576K
}
Event: 191901.567 GC heap after
{Heap after GC invocations=2169 (full 476):
 garbage-first heap   total 272384K, used 84947K [0x0000000700000000, 0x0000000700100850, 0x00000007c0000000)
  region size 1024K, 1 young (1024K), 1 survivors (1024K)
 Metaspace       used 85928K, capacity 87714K, committed 91696K, reserved 1128448K
  class space    used 11121K, capacity 11521K, committed 12336K, reserved 1048576K
}
Event: 191905.868 GC heap before
{Heap before GC invocations=2169 (full 476):
 garbage-first heap   total 272384K, used 118739K [0x0000000700000000, 0x0000000700100850, 0x00000007c0000000)
  region size 1024K, 35 young (35840K), 1 survivors (1024K)
 Metaspace       used 85928K, capacity 87714K, committed 91696K, reserved 1128448K
  class space    used 11121K, capacity 11521K, committed 12336K, reserved 1048576K
}
Event: 191905.871 GC heap after
{Heap after GC invocations=2170 (full 476):
 garbage-first heap   total 272384K, used 85144K [0x0000000700000000, 0x0000000700100850, 0x00000007c0000000)
  region size 1024K, 1 young (1024K), 1 survivors (1024K)
 Metaspace       used 85928K, capacity 87714K, committed 91696K, reserved 1128448K
  class space    used 11121K, capacity 11521K, committed 12336K, reserved 1048576K
}

Deoptimization events (10 events):
Event: 191912.815 Thread 0x0000019a0007d000 Uncommon trap: reason=bimorphic_or_optimized_type_check action=maybe_recompile pc=0x0000019a6c670c38 method=javax.swing.undo.UndoManager.canUndo()Z @ 8 c2
Event: 191912.815 Thread 0x0000019a0007d000 Uncommon trap: reason=bimorphic_or_optimized_type_check action=maybe_recompile pc=0x0000019a6c671d14 method=javax.swing.undo.UndoManager.canRedo()Z @ 8 c2
Event: 191912.823 Thread 0x0000019a0007d000 Uncommon trap: reason=unstable_if action=reinterpret pc=0x0000019a6be301dc method=java.awt.GradientPaintContext.clipFillRaster([IIIIIDDD)V @ 58 c2
Event: 191912.825 Thread 0x0000019a0007d000 Uncommon trap: reason=bimorphic_or_optimized_type_check action=maybe_recompile pc=0x0000019a6bf731e0 method=sun.java2d.SunGraphics2D.drawString(Ljava/lang/String;II)V @ 68 c2
Event: 191912.825 Thread 0x0000019a0007d000 Uncommon trap: reason=bimorphic_or_optimized_type_check action=maybe_recompile pc=0x0000019a6bf731e0 method=sun.java2d.SunGraphics2D.drawString(Ljava/lang/String;II)V @ 68 c2
Event: 191912.825 Thread 0x0000019a0007d000 Uncommon trap: reason=bimorphic_or_optimized_type_check action=maybe_recompile pc=0x0000019a6bf731e0 method=sun.java2d.SunGraphics2D.drawString(Ljava/lang/String;II)V @ 68 c2
Event: 191912.825 Thread 0x0000019a0007d000 Uncommon trap: reason=bimorphic_or_optimized_type_check action=maybe_recompile pc=0x0000019a6bf731e0 method=sun.java2d.SunGraphics2D.drawString(Ljava/lang/String;II)V @ 68 c2
Event: 191912.826 Thread 0x0000019a0007d000 Uncommon trap: reason=unstable_if action=reinterpret pc=0x0000019a6bc93b74 method=com.jidesoft.editor.highlight.DefaultHighlighter.paintLayeredHighlights(Ljava/awt/Graphics;IILjava/awt/Shape;Lcom/jidesoft/editor/CodeEditor;)V @ 18 c2
Event: 191912.827 Thread 0x0000019a0007d000 Uncommon trap: reason=unstable_if action=reinterpret pc=0x0000019a6ce92878 method=com.jidesoft.editor.SyntaxUtils.a(Lcom/jidesoft/editor/CodeEditor;Ljavax/swing/text/Segment;IILjava/awt/Graphics;Ljavax/swing/text/TabExpander;I[I)I @ 532 c2
Event: 191912.831 Thread 0x0000019a0007d000 Uncommon trap: reason=unstable_if action=reinterpret pc=0x0000019a6bd90e48 method=java.awt.Font.getAttributeValues()Lsun/font/AttributeValues; @ 51 c2

Classes redefined (0 events):
No events

Internal exceptions (10 events):
Event: 186414.513 Thread 0x0000019a10b50800 Exception <a 'ui/frmwork/CommandFailedException'{0x000000070c704c40}> (0x000000070c704c40) thrown at [t:/workspace/hotspot/src/share/vm/prims/jni.cpp, line 604]
Event: 186522.150 Thread 0x0000019a0f197800 Exception <a 'ui/frmwork/CommandFailedException'{0x000000070fa21a48}> (0x000000070fa21a48) thrown at [t:/workspace/hotspot/src/share/vm/prims/jni.cpp, line 604]
Event: 186606.454 Thread 0x0000019a11727800 Exception <a 'ui/frmwork/CommandFailedException'{0x000000070fdad678}> (0x000000070fdad678) thrown at [t:/workspace/hotspot/src/share/vm/prims/jni.cpp, line 604]
Event: 186641.506 Thread 0x0000019a0c1b6800 Exception <a 'ui/frmwork/CommandFailedException'{0x000000070f7561f0}> (0x000000070f7561f0) thrown at [t:/workspace/hotspot/src/share/vm/prims/jni.cpp, line 604]
Event: 186643.448 Thread 0x0000019a0007d000 Implicit null exception at 0x0000019a6c27ddfb to 0x0000019a6c27e411
Event: 187393.335 Thread 0x0000019a0007d000 Exception <a 'java/lang/ClassCastException'{0x000000070f07d338}: ui.views.O.f.e cannot be cast to java.base/java.lang.String> (0x000000070f07d338) thrown at [t:/workspace/hotspot/src/share/vm/interpreter/interpreterRuntime.cpp, line 380]
Event: 187393.335 Thread 0x0000019a0007d000 Exception <a 'java/lang/ClassCastException'{0x000000070f07d9b0}: ui.views.O.f.e cannot be cast to java.base/java.lang.String> (0x000000070f07d9b0) thrown at [t:/workspace/hotspot/src/share/vm/interpreter/interpreterRuntime.cpp, line 380]
Event: 189656.419 Thread 0x0000019a0d680800 Exception <a 'ui/frmwork/CommandFailedException'{0x000000070e021c80}> (0x000000070e021c80) thrown at [t:/workspace/hotspot/src/share/vm/prims/jni.cpp, line 604]
Event: 191468.924 Thread 0x0000019a0d67b000 Exception <a 'ui/frmwork/CommandFailedException'{0x000000070d9819d8}> (0x000000070d9819d8) thrown at [t:/workspace/hotspot/src/share/vm/prims/jni.cpp, line 604]
Event: 191639.715 Thread 0x0000019a0d67b000 Exception <a 'ui/frmwork/CommandFailedException'{0x000000070e2f3a78}> (0x000000070e2f3a78) thrown at [t:/workspace/hotspot/src/share/vm/prims/jni.cpp, line 604]

Events (10 events):
Event: 191912.826 Thread 0x0000019a0007d000 DEOPT PACKING pc=0x0000019a6bc93b74 sp=0x00000017822f4890
Event: 191912.826 Thread 0x0000019a0007d000 DEOPT UNPACKING pc=0x0000019a6395df29 sp=0x00000017822f4820 mode 2
Event: 191912.827 loading class com/jidesoft/editor/SyntaxUtils$a_
Event: 191912.827 loading class com/jidesoft/editor/SyntaxUtils$a_ done
Event: 191912.827 Thread 0x0000019a0007d000 Uncommon trap: trap_request=0xffffff5d fr.pc=0x0000019a6ce92878 relative=0x0000000000001438
Event: 191912.827 Thread 0x0000019a0007d000 DEOPT PACKING pc=0x0000019a6ce92878 sp=0x00000017822f47d0
Event: 191912.827 Thread 0x0000019a0007d000 DEOPT UNPACKING pc=0x0000019a6395df29 sp=0x00000017822f4750 mode 2
Event: 191912.831 Thread 0x0000019a0007d000 Uncommon trap: trap_request=0xffffff5d fr.pc=0x0000019a6bd90e48 relative=0x0000000000000348
Event: 191912.831 Thread 0x0000019a0007d000 DEOPT PACKING pc=0x0000019a6bd90e48 sp=0x00000017822f4790
Event: 191912.831 Thread 0x0000019a0007d000 DEOPT UNPACKING pc=0x0000019a6395df29 sp=0x00000017822f4758 mode 2


Dynamic libraries:
0x00007ff69c1f0000 - 0x00007ff69c220000 	E:\vivado\Vivado\2018.3\bin\unwrapped\win64.o\vivado.exe
0x00007ffbe13d0000 - 0x00007ffbe15c8000 	C:\Windows\SYSTEM32\ntdll.dll
0x00007ffbe1010000 - 0x00007ffbe10cd000 	C:\Windows\System32\KERNEL32.DLL
0x00007ffbdeb10000 - 0x00007ffbdee06000 	C:\Windows\System32\KERNELBASE.dll
0x00007ffbdeff0000 - 0x00007ffbdf0f0000 	C:\Windows\System32\ucrtbase.dll
0x00007ffb84720000 - 0x00007ffb847ad000 	C:\Windows\SYSTEM32\MSVCP140.dll
0x00007ffbc4350000 - 0x00007ffbc436b000 	C:\Windows\SYSTEM32\VCRUNTIME140.dll
0x00007ffbda180000 - 0x00007ffbda18c000 	C:\Windows\SYSTEM32\VCRUNTIME140_1.dll
0x00007ffbd02c0000 - 0x00007ffbd02d4000 	E:\vivado\Vivado\2018.3\lib\win64.o\libboost_signals.dll
0x00007ffbcff40000 - 0x00007ffbcff54000 	E:\vivado\Vivado\2018.3\lib\win64.o\librdi_commonmain.dll
0x00007ffbd0360000 - 0x00007ffbd036a000 	E:\vivado\Vivado\2018.3\lib\win64.o\librdi_commonversion.dll
0x00007ffbc79e0000 - 0x00007ffbc7a06000 	E:\vivado\Vivado\2018.3\lib\win64.o\libboost_filesystem.dll
0x00007ffbdfad0000 - 0x00007ffbdfb83000 	C:\Windows\System32\ADVAPI32.dll
0x00007ffbdf7e0000 - 0x00007ffbdf87e000 	C:\Windows\System32\msvcrt.dll
0x00007ffbdf420000 - 0x00007ffbdf4bf000 	C:\Windows\System32\sechost.dll
0x00007ffbdf5f0000 - 0x00007ffbdf716000 	C:\Windows\System32\RPCRT4.dll
0x00007ffbdf1a0000 - 0x00007ffbdf1c7000 	C:\Windows\System32\bcrypt.dll
0x00007ffb841b0000 - 0x00007ffb842d1000 	E:\vivado\Vivado\2018.3\lib\win64.o\librdi_commonxillic.dll
0x00007ffbe10d0000 - 0x00007ffbe126e000 	C:\Windows\System32\USER32.dll
0x00007ffbdefc0000 - 0x00007ffbdefe2000 	C:\Windows\System32\win32u.dll
0x00007ffbdf780000 - 0x00007ffbdf7ac000 	C:\Windows\System32\GDI32.dll
0x00007ffbdeea0000 - 0x00007ffbdefba000 	C:\Windows\System32\gdi32full.dll
0x00007ffbdf1d0000 - 0x00007ffbdf26d000 	C:\Windows\System32\msvcp_win.dll
0x0000000059560000 - 0x000000005968b000 	E:\vivado\Vivado\2018.3\lib\win64.o\tcl85t.dll
0x00007ffbe0100000 - 0x00007ffbe016b000 	C:\Windows\System32\WS2_32.dll
0x00007ffbcff30000 - 0x00007ffbcff3b000 	E:\vivado\Vivado\2018.3\lib\win64.o\libboost_system.dll
0x00007ffb818f0000 - 0x00007ffb81ba5000 	E:\vivado\Vivado\2018.3\lib\win64.o\libXil_lmgr11.dll
0x00007ffbe0020000 - 0x00007ffbe00fa000 	C:\Windows\System32\COMDLG32.dll
0x00007ffbe0cb0000 - 0x00007ffbe1004000 	C:\Windows\System32\combase.dll
0x00007ffbe12d0000 - 0x00007ffbe137d000 	C:\Windows\System32\shcore.dll
0x00007ffbdfa70000 - 0x00007ffbdfac5000 	C:\Windows\System32\SHLWAPI.dll
0x00007ffbe02a0000 - 0x00007ffbe09e5000 	C:\Windows\System32\SHELL32.dll
0x00007ffbdf4c0000 - 0x00007ffbdf58d000 	C:\Windows\System32\OLEAUT32.dll
0x00007ffbe0170000 - 0x00007ffbe029b000 	C:\Windows\System32\ole32.dll
0x00007ffbdeaa0000 - 0x00007ffbdeb07000 	C:\Windows\System32\WINTRUST.dll
0x00007ffbdf2c0000 - 0x00007ffbdf41d000 	C:\Windows\System32\CRYPT32.dll
0x00007ffb817d0000 - 0x00007ffb818e4000 	E:\vivado\Vivado\2018.3\lib\win64.o\libboost_regex.dll
0x00007ffbc0f80000 - 0x00007ffbc0f99000 	C:\Windows\SYSTEM32\NETAPI32.dll
0x00007ffbd2ad0000 - 0x00007ffbd2b80000 	C:\Windows\WinSxS\amd64_microsoft.windows.common-controls_6595b64144ccf1df_5.82.19041.3636_none_7931fb75243f97c8\COMCTL32.dll
0x00007ffbc8980000 - 0x00007ffbc8989000 	C:\Windows\SYSTEM32\WSOCK32.dll
0x00007ffbd7420000 - 0x00007ffbd743d000 	C:\Windows\SYSTEM32\dhcpcsvc.DLL
0x00007ffb7dd90000 - 0x00007ffb7ec24000 	E:\vivado\Vivado\2018.3\lib\win64.o\librdi_common.dll
0x00007ffbc79c0000 - 0x00007ffbc79d4000 	E:\vivado\Vivado\2018.3\lib\win64.o\libboost_date_time.dll
0x00007ffb7f540000 - 0x00007ffb7f8ae000 	E:\vivado\Vivado\2018.3\lib\win64.o\libCOIN-all.dll
0x00007ffb83d70000 - 0x00007ffb83def000 	E:\vivado\Vivado\2018.3\lib\win64.o\libboost_program_options.dll
0x00007ffbc0600000 - 0x00007ffbc0621000 	E:\vivado\Vivado\2018.3\lib\win64.o\libboost_thread.dll
0x00007ffbc88c0000 - 0x00007ffbc88cf000 	E:\vivado\Vivado\2018.3\lib\win64.o\libboost_xilinx.dll
0x00007ffb82b30000 - 0x00007ffb82bb2000 	E:\vivado\Vivado\2018.3\lib\win64.o\libhdlpsolve.dll
0x00007ffb81720000 - 0x00007ffb817c5000 	E:\vivado\Vivado\2018.3\lib\win64.o\libhdxml.dll
0x00007ffbaa450000 - 0x00007ffbaa47e000 	E:\vivado\Vivado\2018.3\lib\win64.o\libisl_sysinfo.dll
0x00007ffb85b80000 - 0x00007ffb85be5000 	E:\vivado\Vivado\2018.3\lib\win64.o\liblmx6.0.dll
0x00007ffbc79a0000 - 0x00007ffbc79ba000 	E:\vivado\Vivado\2018.3\lib\win64.o\pthreadVC2.dll
0x00007ffbc05e0000 - 0x00007ffbc05fc000 	E:\vivado\Vivado\2018.3\lib\win64.o\librdiconfig.dll
0x00007ffba8370000 - 0x00007ffba8391000 	E:\vivado\Vivado\2018.3\lib\win64.o\librdizlib.dll
0x00007ffbc6e60000 - 0x00007ffbc7336000 	C:\Windows\SYSTEM32\WININET.dll
0x00007ffbd9030000 - 0x00007ffbd913a000 	C:\Windows\SYSTEM32\WINHTTP.dll
0x00007ffbcc3f0000 - 0x00007ffbcc5dd000 	C:\Windows\SYSTEM32\urlmon.dll
0x00007ffb7bcf0000 - 0x00007ffb7cb81000 	E:\vivado\Vivado\2018.3\lib\win64.o\gurobi65.dll
0x00007ffb87bd0000 - 0x00007ffb87c01000 	C:\Windows\SYSTEM32\VCOMP140.DLL
0x0000000012000000 - 0x0000000012272000 	E:\vivado\Vivado\2018.3\lib\win64.o\xerces-c_3_1.dll
0x00007ffbcf6e0000 - 0x00007ffbcf99c000 	C:\Windows\SYSTEM32\iertutil.dll
0x00007ffbc8620000 - 0x00007ffbc862d000 	E:\vivado\Vivado\2018.3\lib\win64.o\libboost_chrono.dll
0x00007ffbcf9a0000 - 0x00007ffbcf9c8000 	C:\Windows\SYSTEM32\srvcli.dll
0x00007ffbde080000 - 0x00007ffbde08c000 	C:\Windows\SYSTEM32\netutils.dll
0x00007ffb72e60000 - 0x00007ffb736ae600 	E:\vivado\Vivado\2018.3\lib\win64.o\libisl_iostreams.dll
0x00007ffb9f640000 - 0x00007ffb9f665000 	E:\vivado\Vivado\2018.3\lib\win64.o\libisl_iosutils.dll
0x00007ffbb1390000 - 0x00007ffbb13ab000 	E:\vivado\Vivado\2018.3\lib\win64.o\libboost_iostreams.dll
0x00007ffbdf7b0000 - 0x00007ffbdf7e0000 	C:\Windows\System32\IMM32.DLL
0x00007ffbde660000 - 0x00007ffbde672000 	C:\Windows\SYSTEM32\MSASN1.dll
0x00007ffbdc9e0000 - 0x00007ffbdc9f2000 	C:\Windows\SYSTEM32\kernel.appcore.dll
0x00007ffb7f040000 - 0x00007ffb7f535000 	E:\vivado\Vivado\2018.3\lib\win64.o\librdi_commontasks.dll
0x00007ffbd7360000 - 0x00007ffbd736a000 	C:\Windows\SYSTEM32\VERSION.dll
0x00007ffb7edc0000 - 0x00007ffb7f03f000 	E:\vivado\Vivado\2018.3\lib\win64.o\librdi_sio.dll
0x00007ffbdded0000 - 0x00007ffbddf0b000 	C:\Windows\SYSTEM32\IPHLPAPI.DLL
0x0000000057fc0000 - 0x00000000589e5000 	E:\vivado\Vivado\2018.3\tps\win64\jre9.0.4\bin\server\jvm.dll
0x00007ffbe1380000 - 0x00007ffbe1388000 	C:\Windows\System32\PSAPI.DLL
0x00007ffbd8f40000 - 0x00007ffbd8f67000 	C:\Windows\SYSTEM32\WINMM.dll
0x00007ffbde230000 - 0x00007ffbde29a000 	C:\Windows\SYSTEM32\MSWSOCK.DLL
0x00007ffb81630000 - 0x00007ffb8171f000 	C:\Windows\SYSTEM32\MSVCR120.dll
0x00007ffbdcb50000 - 0x00007ffbdd2eb000 	C:\Windows\SYSTEM32\windows.storage.dll
0x00007ffbde4d0000 - 0x00007ffbde4fd000 	C:\Windows\SYSTEM32\Wldp.dll
0x00007ffb5a7b0000 - 0x00007ffb5cb72000 	E:\vivado\Vivado\2018.3\lib\win64.o\librdi_tcltasks.dll
0x00007ffb7d9b0000 - 0x00007ffb7dd8c000 	E:\vivado\Vivado\2018.3\lib\win64.o\librdi_bitstream.dll
0x00007ffb81550000 - 0x00007ffb8162c000 	E:\vivado\Vivado\2018.3\lib\win64.o\librdi_chipscope.dll
0x00007ffb82ed0000 - 0x00007ffb82f3a000 	E:\vivado\Vivado\2018.3\lib\win64.o\librdi_boarddep.dll
0x00007ffb80bb0000 - 0x00007ffb80d2e000 	E:\vivado\Vivado\2018.3\lib\win64.o\librdi_board.dll
0x00007ffb7bb30000 - 0x00007ffb7bce9000 	E:\vivado\Vivado\2018.3\lib\win64.o\librdi_chipscopeimpl.dll
0x00007ffb7d860000 - 0x00007ffb7d9a8000 	E:\vivado\Vivado\2018.3\lib\win64.o\librdi_containers.dll
0x00007ffb58ea0000 - 0x00007ffb5a7a5000 	E:\vivado\Vivado\2018.3\lib\win64.o\librdi_constraints.dll
0x00007ffb550a0000 - 0x00007ffb58e9b000 	E:\vivado\Vivado\2018.3\lib\win64.o\librdi_designutils.dll
0x00007ffb72b40000 - 0x00007ffb72e5b000 	E:\vivado\Vivado\2018.3\lib\win64.o\librdi_dlyest.dll
0x00007ffb725e0000 - 0x00007ffb72b40000 	E:\vivado\Vivado\2018.3\lib\win64.o\librdi_drc.dll
0x00007ffb7d2f0000 - 0x00007ffb7d3b2000 	E:\vivado\Vivado\2018.3\lib\win64.o\librdi_dsp.dll
0x00007ffb53280000 - 0x00007ffb5509f000 	E:\vivado\Vivado\2018.3\lib\win64.o\librdi_coregen.dll
0x00007ffb79950000 - 0x00007ffb79c2a000 	E:\vivado\Vivado\2018.3\lib\win64.o\librdi_guitools.dll
0x00007ffb83d10000 - 0x00007ffb83d6d000 	E:\vivado\Vivado\2018.3\lib\win64.o\librdi_hdf.dll
0x00007ffb6e780000 - 0x00007ffb6edbf000 	E:\vivado\Vivado\2018.3\lib\win64.o\librdi_filemgmt.dll
0x00007ffb6e0a0000 - 0x00007ffb6e77a000 	E:\vivado\Vivado\2018.3\lib\win64.o\librdi_coregenipxact.dll
0x00007ffb6da80000 - 0x00007ffb6e095000 	E:\vivado\Vivado\2018.3\lib\win64.o\librdi_memdata.dll
0x00007ffb31fd0000 - 0x00007ffb42d22000 	E:\vivado\Vivado\2018.3\lib\win64.o\librdi_device.dll
0x00007ffb813d0000 - 0x00007ffb81441000 	E:\vivado\Vivado\2018.3\lib\win64.o\librdi_memoryarray.dll
0x00007ffb30c30000 - 0x00007ffb31fc1000 	E:\vivado\Vivado\2018.3\lib\win64.o\librdi_implflow.dll
0x00007ffb7ed70000 - 0x00007ffb7edc0000 	E:\vivado\Vivado\2018.3\lib\win64.o\librdi_pfi.dll
0x00007ffb6c780000 - 0x00007ffb6cdbb000 	E:\vivado\Vivado\2018.3\lib\win64.o\librdi_netlist.dll
0x00007ffb2d280000 - 0x00007ffb30c2c000 	E:\vivado\Vivado\2018.3\lib\win64.o\librdi_mig.dll
0x00007ffb6d770000 - 0x00007ffb6da77000 	E:\vivado\Vivado\2018.3\lib\win64.o\librdi_platform.dll
0x00007ffb6bda0000 - 0x00007ffb6c495000 	E:\vivado\Vivado\2018.3\lib\win64.o\librdi_power.dll
0x00007ffb2ad60000 - 0x00007ffb2d274000 	E:\vivado\Vivado\2018.3\lib\win64.o\librdi_place.dll
0x00007ffb6b6c0000 - 0x00007ffb6bd99000 	E:\vivado\Vivado\2018.3\lib\win64.o\librdi_rsb.dll
0x00007ffb52d20000 - 0x00007ffb53276000 	E:\vivado\Vivado\2018.3\lib\win64.o\librdi_project.dll
0x00007ffb7ba50000 - 0x00007ffb7bb28000 	E:\vivado\Vivado\2018.3\lib\win64.o\librdi_runsbase.dll
0x00007ffb2a660000 - 0x00007ffb2ad53000 	E:\vivado\Vivado\2018.3\lib\win64.o\librdi_psta.dll
0x00007ffb6cfb0000 - 0x00007ffb6d387000 	E:\vivado\Vivado\2018.3\lib\win64.o\librdi_runs.dll
0x00007ffb6b490000 - 0x00007ffb6b6b8000 	E:\vivado\Vivado\2018.3\lib\win64.o\librdi_simdata.dll
0x00007ffb7b8f0000 - 0x00007ffb7ba44000 	E:\vivado\Vivado\2018.3\lib\win64.o\librdi_advchipscopeimpl.dll
0x00007ffb7d2a0000 - 0x00007ffb7d2ec000 	E:\vivado\Vivado\2018.3\lib\win64.o\libboost_serialization.dll
0x00007ffb72520000 - 0x00007ffb725d8000 	E:\vivado\Vivado\2018.3\lib\win64.o\librdi_hip_devdesign.dll
0x00007ffb6cf00000 - 0x00007ffb6cfab000 	E:\vivado\Vivado\2018.3\lib\win64.o\librdi_ipconfig_readwrite.dll
0x00007ffb298d0000 - 0x00007ffb2a65d000 	E:\vivado\Vivado\2018.3\lib\win64.o\librdi_timing.dll
0x00007ffb86400000 - 0x00007ffb86438000 	E:\vivado\Vivado\2018.3\lib\win64.o\librdi_noc_frameworks.dll
0x00007ffb29510000 - 0x00007ffb298c5000 	E:\vivado\Vivado\2018.3\lib\win64.o\librdi_hip_config.dll
0x00007ffb28fc0000 - 0x00007ffb2950e000 	E:\vivado\Vivado\2018.3\lib\win64.o\librdi_xdm.dll
0x00007ffb6c6e0000 - 0x00007ffb6c77e000 	E:\vivado\Vivado\2018.3\lib\win64.o\libise.dll
0x00007ffb7cf90000 - 0x00007ffb7cfd9000 	E:\vivado\Vivado\2018.3\lib\win64.o\librdi_wavedata_SimpleApi.dll
0x00007ffb289d0000 - 0x00007ffb28fb4000 	E:\vivado\Vivado\2018.3\lib\win64.o\librdi_wavedata.dll
0x00007ffb27e80000 - 0x00007ffb289c7000 	E:\vivado\Vivado\2018.3\lib\win64.o\libverific.dll
0x00007ffb7b880000 - 0x00007ffb7b8e3000 	E:\vivado\Vivado\2018.3\lib\win64.o\librdi_hip_mathengine.dll
0x00007ffb27c30000 - 0x00007ffb27e80000 	E:\vivado\Vivado\2018.3\lib\win64.o\librdi_hsm.dll

VM Arguments:
jvm_args: -Dsun.java2d.pmoffscreen=false -Dsun.java2d.xrender=false -Dsun.java2d.d3d=false -Dsun.awt.nopixfmt=true -Dsun.java2d.dpiaware=true -Dsun.java2d.uiScale.enabled=false -Xverify:none -Dswing.aatext=true -XX:-UsePerfData -Djdk.map.althashing.threshold=512 -XX:StringTableSize=4072 --add-opens=java.base/java.nio=ALL-UNNAMED --add-opens=java.desktop/sun.swing=ALL-UNNAMED --add-opens=java.desktop/javax.swing=ALL-UNNAMED --add-opens=java.desktop/javax.swing.tree=ALL-UNNAMED --add-opens=java.desktop/javax.swing.plaf.basic=ALL-UNNAMED --add-opens=java.desktop/javax.swing.plaf.synth=ALL-UNNAMED --add-opens=java.desktop/com.sun.awt=ALL-UNNAMED -XX:NewSize=60m -XX:MaxNewSize=60m -Xms128m -Xmx3072m -Xss5m 
java_command: <unknown>
java_class_path (initial): E:/vivado/Vivado/2018.3\lib\classes\alloy.jar;E:/vivado/Vivado/2018.3\lib\classes\autopilot.scelaborator.jar;E:/vivado/Vivado/2018.3\lib\classes\autopilot.sourceprocessor.jar;E:/vivado/Vivado/2018.3\lib\classes\autopilot.tbprocessor.jar;E:/vivado/Vivado/2018.3\lib\classes\batik-anim.jar;E:/vivado/Vivado/2018.3\lib\classes\batik-awt-util.jar;E:/vivado/Vivado/2018.3\lib\classes\batik-bridge.jar;E:/vivado/Vivado/2018.3\lib\classes\batik-codec.jar;E:/vivado/Vivado/2018.3\lib\classes\batik-css.jar;E:/vivado/Vivado/2018.3\lib\classes\batik-dom.jar;E:/vivado/Vivado/2018.3\lib\classes\batik-ext.jar;E:/vivado/Vivado/2018.3\lib\classes\batik-gui-util.jar;E:/vivado/Vivado/2018.3\lib\classes\batik-gvt.jar;E:/vivado/Vivado/2018.3\lib\classes\batik-parser.jar;E:/vivado/Vivado/2018.3\lib\classes\batik-script.jar;E:/vivado/Vivado/2018.3\lib\classes\batik-svg-dom.jar;E:/vivado/Vivado/2018.3\lib\classes\batik-swing.jar;E:/vivado/Vivado/2018.3\lib\classes\batik-transcoder.jar;E:/vivado/Vivado/2018.3\lib\classes\batik-util.jar;E:/vivado/Vivado/2018.3\lib\classes\batik-xml.jar;E:/vivado/Vivado/2018.3\lib\classes\com.ibm.icu_4.4.2.v20110208.jar;E:/vivado/Vivado/2018.3\lib\classes\commons-collections4-4.1.jar;E:/vivado/Vivado/2018.3\lib\classes\commons-math-2.2.jar;E:/vivado/Vivado/2018.3\lib\classes\dom4j-1.6.1.jar;E:/vivado/Vivado/2018.3\lib\classes\guava-18.0.jar;E:/vivado/Vivado/2018.3\lib\classes\help.jar;E:/vivado/Vivado/2018.3\lib\classes\hsqldb.jar;E:/vivado/Vivado/2018.3\lib\classes\jargs.jar;E:/vivado/Vivado/2018.3\lib\classes\jaxb-api-2.3.0.jar;E:/vivado/Vivado/2018.3\lib\classes\jh.jar;E:/vivado/Vivado/2018.3\lib\classes\jide-action.jar;E:/vivado/Vivado/2018.3\lib\classes\jide-charts.jar;E:/vivado/Vivado/2018.3\lib\classes\jide-common.jar;E:/vivado/Vivado/2018.3\lib\classes\jide-components.jar;E:/vivado/Vivado/2018.3\lib\classes\jide-dashboard.jar;E:/vivado/Vivado/2018.3\lib\classes\jide-data.jar;E:/vivado/Vivado/2018.3\lib\classes\jide-dialogs.jar
Launcher Type: generic

Logging:
Log output configuration:
#0: stdout all=warning uptime,level,tags
#1: stderr all=off uptime,level,tags

Environment Variables:
PATH=E:/vivado/Vivado/2018.3/bin;E:/vivado/Vivado/2018.3/lib/win64.o;E:/vivado/Vivado/2018.3/tps/win64/jre9.0.4/bin/server;E:/vivado/Vivado/2018.3/tps/win64/jre9.0.4/bin;E:/vivado/SDK/2018.3/bin;E:/vivado/Vivado/2018.3/ids_lite/ISE/bin/nt64;E:/vivado/Vivado/2018.3/ids_lite/ISE/lib/nt64;E:\VMware\bin\;C:\Windows\system32;C:\Windows;C:\Windows\System32\Wbem;C:\Windows\System32\WindowsPowerShell\v1.0\;C:\Windows\System32\OpenSSH\;D:\cmake\bin;C:\Users\20520\AppData\Local\Programs\Python\Python38;D:\matlab\runtime\win64;D:\matlab\bin;C:\Users\20520\AppData\Local\Programs\Python\Python38\Scripts\;C:\Users\20520\AppData\Local\Microsoft\WindowsApps;;E:\modelsim\win64;C:\Program Files\JetBrains\PyCharm 2023.2.5\bin;E:/vivado/Vivado/2018.3\tps\mingw\6.2.0\win64.o\nt\bin;E:/vivado/Vivado/2018.3\tps\mingw\6.2.0\win64.o\nt\libexec\gcc\x86_64-w64-mingw32\6.2.0
USERNAME=20520
OS=Windows_NT
PROCESSOR_IDENTIFIER=Intel64 Family 6 Model 142 Stepping 12, GenuineIntel



---------------  S Y S T E M  ---------------

OS: Windows 10 , 64 bit Build 19041 (10.0.19041.3636)

CPU:total 8 (initial active 8) (4 cores per cpu, 2 threads per core) family 6 model 142 stepping 12, cmov, cx8, fxsr, mmx, sse, sse2, sse3, ssse3, sse4.1, sse4.2, popcnt, avx, avx2, aes, clmul, erms, 3dnowpref, lzcnt, ht, tsc, tscinvbit, bmi1, bmi2, adx, fma

Memory: 4k page, physical 8230708k(1044072k free), swap 18628908k(1884k free)

vm_info: Java HotSpot(TM) 64-Bit Server VM (9.0.4+11) for windows-amd64 JRE (9.0.4+11), built on Dec 20 2017 02:18:54 by "mach5one" with MS VC++ 12.0 (VS2013)

END.
