#
# There is insufficient memory for the Java Runtime Environment to continue.
# Native memory allocation (malloc) failed to allocate 237936 bytes for Chunk::new
# Possible reasons:
#   The system is out of physical RAM or swap space
#   The process is running with CompressedOops enabled, and the Java Heap may be blocking the growth of the native heap
# Possible solutions:
#   Reduce memory load on the system
#   Increase physical memory or swap space
#   Check if swap backing store is full
#   Decrease Java heap size (-Xmx/-Xms)
#   Decrease number of Java threads
#   Decrease Java thread stack sizes (-Xss)
#   Set larger code cache with -XX:ReservedCodeCacheSize=
#   JVM is running with Zero Based Compressed Oops mode in which the Java heap is
#     placed in the first 32GB address space. The Java Heap base address is the
#     maximum limit for the native heap growth. Please use -XX:HeapBaseMinAddress
#     to set the Java Heap base and to place the Java Heap above 32GB virtual address.
# This output file may be truncated or incomplete.
#
#  Out of Memory Error (t:/workspace/hotspot/src/share/vm/memory/allocation.cpp:372), pid=18676, tid=8904
#
# JRE version: Java(TM) SE Runtime Environment (9.0+11) (build 9.0.4+11)
# Java VM: Java HotSpot(TM) 64-Bit Server VM (9.0.4+11, mixed mode, tiered, compressed oops, g1 gc, windows-amd64)
# No core dump will be written. Minidumps are not enabled by default on client versions of Windows
#

---------------  S U M M A R Y ------------

Command Line: -Dsun.java2d.pmoffscreen=false -Dsun.java2d.xrender=false -Dsun.java2d.d3d=false -Dsun.awt.nopixfmt=true -Dsun.java2d.dpiaware=true -Dsun.java2d.uiScale.enabled=false -Xverify:none -Dswing.aatext=true -XX:-UsePerfData -Djdk.map.althashing.threshold=512 -XX:StringTableSize=4072 --add-opens=java.base/java.nio=ALL-UNNAMED --add-opens=java.desktop/sun.swing=ALL-UNNAMED --add-opens=java.desktop/javax.swing=ALL-UNNAMED --add-opens=java.desktop/javax.swing.tree=ALL-UNNAMED --add-opens=java.desktop/javax.swing.plaf.basic=ALL-UNNAMED --add-opens=java.desktop/javax.swing.plaf.synth=ALL-UNNAMED --add-opens=java.desktop/com.sun.awt=ALL-UNNAMED -XX:NewSize=60m -XX:MaxNewSize=60m -Xms128m -Xmx3072m -Xss5m 

Host: Intel(R) Core(TM) i7-8565U CPU @ 1.80GHz, 8 cores, 7G,  Windows 10 , 64 bit Build 19041 (10.0.19041.3636)
Time: Sat May 04 21:17:24 2024 ?D1¨²¡À¨º¡Á?¨º¡À?? elapsed time: 99 seconds (0d 0h 1m 39s)

---------------  T H R E A D  ---------------

Current thread (0x000001f7d1164800):  JavaThread "C2 CompilerThread0" daemon [_thread_in_native, id=8904, stack(0x000000ec91500000,0x000000ec91600000)]


Current CompileTask:
C2:  99530 15214 %     4       ui.data.common.b.b::a @ 31 (283 bytes)

Stack: [0x000000ec91500000,0x000000ec91600000]
Native frames: (J=compiled Java code, j=interpreted, Vv=VM code, C=native code)
V  [jvm.dll+0x587068]

[error occurred during error reporting (printing native stack), id 0xe0000001]


---------------  P R O C E S S  ---------------

Java Threads: ( => current thread )
  0x000001f7f652f800 JavaThread "Run Simulation" [_thread_blocked, id=6924, stack(0x000000ec98100000,0x000000ec98600000)]
  0x000001f7f6526800 JavaThread "SyntheticaAnimation 50" daemon [_thread_blocked, id=18608, stack(0x000000ec93d00000,0x000000ec94200000)]
  0x000001f7f6527000 JavaThread "hw_ila_monitor" [_thread_blocked, id=1844, stack(0x000000ec97c00000,0x000000ec98100000)]
  0x000001f7f643d800 JavaThread "Update Runs Swing Worker" [_thread_blocked, id=6052, stack(0x000000ec97700000,0x000000ec97c00000)]
  0x000001f7f6440000 JavaThread "Refresh Filesets Swing Worker" [_thread_blocked, id=17688, stack(0x000000ec95100000,0x000000ec95600000)]
  0x000001f7f643d000 JavaThread "SyntheticaAnimation 70" daemon [_thread_blocked, id=13560, stack(0x000000ec97200000,0x000000ec97700000)]
  0x000001f7f643c000 JavaThread "SyntheticaAnimation 25" daemon [_thread_blocked, id=1108, stack(0x000000ec96800000,0x000000ec96d00000)]
  0x000001f7d01c4000 JavaThread "SyntheticaAnimation 50" daemon [_thread_blocked, id=16016, stack(0x000000ec96300000,0x000000ec96800000)]
  0x000001f7d01c2800 JavaThread "Monitor HEventQueue" [_thread_blocked, id=4496, stack(0x000000ec95e00000,0x000000ec96300000)]
  0x000001f7d01c4800 JavaThread "Batik CleanerThread" daemon [_thread_blocked, id=12240, stack(0x000000ec95600000,0x000000ec95b00000)]
  0x000001f7d01c5800 JavaThread "SyntheticaCleanerThread" daemon [_thread_blocked, id=21856, stack(0x000000ec92e00000,0x000000ec93300000)]
  0x000001f7f6a34000 JavaThread "AWT-EventQueue-1" [_thread_in_native, id=14592, stack(0x000000ec94c00000,0x000000ec95100000)]
  0x000001f7d3c36000 JavaThread "AWT-Shutdown" [_thread_blocked, id=5812, stack(0x000000ec94700000,0x000000ec94c00000)]
  0x000001f7d3ae4000 JavaThread "Process Messages" [_thread_blocked, id=17752, stack(0x000000ec94200000,0x000000ec94700000)]
  0x000001f7f5ec7800 JavaThread "Thread-1" [_thread_in_native, id=2320, stack(0x000000ec8d500000,0x000000ec8e900000)]
  0x000001f7d3b4d000 JavaThread "TimerQueue" daemon [_thread_blocked, id=13016, stack(0x000000ec93800000,0x000000ec93d00000)]
  0x000001f7d3987800 JavaThread "AWT-Windows" daemon [_thread_in_native, id=19728, stack(0x000000ec93300000,0x000000ec93800000)]
  0x000001f7d3951000 JavaThread "Java2D Disposer" daemon [_thread_blocked, id=10036, stack(0x000000ec92900000,0x000000ec92e00000)]
  0x000001f7d3363800 JavaThread "Service Thread" daemon [_thread_blocked, id=22220, stack(0x000000ec92300000,0x000000ec92800000)]
  0x000001f7ce570000 JavaThread "Common-Cleaner" daemon [_thread_blocked, id=13588, stack(0x000000ec91e00000,0x000000ec92300000)]
  0x000001f7cfd80000 JavaThread "Sweeper thread" daemon [_thread_blocked, id=15720, stack(0x000000ec91900000,0x000000ec91e00000)]
  0x000001f7cfd7f800 JavaThread "C1 CompilerThread3" daemon [_thread_in_native, id=17552, stack(0x000000ec91800000,0x000000ec91900000)]
  0x000001f7cfee2800 JavaThread "C2 CompilerThread2" daemon [_thread_blocked, id=14116, stack(0x000000ec91700000,0x000000ec91800000)]
  0x000001f7d1165000 JavaThread "C2 CompilerThread1" daemon [_thread_blocked, id=1780, stack(0x000000ec91600000,0x000000ec91700000)]
=>0x000001f7d1164800 JavaThread "C2 CompilerThread0" daemon [_thread_in_native, id=8904, stack(0x000000ec91500000,0x000000ec91600000)]
  0x000001f7cfa1b000 JavaThread "Attach Listener" daemon [_thread_blocked, id=18528, stack(0x000000ec91000000,0x000000ec91500000)]
  0x000001f7cfa1a800 JavaThread "Signal Dispatcher" daemon [_thread_blocked, id=8164, stack(0x000000ec90b00000,0x000000ec91000000)]
  0x000001f7d09be000 JavaThread "Finalizer" daemon [_thread_blocked, id=8680, stack(0x000000ec90600000,0x000000ec90b00000)]
  0x000001f7ce877800 JavaThread "Reference Handler" daemon [_thread_blocked, id=23208, stack(0x000000ec90100000,0x000000ec90600000)]
  0x000001f7d02f9800 JavaThread "main" [_thread_blocked, id=22640, stack(0x000000ec8eb00000,0x000000ec8ec00000)]

Other Threads:
  0x000001f7ce876800 VMThread "VM Thread" [stack: 0x000000ec90000000,0x000000ec90100000] [id=11696]
  0x000001f7d3365000 WatcherThread [stack: 0x000000ec92800000,0x000000ec92900000] [id=22960]
  0x000001f7d02fa000 GCTaskThread "GC Thread#0" [stack: 0x000000ec8ec00000,0x000000ec8ed00000] [id=3348]
  0x000001f7d16c2000 GCTaskThread "GC Thread#1" [stack: 0x000000ec8ed00000,0x000000ec8ee00000] [id=900]
  0x000001f7d16c7000 GCTaskThread "GC Thread#2" [stack: 0x000000ec8ee00000,0x000000ec8ef00000] [id=12232]
  0x000001f7d16c5000 GCTaskThread "GC Thread#3" [stack: 0x000000ec8ef00000,0x000000ec8f000000] [id=10892]
  0x000001f7d16c4000 GCTaskThread "GC Thread#4" [stack: 0x000000ec8f000000,0x000000ec8f100000] [id=10452]
  0x000001f7d16c2800 GCTaskThread "GC Thread#5" [stack: 0x000000ec8f100000,0x000000ec8f200000] [id=5372]
  0x000001f7d16c0000 GCTaskThread "GC Thread#6" [stack: 0x000000ec8f200000,0x000000ec8f300000] [id=21304]
  0x000001f7d16c3800 GCTaskThread "GC Thread#7" [stack: 0x000000ec8f300000,0x000000ec8f400000] [id=6768]
  0x000001f7d0b79000 ConcurrentGCThread "G1 Main Marker" [stack: 0x000000ec8fd00000,0x000000ec8fe00000] [id=19576]
  0x000001f7d16c4800 ConcurrentGCThread "G1 Marker#0" [stack: 0x000000ec8fe00000,0x000000ec8ff00000] [id=17084]
  0x000001f7d16c6000 ConcurrentGCThread "G1 Marker#1" [stack: 0x000000ec8ff00000,0x000000ec90000000] [id=17300]
  0x000001f7cd62c800 ConcurrentGCThread "G1 Refine#0" [stack: 0x000000ec8fb00000,0x000000ec8fc00000] [id=1724]
  0x000001f7cd62b800 ConcurrentGCThread "G1 Refine#1" [stack: 0x000000ec8fa00000,0x000000ec8fb00000] [id=23372]
  0x000001f7ce3a0800 ConcurrentGCThread "G1 Refine#2" [stack: 0x000000ec8f900000,0x000000ec8fa00000] [id=13280]
  0x000001f7d06ba800 ConcurrentGCThread "G1 Refine#3" [stack: 0x000000ec8f800000,0x000000ec8f900000] [id=16692]
  0x000001f7ce2a7000 ConcurrentGCThread "G1 Refine#4" [stack: 0x000000ec8f700000,0x000000ec8f800000] [id=11980]
  0x000001f7d308a800 ConcurrentGCThread "G1 Refine#5" [stack: 0x000000ec8f600000,0x000000ec8f700000] [id=6512]
  0x000001f7ce2a6800 ConcurrentGCThread "G1 Refine#6" [stack: 0x000000ec8f500000,0x000000ec8f600000] [id=15416]
  0x000001f7d1131000 ConcurrentGCThread "G1 Refine#7" [stack: 0x000000ec8f400000,0x000000ec8f500000] [id=23740]
  0x000001f7d16ad800 ConcurrentGCThread "G1 Young RemSet Sampling" [stack: 0x000000ec8fc00000,0x000000ec8fd00000] [id=15596]

Threads with active compile tasks:
C2 CompilerThread115243   !   4       de.javasoft.plaf.synthetica.painter.ImagePainter::<init> (692 bytes)
C2 CompilerThread015214 %     4       ui.data.common.b.b::a @ 31 (283 bytes)

VM state:not at safepoint (normal execution)

VM Mutex/Monitor currently owned by a thread: None

Heap address: 0x0000000700000000, size: 3072 MB, Compressed Oops mode: Zero based, Oop shift amount: 3
Narrow klass base: 0x0000000000000000, Narrow klass shift: 3
Compressed class space size: 1073741824 Address: 0x00000007c0000000

Heap:
 garbage-first heap   total 157696K, used 76935K [0x0000000700000000, 0x00000007001004d0, 0x00000007c0000000)
  region size 1024K, 10 young (10240K), 0 survivors (0K)
 Metaspace       used 75628K, capacity 80258K, committed 80304K, reserved 1118208K
  class space    used 10604K, capacity 11403K, committed 11440K, reserved 1048576K
Heap Regions: E=young(eden), S=young(survivor), O=old, HS=humongous(starts), HC=humongous(continues), CS=collection set, F=free, A=archive, TS=gc time stamp, AC=allocation context, TAMS=top-at-mark-start (previous, next)
|   0|0x0000000700000000, 0x00000007000fdf38, 0x0000000700100000| 99%| O|  |TS  0|AC  0|TAMS 0x0000000700000000, 0x0000000700000000|
|   1|0x0000000700100000, 0x0000000700200000, 0x0000000700200000|100%|HS|  |TS  0|AC  0|TAMS 0x0000000700100000, 0x0000000700100000|
|   2|0x0000000700200000, 0x0000000700300000, 0x0000000700300000|100%|HC|  |TS  0|AC  0|TAMS 0x0000000700200000, 0x0000000700200000|
|   3|0x0000000700300000, 0x0000000700400000, 0x0000000700400000|100%|HS|  |TS  0|AC  0|TAMS 0x0000000700300000, 0x0000000700300000|
|   4|0x0000000700400000, 0x00000007004efb48, 0x0000000700500000| 93%| O|  |TS  0|AC  0|TAMS 0x0000000700400000, 0x0000000700400000|
|   5|0x0000000700500000, 0x00000007005ffff8, 0x0000000700600000| 99%| O|  |TS  0|AC  0|TAMS 0x0000000700500000, 0x0000000700500000|
|   6|0x0000000700600000, 0x00000007006fffe0, 0x0000000700700000| 99%| O|  |TS  0|AC  0|TAMS 0x0000000700600000, 0x0000000700600000|
|   7|0x0000000700700000, 0x00000007007fa9b8, 0x0000000700800000| 97%| O|  |TS  0|AC  0|TAMS 0x0000000700700000, 0x0000000700700000|
|   8|0x0000000700800000, 0x00000007008ffff8, 0x0000000700900000| 99%| O|  |TS  0|AC  0|TAMS 0x0000000700800000, 0x0000000700800000|
|   9|0x0000000700900000, 0x00000007009dc660, 0x0000000700a00000| 86%| O|  |TS  0|AC  0|TAMS 0x0000000700900000, 0x0000000700900000|
|  10|0x0000000700a00000, 0x0000000700af7938, 0x0000000700b00000| 96%| O|  |TS  0|AC  0|TAMS 0x0000000700a00000, 0x0000000700a00000|
|  11|0x0000000700b00000, 0x0000000700c00000, 0x0000000700c00000|100%|HS|  |TS  0|AC  0|TAMS 0x0000000700b00000, 0x0000000700b00000|
|  12|0x0000000700c00000, 0x0000000700d00000, 0x0000000700d00000|100%|HC|  |TS  0|AC  0|TAMS 0x0000000700c00000, 0x0000000700c00000|
|  13|0x0000000700d00000, 0x0000000700dfe1e0, 0x0000000700e00000| 99%| O|  |TS  0|AC  0|TAMS 0x0000000700d00000, 0x0000000700d00000|
|  14|0x0000000700e00000, 0x0000000700eddee0, 0x0000000700f00000| 86%| O|  |TS  0|AC  0|TAMS 0x0000000700e00000, 0x0000000700e00000|
|  15|0x0000000700f00000, 0x0000000700fffff8, 0x0000000701000000| 99%| O|  |TS  0|AC  0|TAMS 0x0000000700f00000, 0x0000000700f00000|
|  16|0x0000000701000000, 0x0000000701100000, 0x0000000701100000|100%| O|  |TS  0|AC  0|TAMS 0x0000000701000000, 0x0000000701000000|
|  17|0x0000000701100000, 0x00000007011c61b8, 0x0000000701200000| 77%| O|  |TS  0|AC  0|TAMS 0x0000000701100000, 0x0000000701100000|
|  18|0x0000000701200000, 0x00000007012ffd88, 0x0000000701300000| 99%| O|  |TS  0|AC  0|TAMS 0x0000000701200000, 0x0000000701200000|
|  19|0x0000000701300000, 0x00000007013ffe70, 0x0000000701400000| 99%| O|  |TS  0|AC  0|TAMS 0x0000000701300000, 0x0000000701300000|
|  20|0x0000000701400000, 0x0000000701500000, 0x0000000701500000|100%|HS|  |TS  0|AC  0|TAMS 0x0000000701400000, 0x0000000701400000|
|  21|0x0000000701500000, 0x00000007015fd360, 0x0000000701600000| 98%| O|  |TS  0|AC  0|TAMS 0x0000000701500000, 0x0000000701500000|
|  22|0x0000000701600000, 0x00000007016fffe8, 0x0000000701700000| 99%| O|  |TS  0|AC  0|TAMS 0x0000000701600000, 0x0000000701600000|
|  23|0x0000000701700000, 0x00000007017ffff0, 0x0000000701800000| 99%| O|  |TS  0|AC  0|TAMS 0x0000000701700000, 0x0000000701700000|
|  24|0x0000000701800000, 0x00000007018ffff8, 0x0000000701900000| 99%| O|  |TS  0|AC  0|TAMS 0x0000000701800000, 0x0000000701800000|
|  25|0x0000000701900000, 0x00000007019ffff0, 0x0000000701a00000| 99%| O|  |TS  0|AC  0|TAMS 0x0000000701900000, 0x0000000701900000|
|  26|0x0000000701a00000, 0x0000000701affff0, 0x0000000701b00000| 99%| O|  |TS  0|AC  0|TAMS 0x0000000701a00000, 0x0000000701a00000|
|  27|0x0000000701b00000, 0x0000000701bffe30, 0x0000000701c00000| 99%| O|  |TS  0|AC  0|TAMS 0x0000000701b00000, 0x0000000701b00000|
|  28|0x0000000701c00000, 0x0000000701cfcff0, 0x0000000701d00000| 98%| O|  |TS  0|AC  0|TAMS 0x0000000701c00000, 0x0000000701c00000|
|  29|0x0000000701d00000, 0x0000000701dffff8, 0x0000000701e00000| 99%| O|  |TS  0|AC  0|TAMS 0x0000000701d00000, 0x0000000701d00000|
|  30|0x0000000701e00000, 0x0000000701efffd0, 0x0000000701f00000| 99%| O|  |TS  0|AC  0|TAMS 0x0000000701e00000, 0x0000000701e00000|
|  31|0x0000000701f00000, 0x0000000701fffff8, 0x0000000702000000| 99%| O|  |TS  0|AC  0|TAMS 0x0000000701f00000, 0x0000000701f00000|
|  32|0x0000000702000000, 0x00000007020ffff8, 0x0000000702100000| 99%| O|  |TS  0|AC  0|TAMS 0x0000000702000000, 0x0000000702000000|
|  33|0x0000000702100000, 0x00000007021ff4e8, 0x0000000702200000| 99%| O|  |TS  0|AC  0|TAMS 0x0000000702100000, 0x0000000702100000|
|  34|0x0000000702200000, 0x00000007022ffff0, 0x0000000702300000| 99%| O|  |TS  0|AC  0|TAMS 0x0000000702200000, 0x0000000702200000|
|  35|0x0000000702300000, 0x0000000702400000, 0x0000000702400000|100%| O|  |TS  0|AC  0|TAMS 0x0000000702300000, 0x0000000702300000|
|  36|0x0000000702400000, 0x00000007024e7c50, 0x0000000702500000| 90%| O|  |TS  0|AC  0|TAMS 0x0000000702400000, 0x0000000702400000|
|  37|0x0000000702500000, 0x00000007025fffc0, 0x0000000702600000| 99%| O|  |TS  0|AC  0|TAMS 0x0000000702500000, 0x0000000702500000|
|  38|0x0000000702600000, 0x00000007026ffec0, 0x0000000702700000| 99%| O|  |TS  0|AC  0|TAMS 0x0000000702600000, 0x0000000702600000|
|  39|0x0000000702700000, 0x00000007027fffe8, 0x0000000702800000| 99%| O|  |TS  0|AC  0|TAMS 0x0000000702700000, 0x0000000702700000|
|  40|0x0000000702800000, 0x00000007028ffb08, 0x0000000702900000| 99%| O|  |TS  0|AC  0|TAMS 0x0000000702800000, 0x0000000702800000|
|  41|0x0000000702900000, 0x00000007029ffed0, 0x0000000702a00000| 99%| O|  |TS  0|AC  0|TAMS 0x0000000702900000, 0x0000000702900000|
|  42|0x0000000702a00000, 0x0000000702affff0, 0x0000000702b00000| 99%| O|  |TS  0|AC  0|TAMS 0x0000000702a00000, 0x0000000702a00000|
|  43|0x0000000702b00000, 0x0000000702c00000, 0x0000000702c00000|100%|HS|  |TS  0|AC  0|TAMS 0x0000000702b00000, 0x0000000702b00000|
|  44|0x0000000702c00000, 0x0000000702d00000, 0x0000000702d00000|100%|HC|  |TS  0|AC  0|TAMS 0x0000000702c00000, 0x0000000702c00000|
|  45|0x0000000702d00000, 0x0000000702e00000, 0x0000000702e00000|100%|HC|  |TS  0|AC  0|TAMS 0x0000000702d00000, 0x0000000702d00000|
|  46|0x0000000702e00000, 0x0000000702f00000, 0x0000000702f00000|100%|HC|  |TS  0|AC  0|TAMS 0x0000000702e00000, 0x0000000702e00000|
|  47|0x0000000702f00000, 0x0000000703000000, 0x0000000703000000|100%|HC|  |TS  0|AC  0|TAMS 0x0000000702f00000, 0x0000000702f00000|
|  48|0x0000000703000000, 0x0000000703100000, 0x0000000703100000|100%|HC|  |TS  0|AC  0|TAMS 0x0000000703000000, 0x0000000703000000|
|  49|0x0000000703100000, 0x0000000703200000, 0x0000000703200000|100%|HC|  |TS  0|AC  0|TAMS 0x0000000703100000, 0x0000000703100000|
|  50|0x0000000703200000, 0x0000000703300000, 0x0000000703300000|100%|HC|  |TS  0|AC  0|TAMS 0x0000000703200000, 0x0000000703200000|
|  51|0x0000000703300000, 0x0000000703400000, 0x0000000703400000|100%|HC|  |TS  0|AC  0|TAMS 0x0000000703300000, 0x0000000703300000|
|  52|0x0000000703400000, 0x0000000703500000, 0x0000000703500000|100%|HC|  |TS  0|AC  0|TAMS 0x0000000703400000, 0x0000000703400000|
|  53|0x0000000703500000, 0x0000000703600000, 0x0000000703600000|100%|HC|  |TS  0|AC  0|TAMS 0x0000000703500000, 0x0000000703500000|
|  54|0x0000000703600000, 0x0000000703700000, 0x0000000703700000|100%|HS|  |TS  0|AC  0|TAMS 0x0000000703600000, 0x0000000703600000|
|  55|0x0000000703700000, 0x00000007037ffff8, 0x0000000703800000| 99%| O|  |TS  0|AC  0|TAMS 0x0000000703700000, 0x0000000703700000|
|  56|0x0000000703800000, 0x00000007038ffff0, 0x0000000703900000| 99%| O|  |TS  0|AC  0|TAMS 0x0000000703800000, 0x0000000703800000|
|  57|0x0000000703900000, 0x0000000703a00000, 0x0000000703a00000|100%|HS|  |TS  0|AC  0|TAMS 0x0000000703900000, 0x0000000703900000|
|  58|0x0000000703a00000, 0x0000000703afff58, 0x0000000703b00000| 99%| O|  |TS  0|AC  0|TAMS 0x0000000703a00000, 0x0000000703a00000|
|  59|0x0000000703b00000, 0x0000000703bffdc0, 0x0000000703c00000| 99%| O|  |TS  0|AC  0|TAMS 0x0000000703b00000, 0x0000000703b00000|
|  60|0x0000000703c00000, 0x0000000703cffff8, 0x0000000703d00000| 99%| O|  |TS  0|AC  0|TAMS 0x0000000703c00000, 0x0000000703c00000|
|  61|0x0000000703d00000, 0x0000000703dffff8, 0x0000000703e00000| 99%| O|  |TS  0|AC  0|TAMS 0x0000000703d00000, 0x0000000703d00000|
|  62|0x0000000703e00000, 0x0000000703effe90, 0x0000000703f00000| 99%| O|  |TS  0|AC  0|TAMS 0x0000000703e00000, 0x0000000703e00000|
|  63|0x0000000703f00000, 0x0000000703fe3828, 0x0000000704000000| 88%| O|  |TS  0|AC  0|TAMS 0x0000000703f00000, 0x0000000703f00000|
|  64|0x0000000704000000, 0x0000000704000000, 0x0000000704100000|  0%| F|  |TS  0|AC  0|TAMS 0x0000000704000000, 0x0000000704000000|
|  65|0x0000000704100000, 0x0000000704100000, 0x0000000704200000|  0%| F|  |TS  0|AC  0|TAMS 0x0000000704100000, 0x0000000704100000|
|  66|0x0000000704200000, 0x0000000704200000, 0x0000000704300000|  0%| F|  |TS  0|AC  0|TAMS 0x0000000704200000, 0x0000000704200000|
|  67|0x0000000704300000, 0x0000000704300000, 0x0000000704400000|  0%| F|  |TS  0|AC  0|TAMS 0x0000000704300000, 0x0000000704300000|
|  68|0x0000000704400000, 0x0000000704400000, 0x0000000704500000|  0%| F|  |TS  0|AC  0|TAMS 0x0000000704400000, 0x0000000704400000|
|  69|0x0000000704500000, 0x0000000704500000, 0x0000000704600000|  0%| F|  |TS  0|AC  0|TAMS 0x0000000704500000, 0x0000000704500000|
|  70|0x0000000704600000, 0x0000000704600000, 0x0000000704700000|  0%| F|  |TS  0|AC  0|TAMS 0x0000000704600000, 0x0000000704600000|
|  71|0x0000000704700000, 0x0000000704700000, 0x0000000704800000|  0%| F|  |TS  0|AC  0|TAMS 0x0000000704700000, 0x0000000704700000|
|  72|0x0000000704800000, 0x0000000704800000, 0x0000000704900000|  0%| F|  |TS  0|AC  0|TAMS 0x0000000704800000, 0x0000000704800000|
|  73|0x0000000704900000, 0x0000000704a00000, 0x0000000704a00000|100%|HS|  |TS  0|AC  0|TAMS 0x0000000704900000, 0x0000000704900000|
|  74|0x0000000704a00000, 0x0000000704b00000, 0x0000000704b00000|100%|HC|  |TS  0|AC  0|TAMS 0x0000000704a00000, 0x0000000704a00000|
|  75|0x0000000704b00000, 0x0000000704c00000, 0x0000000704c00000|100%|HC|  |TS  0|AC  0|TAMS 0x0000000704b00000, 0x0000000704b00000|
|  76|0x0000000704c00000, 0x0000000704c00000, 0x0000000704d00000|  0%| F|  |TS  0|AC  0|TAMS 0x0000000704c00000, 0x0000000704c00000|
|  77|0x0000000704d00000, 0x0000000704d00000, 0x0000000704e00000|  0%| F|  |TS  0|AC  0|TAMS 0x0000000704d00000, 0x0000000704d00000|
|  78|0x0000000704e00000, 0x0000000704e00000, 0x0000000704f00000|  0%| F|  |TS  0|AC  0|TAMS 0x0000000704e00000, 0x0000000704e00000|
|  79|0x0000000704f00000, 0x0000000704f00000, 0x0000000705000000|  0%| F|  |TS  0|AC  0|TAMS 0x0000000704f00000, 0x0000000704f00000|
|  80|0x0000000705000000, 0x0000000705000000, 0x0000000705100000|  0%| F|  |TS  0|AC  0|TAMS 0x0000000705000000, 0x0000000705000000|
|  81|0x0000000705100000, 0x0000000705100000, 0x0000000705200000|  0%| F|  |TS  0|AC  0|TAMS 0x0000000705100000, 0x0000000705100000|
|  82|0x0000000705200000, 0x0000000705200000, 0x0000000705300000|  0%| F|  |TS  0|AC  0|TAMS 0x0000000705200000, 0x0000000705200000|
|  83|0x0000000705300000, 0x0000000705300000, 0x0000000705400000|  0%| F|  |TS  0|AC  0|TAMS 0x0000000705300000, 0x0000000705300000|
|  84|0x0000000705400000, 0x0000000705400000, 0x0000000705500000|  0%| F|  |TS  0|AC  0|TAMS 0x0000000705400000, 0x0000000705400000|
|  85|0x0000000705500000, 0x0000000705500000, 0x0000000705600000|  0%| F|  |TS  0|AC  0|TAMS 0x0000000705500000, 0x0000000705500000|
|  86|0x0000000705600000, 0x0000000705600000, 0x0000000705700000|  0%| F|  |TS  0|AC  0|TAMS 0x0000000705600000, 0x0000000705600000|
|  87|0x0000000705700000, 0x0000000705700000, 0x0000000705800000|  0%| F|  |TS  0|AC  0|TAMS 0x0000000705700000, 0x0000000705700000|
|  88|0x0000000705800000, 0x0000000705800000, 0x0000000705900000|  0%| F|  |TS  0|AC  0|TAMS 0x0000000705800000, 0x0000000705800000|
|  89|0x0000000705900000, 0x0000000705900000, 0x0000000705a00000|  0%| F|  |TS  0|AC  0|TAMS 0x0000000705900000, 0x0000000705900000|
|  90|0x0000000705a00000, 0x0000000705a00000, 0x0000000705b00000|  0%| F|  |TS  0|AC  0|TAMS 0x0000000705a00000, 0x0000000705a00000|
|  91|0x0000000705b00000, 0x0000000705b00000, 0x0000000705c00000|  0%| F|  |TS  0|AC  0|TAMS 0x0000000705b00000, 0x0000000705b00000|
|  92|0x0000000705c00000, 0x0000000705c00000, 0x0000000705d00000|  0%| F|  |TS  0|AC  0|TAMS 0x0000000705c00000, 0x0000000705c00000|
|  93|0x0000000705d00000, 0x0000000705d00000, 0x0000000705e00000|  0%| F|  |TS  0|AC  0|TAMS 0x0000000705d00000, 0x0000000705d00000|
|  94|0x0000000705e00000, 0x0000000705e00000, 0x0000000705f00000|  0%| F|  |TS  0|AC  0|TAMS 0x0000000705e00000, 0x0000000705e00000|
|  95|0x0000000705f00000, 0x0000000705f00000, 0x0000000706000000|  0%| F|  |TS  0|AC  0|TAMS 0x0000000705f00000, 0x0000000705f00000|
|  96|0x0000000706000000, 0x0000000706000000, 0x0000000706100000|  0%| F|  |TS  0|AC  0|TAMS 0x0000000706000000, 0x0000000706000000|
|  97|0x0000000706100000, 0x0000000706100000, 0x0000000706200000|  0%| F|  |TS  0|AC  0|TAMS 0x0000000706100000, 0x0000000706100000|
|  98|0x0000000706200000, 0x0000000706200000, 0x0000000706300000|  0%| F|  |TS  0|AC  0|TAMS 0x0000000706200000, 0x0000000706200000|
|  99|0x0000000706300000, 0x0000000706300000, 0x0000000706400000|  0%| F|  |TS  0|AC  0|TAMS 0x0000000706300000, 0x0000000706300000|
| 100|0x0000000706400000, 0x0000000706400000, 0x0000000706500000|  0%| F|  |TS  0|AC  0|TAMS 0x0000000706400000, 0x0000000706400000|
| 101|0x0000000706500000, 0x0000000706500000, 0x0000000706600000|  0%| F|  |TS  0|AC  0|TAMS 0x0000000706500000, 0x0000000706500000|
| 102|0x0000000706600000, 0x0000000706600000, 0x0000000706700000|  0%| F|  |TS  0|AC  0|TAMS 0x0000000706600000, 0x0000000706600000|
| 103|0x0000000706700000, 0x0000000706700000, 0x0000000706800000|  0%| F|  |TS  0|AC  0|TAMS 0x0000000706700000, 0x0000000706700000|
| 104|0x0000000706800000, 0x0000000706800000, 0x0000000706900000|  0%| F|  |TS  0|AC  0|TAMS 0x0000000706800000, 0x0000000706800000|
| 105|0x0000000706900000, 0x0000000706900000, 0x0000000706a00000|  0%| F|  |TS  0|AC  0|TAMS 0x0000000706900000, 0x0000000706900000|
| 106|0x0000000706a00000, 0x0000000706a00000, 0x0000000706b00000|  0%| F|  |TS  0|AC  0|TAMS 0x0000000706a00000, 0x0000000706a00000|
| 107|0x0000000706b00000, 0x0000000706b00000, 0x0000000706c00000|  0%| F|  |TS  0|AC  0|TAMS 0x0000000706b00000, 0x0000000706b00000|
| 108|0x0000000706c00000, 0x0000000706c00000, 0x0000000706d00000|  0%| F|  |TS  0|AC  0|TAMS 0x0000000706c00000, 0x0000000706c00000|
| 109|0x0000000706d00000, 0x0000000706d00000, 0x0000000706e00000|  0%| F|  |TS  0|AC  0|TAMS 0x0000000706d00000, 0x0000000706d00000|
| 110|0x0000000706e00000, 0x0000000706e00000, 0x0000000706f00000|  0%| F|  |TS  0|AC  0|TAMS 0x0000000706e00000, 0x0000000706e00000|
| 111|0x0000000706f00000, 0x0000000706f00000, 0x0000000707000000|  0%| F|  |TS  0|AC  0|TAMS 0x0000000706f00000, 0x0000000706f00000|
| 112|0x0000000707000000, 0x0000000707000000, 0x0000000707100000|  0%| F|  |TS  0|AC  0|TAMS 0x0000000707000000, 0x0000000707000000|
| 113|0x0000000707100000, 0x0000000707100000, 0x0000000707200000|  0%| F|  |TS  0|AC  0|TAMS 0x0000000707100000, 0x0000000707100000|
| 114|0x0000000707200000, 0x0000000707200000, 0x0000000707300000|  0%| F|  |TS  0|AC  0|TAMS 0x0000000707200000, 0x0000000707200000|
| 115|0x0000000707300000, 0x0000000707300000, 0x0000000707400000|  0%| F|  |TS  0|AC  0|TAMS 0x0000000707300000, 0x0000000707300000|
| 116|0x0000000707400000, 0x0000000707400000, 0x0000000707500000|  0%| F|  |TS  0|AC  0|TAMS 0x0000000707400000, 0x0000000707400000|
| 117|0x0000000707500000, 0x0000000707500000, 0x0000000707600000|  0%| F|  |TS  0|AC  0|TAMS 0x0000000707500000, 0x0000000707500000|
| 118|0x0000000707600000, 0x0000000707600000, 0x0000000707700000|  0%| F|  |TS  0|AC  0|TAMS 0x0000000707600000, 0x0000000707600000|
| 119|0x0000000707700000, 0x0000000707700000, 0x0000000707800000|  0%| F|  |TS  0|AC  0|TAMS 0x0000000707700000, 0x0000000707700000|
| 120|0x0000000707800000, 0x0000000707800000, 0x0000000707900000|  0%| F|  |TS  0|AC  0|TAMS 0x0000000707800000, 0x0000000707800000|
| 121|0x0000000707900000, 0x0000000707900000, 0x0000000707a00000|  0%| F|  |TS  0|AC  0|TAMS 0x0000000707900000, 0x0000000707900000|
| 122|0x0000000707a00000, 0x0000000707a00000, 0x0000000707b00000|  0%| F|  |TS  0|AC  0|TAMS 0x0000000707a00000, 0x0000000707a00000|
| 123|0x0000000707b00000, 0x0000000707b00000, 0x0000000707c00000|  0%| F|  |TS  0|AC  0|TAMS 0x0000000707b00000, 0x0000000707b00000|
| 124|0x0000000707c00000, 0x0000000707c00000, 0x0000000707d00000|  0%| F|  |TS  0|AC  0|TAMS 0x0000000707c00000, 0x0000000707c00000|
| 125|0x0000000707d00000, 0x0000000707d00000, 0x0000000707e00000|  0%| F|  |TS  0|AC  0|TAMS 0x0000000707d00000, 0x0000000707d00000|
| 126|0x0000000707e00000, 0x0000000707e00000, 0x0000000707f00000|  0%| F|  |TS  0|AC  0|TAMS 0x0000000707e00000, 0x0000000707e00000|
| 127|0x0000000707f00000, 0x0000000707f00000, 0x0000000708000000|  0%| F|  |TS  0|AC  0|TAMS 0x0000000707f00000, 0x0000000707f00000|
| 128|0x0000000708000000, 0x0000000708000000, 0x0000000708100000|  0%| F|  |TS  0|AC  0|TAMS 0x0000000708000000, 0x0000000708000000|
| 129|0x0000000708100000, 0x0000000708100000, 0x0000000708200000|  0%| F|  |TS  0|AC  0|TAMS 0x0000000708100000, 0x0000000708100000|
| 130|0x0000000708200000, 0x0000000708200000, 0x0000000708300000|  0%| F|  |TS  0|AC  0|TAMS 0x0000000708200000, 0x0000000708200000|
| 131|0x0000000708300000, 0x0000000708300000, 0x0000000708400000|  0%| F|  |TS  0|AC  0|TAMS 0x0000000708300000, 0x0000000708300000|
| 132|0x0000000708400000, 0x0000000708400000, 0x0000000708500000|  0%| F|  |TS  0|AC  0|TAMS 0x0000000708400000, 0x0000000708400000|
| 133|0x0000000708500000, 0x0000000708500000, 0x0000000708600000|  0%| F|  |TS  0|AC  0|TAMS 0x0000000708500000, 0x0000000708500000|
| 134|0x0000000708600000, 0x0000000708600000, 0x0000000708700000|  0%| F|  |TS  0|AC  0|TAMS 0x0000000708600000, 0x0000000708600000|
| 135|0x0000000708700000, 0x0000000708700000, 0x0000000708800000|  0%| F|  |TS  0|AC  0|TAMS 0x0000000708700000, 0x0000000708700000|
| 136|0x0000000708800000, 0x0000000708800000, 0x0000000708900000|  0%| F|  |TS  0|AC  0|TAMS 0x0000000708800000, 0x0000000708800000|
| 137|0x0000000708900000, 0x0000000708900000, 0x0000000708a00000|  0%| F|  |TS  0|AC  0|TAMS 0x0000000708900000, 0x0000000708900000|
| 138|0x0000000708a00000, 0x0000000708a00000, 0x0000000708b00000|  0%| F|  |TS  0|AC  0|TAMS 0x0000000708a00000, 0x0000000708a00000|
| 139|0x0000000708b00000, 0x0000000708b00000, 0x0000000708c00000|  0%| F|  |TS  0|AC  0|TAMS 0x0000000708b00000, 0x0000000708b00000|
| 140|0x0000000708c00000, 0x0000000708c00000, 0x0000000708d00000|  0%| F|  |TS  0|AC  0|TAMS 0x0000000708c00000, 0x0000000708c00000|
| 141|0x0000000708d00000, 0x0000000708d00000, 0x0000000708e00000|  0%| F|  |TS  0|AC  0|TAMS 0x0000000708d00000, 0x0000000708d00000|
| 142|0x0000000708e00000, 0x0000000708e00000, 0x0000000708f00000|  0%| F|  |TS  0|AC  0|TAMS 0x0000000708e00000, 0x0000000708e00000|
| 143|0x0000000708f00000, 0x0000000708f00000, 0x0000000709000000|  0%| F|  |TS  0|AC  0|TAMS 0x0000000708f00000, 0x0000000708f00000|
| 144|0x0000000709000000, 0x0000000709100000, 0x0000000709100000|100%| E|  |TS  0|AC  0|TAMS 0x0000000709000000, 0x0000000709000000|
| 145|0x0000000709100000, 0x0000000709200000, 0x0000000709200000|100%| E|CS|TS  0|AC  0|TAMS 0x0000000709100000, 0x0000000709100000|
| 146|0x0000000709200000, 0x0000000709300000, 0x0000000709300000|100%| E|CS|TS  0|AC  0|TAMS 0x0000000709200000, 0x0000000709200000|
| 147|0x0000000709300000, 0x0000000709400000, 0x0000000709400000|100%| E|CS|TS  0|AC  0|TAMS 0x0000000709300000, 0x0000000709300000|
| 148|0x0000000709400000, 0x0000000709500000, 0x0000000709500000|100%| E|CS|TS  0|AC  0|TAMS 0x0000000709400000, 0x0000000709400000|
| 149|0x0000000709500000, 0x0000000709600000, 0x0000000709600000|100%| E|CS|TS  0|AC  0|TAMS 0x0000000709500000, 0x0000000709500000|
| 150|0x0000000709600000, 0x0000000709700000, 0x0000000709700000|100%| E|CS|TS  0|AC  0|TAMS 0x0000000709600000, 0x0000000709600000|
| 151|0x0000000709700000, 0x0000000709800000, 0x0000000709800000|100%| E|CS|TS  0|AC  0|TAMS 0x0000000709700000, 0x0000000709700000|
| 152|0x0000000709800000, 0x0000000709900000, 0x0000000709900000|100%| E|CS|TS  0|AC  0|TAMS 0x0000000709800000, 0x0000000709800000|
| 153|0x0000000709900000, 0x0000000709a00000, 0x0000000709a00000|100%| E|CS|TS  0|AC  0|TAMS 0x0000000709900000, 0x0000000709900000|

Card table byte_map: [0x000001f7eb140000,0x000001f7eb740000] byte_map_base: 0x000001f7e7940000

Marking Bits (Prev, Next): (CMBitMap*) 0x000001f7ce24c8d8, (CMBitMap*) 0x000001f7ce24c8a0
 Prev Bits: [0x000001f7eed40000, 0x000001f7f1d40000)
 Next Bits: [0x000001f7ebd40000, 0x000001f7eed40000)

Polling page: 0x000001f7cac60000

CodeHeap 'non-profiled nmethods': size=120000Kb used=14767Kb max_used=14767Kb free=105232Kb
 bounds [0x000001f7e2ac0000, 0x000001f7e3930000, 0x000001f7e9ff0000]
CodeHeap 'profiled nmethods': size=120000Kb used=35687Kb max_used=35687Kb free=84312Kb
 bounds [0x000001f7db590000, 0x000001f7dd890000, 0x000001f7e2ac0000]
CodeHeap 'non-nmethods': size=5760Kb used=1722Kb max_used=1809Kb free=4037Kb
 bounds [0x000001f7daff0000, 0x000001f7db260000, 0x000001f7db590000]
 total_blobs=21763 nmethods=13329 adapters=1033
 compilation: enabled

Compilation events (10 events):
Event: 99.173 Thread 0x000001f7cfd7f800 nmethod 15211 0x000001f7dd879110 code [0x000001f7dd8792e0, 0x000001f7dd8797c0]
Event: 99.224 Thread 0x000001f7cfee2800 15212       4       de.javasoft.plaf.synthetica.painter.UIKey::get (33 bytes)
Event: 99.258 Thread 0x000001f7cfee2800 nmethod 15212 0x000001f7e3926e10 code [0x000001f7e3927060, 0x000001f7e39284f0]
Event: 99.478 Thread 0x000001f7cfd7f800 15213       1       com.jidesoft.grid.JideTable::c (5 bytes)
Event: 99.478 Thread 0x000001f7cfd7f800 nmethod 15213 0x000001f7e3928f10 code [0x000001f7e39290c0, 0x000001f7e39291d8]
Event: 99.500 Thread 0x000001f7d1164800 15214 %     4       ui.data.common.b.b::a @ 31 (283 bytes)
Event: 99.504 Thread 0x000001f7cfd7f800 15215       3       com.jidesoft.grid.CompoundTableModelEvent::getEvents (43 bytes)
Event: 99.504 Thread 0x000001f7cfd7f800 nmethod 15215 0x000001f7dd879910 code [0x000001f7dd879b00, 0x000001f7dd87a0a0]
Event: 99.511 Thread 0x000001f7cfd7f800 15216       1       ui.data.bs::qb (5 bytes)
Event: 99.511 Thread 0x000001f7cfd7f800 nmethod 15216 0x000001f7e3929290 code [0x000001f7e3929440, 0x000001f7e3929558]

GC Heap History (10 events):
Event: 92.127 GC heap before
{Heap before GC invocations=51 (full 1):
 garbage-first heap   total 157696K, used 125932K [0x0000000700000000, 0x00000007001004d0, 0x00000007c0000000)
  region size 1024K, 60 young (61440K), 3 survivors (3072K)
 Metaspace       used 71355K, capacity 75750K, committed 76080K, reserved 1114112K
  class space    used 9902K, capacity 10707K, committed 10800K, reserved 1048576K
}
Event: 92.132 GC heap after
{Heap after GC invocations=52 (full 1):
 garbage-first heap   total 157696K, used 69368K [0x0000000700000000, 0x00000007001004d0, 0x00000007c0000000)
  region size 1024K, 5 young (5120K), 5 survivors (5120K)
 Metaspace       used 71355K, capacity 75750K, committed 76080K, reserved 1114112K
  class space    used 9902K, capacity 10707K, committed 10800K, reserved 1048576K
}
Event: 92.563 GC heap before
{Heap before GC invocations=52 (full 1):
 garbage-first heap   total 157696K, used 125688K [0x0000000700000000, 0x00000007001004d0, 0x00000007c0000000)
  region size 1024K, 60 young (61440K), 5 survivors (5120K)
 Metaspace       used 72381K, capacity 76788K, committed 76976K, reserved 1116160K
  class space    used 10091K, capacity 10874K, committed 10928K, reserved 1048576K
}
Event: 92.569 GC heap after
{Heap after GC invocations=53 (full 1):
 garbage-first heap   total 157696K, used 70720K [0x0000000700000000, 0x00000007001004d0, 0x00000007c0000000)
  region size 1024K, 6 young (6144K), 6 survivors (6144K)
 Metaspace       used 72381K, capacity 76788K, committed 76976K, reserved 1116160K
  class space    used 10091K, capacity 10874K, committed 10928K, reserved 1048576K
}
Event: 93.053 GC heap before
{Heap before GC invocations=53 (full 1):
 garbage-first heap   total 157696K, used 126016K [0x0000000700000000, 0x00000007001004d0, 0x00000007c0000000)
  region size 1024K, 60 young (61440K), 6 survivors (6144K)
 Metaspace       used 74674K, capacity 79362K, committed 79536K, reserved 1118208K
  class space    used 10510K, capacity 11339K, committed 11440K, reserved 1048576K
}
Event: 93.059 GC heap after
{Heap after GC invocations=54 (full 1):
 garbage-first heap   total 157696K, used 74178K [0x0000000700000000, 0x00000007001004d0, 0x00000007c0000000)
  region size 1024K, 8 young (8192K), 8 survivors (8192K)
 Metaspace       used 74674K, capacity 79362K, committed 79536K, reserved 1118208K
  class space    used 10510K, capacity 11339K, committed 11440K, reserved 1048576K
}
Event: 93.257 GC heap before
{Heap before GC invocations=54 (full 1):
 garbage-first heap   total 157696K, used 114114K [0x0000000700000000, 0x00000007001004d0, 0x00000007c0000000)
  region size 1024K, 45 young (46080K), 8 survivors (8192K)
 Metaspace       used 75484K, capacity 80130K, committed 80304K, reserved 1118208K
  class space    used 10596K, capacity 11403K, committed 11440K, reserved 1048576K
}
Event: 93.264 GC heap after
{Heap after GC invocations=55 (full 1):
 garbage-first heap   total 157696K, used 76808K [0x0000000700000000, 0x00000007001004d0, 0x00000007c0000000)
  region size 1024K, 4 young (4096K), 4 survivors (4096K)
 Metaspace       used 75484K, capacity 80130K, committed 80304K, reserved 1118208K
  class space    used 10596K, capacity 11403K, committed 11440K, reserved 1048576K
}
Event: 93.315 GC heap before
{Heap before GC invocations=55 (full 1):
 garbage-first heap   total 157696K, used 80904K [0x0000000700000000, 0x00000007001004d0, 0x00000007c0000000)
  region size 1024K, 6 young (6144K), 4 survivors (4096K)
 Metaspace       used 75512K, capacity 80194K, committed 80304K, reserved 1118208K
  class space    used 10597K, capacity 11403K, committed 11440K, reserved 1048576K
}
Event: 93.466 GC heap after
{Heap after GC invocations=56 (full 2):
 garbage-first heap   total 157696K, used 67719K [0x0000000700000000, 0x00000007001004d0, 0x00000007c0000000)
  region size 1024K, 0 young (0K), 0 survivors (0K)
 Metaspace       used 75512K, capacity 80194K, committed 80304K, reserved 1118208K
  class space    used 10597K, capacity 11403K, committed 11440K, reserved 1048576K
}

Deoptimization events (10 events):
Event: 93.248 Thread 0x000001f7f6a34000 Uncommon trap: reason=unstable_if action=reinterpret pc=0x000001f7e2c485b4 method=com.jidesoft.grid.JideTable.isVariousRowHeights()Z @ 12 c2
Event: 93.253 Thread 0x000001f7f6a34000 Uncommon trap: reason=array_check action=maybe_recompile pc=0x000001f7e38aff20 method=java.util.TimSort.reverseRange([Ljava/lang/Object;II)V @ 27 c2
Event: 93.255 Thread 0x000001f7f6a34000 Uncommon trap: reason=array_check action=maybe_recompile pc=0x000001f7e38aff20 method=java.util.TimSort.reverseRange([Ljava/lang/Object;II)V @ 27 c2
Event: 93.288 Thread 0x000001f7f6a34000 Uncommon trap: reason=unstable_if action=reinterpret pc=0x000001f7e2e53d5c method=com.jidesoft.editor.SyntaxDocument.getLineStartOffset(I)I @ 22 c2
Event: 93.476 Thread 0x000001f7f6a34000 Uncommon trap: reason=unstable_if action=reinterpret pc=0x000001f7e357b67c method=javax.swing.tree.VariableHeightLayoutCache$TreeStateNode.hasValidSize()Z @ 4 c2
Event: 93.480 Thread 0x000001f7f6a34000 Uncommon trap: reason=unstable_if action=reinterpret pc=0x000001f7e30c6fb0 method=com.jidesoft.grid.JideTable.getRowHeight(I)I @ 12 c2
Event: 93.480 Thread 0x000001f7f6a34000 Uncommon trap: reason=unstable_if action=reinterpret pc=0x000001f7e388b240 method=com.jidesoft.grid.JideTable.getRowHeight(I)I @ 12 c2
Event: 94.562 Thread 0x000001f7f6a34000 Uncommon trap: reason=unstable_if action=reinterpret pc=0x000001f7e34bbed4 method=sun.java2d.SunGraphics2D.setComposite(Ljava/awt/Composite;)V @ 107 c2
Event: 94.566 Thread 0x000001f7f6a34000 Uncommon trap: reason=class_check action=maybe_recompile pc=0x000001f7e38ed1e0 method=javax.swing.plaf.synth.ParsedSynthStyle$DelegatingPainter.paintPanelBackground(Ljavax/swing/plaf/synth/SynthContext;Ljava/awt/Graphics;IIII)V @ 16 c2
Event: 99.503 Thread 0x000001f7f6a34000 Uncommon trap: reason=unstable_if action=reinterpret pc=0x000001f7e3794814 method=com.jidesoft.grid.CellSpanTable.getCellRect(IIZ)Ljava/awt/Rectangle; @ 11 c2

Classes redefined (0 events):
No events

Internal exceptions (10 events):
Event: 92.926 Thread 0x000001f7f6a34000 Exception <a 'java/lang/ClassNotFoundException'{0x0000000707103340}: java/lang/ObjectCustomizer> (0x0000000707103340) thrown at [t:/workspace/hotspot/src/share/vm/classfile/systemDictionary.cpp, line 218]
Event: 92.931 Thread 0x000001f7f6a34000 Exception <a 'java/lang/ClassNotFoundException'{0x0000000707113f78}: java/awt/ComponentCustomizer> (0x0000000707113f78) thrown at [t:/workspace/hotspot/src/share/vm/classfile/systemDictionary.cpp, line 218]
Event: 92.934 Thread 0x000001f7f6a34000 Exception <a 'java/lang/ClassNotFoundException'{0x000000070716a120}: java/awt/ContainerCustomizer> (0x000000070716a120) thrown at [t:/workspace/hotspot/src/share/vm/classfile/systemDictionary.cpp, line 218]
Event: 92.936 Thread 0x000001f7f6a34000 Exception <a 'java/lang/ClassNotFoundException'{0x00000007071a3090}: javax/swing/JComponentCustomizer> (0x00000007071a3090) thrown at [t:/workspace/hotspot/src/share/vm/classfile/systemDictionary.cpp, line 218]
Event: 92.944 Thread 0x000001f7f6a34000 Exception <a 'java/lang/ClassNotFoundException'{0x0000000707048030}: javax/swing/JPanelCustomizer> (0x0000000707048030) thrown at [t:/workspace/hotspot/src/share/vm/classfile/systemDictionary.cpp, line 218]
Event: 92.946 Thread 0x000001f7f6a34000 Exception <a 'java/lang/ClassNotFoundException'{0x000000070707ba88}: org/jdesktop/swingx/JXPanelCustomizer> (0x000000070707ba88) thrown at [t:/workspace/hotspot/src/share/vm/classfile/systemDictionary.cpp, line 218]
Event: 92.947 Thread 0x000001f7f6a34000 Exception <a 'java/lang/ClassNotFoundException'{0x00000007070ba5f8}: org/jdesktop/swingx/JXTitledPanelCustomizer> (0x00000007070ba5f8) thrown at [t:/workspace/hotspot/src/share/vm/classfile/systemDictionary.cpp, line 218]
Event: 92.948 Thread 0x000001f7f6a34000 Exception <a 'java/lang/ClassNotFoundException'{0x00000007070f2b80}: ui/utils/o/p/a/dCustomizer> (0x00000007070f2b80) thrown at [t:/workspace/hotspot/src/share/vm/classfile/systemDictionary.cpp, line 218]
Event: 92.949 Thread 0x000001f7f6a34000 Exception <a 'java/lang/ClassNotFoundException'{0x0000000706f29e20}: ui/views/waveform/f/pCustomizer> (0x0000000706f29e20) thrown at [t:/workspace/hotspot/src/share/vm/classfile/systemDictionary.cpp, line 218]
Event: 92.952 Thread 0x000001f7f6a34000 Implicit null exception at 0x000001f7e34ebf1a to 0x000001f7e34ecc1d

Events (10 events):
Event: 97.296 Thread 0x000001f7f6530000 Thread exited: 0x000001f7f6530000
Event: 97.702 Thread 0x000001f7f6530000 Thread added: 0x000001f7f6530000
Event: 97.706 Thread 0x000001f7f6530000 Thread exited: 0x000001f7f6530000
Event: 98.609 Executing VM operation: BulkRevokeBias
Event: 98.610 Executing VM operation: BulkRevokeBias done
Event: 98.690 Thread 0x000001f7f6530000 Thread added: 0x000001f7f6530000
Event: 98.693 Thread 0x000001f7f6530000 Thread exited: 0x000001f7f6530000
Event: 99.502 Thread 0x000001f7f6a34000 Uncommon trap: trap_request=0xffffff5d fr.pc=0x000001f7e3794814 relative=0x0000000000000394
Event: 99.504 Thread 0x000001f7f6a34000 DEOPT PACKING pc=0x000001f7e3794814 sp=0x000000ec950f6af0
Event: 99.504 Thread 0x000001f7f6a34000 DEOPT UNPACKING pc=0x000001f7db03df29 sp=0x000000ec950f6aa0 mode 2


Dynamic libraries:
0x00007ff69c1f0000 - 0x00007ff69c220000 	E:\vivado\Vivado\2018.3\bin\unwrapped\win64.o\vivado.exe
0x00007ffbe13d0000 - 0x00007ffbe15c8000 	C:\Windows\SYSTEM32\ntdll.dll
0x00007ffbe1010000 - 0x00007ffbe10cd000 	C:\Windows\System32\KERNEL32.DLL
0x00007ffbdeb10000 - 0x00007ffbdee06000 	C:\Windows\System32\KERNELBASE.dll
0x00007ffbdeff0000 - 0x00007ffbdf0f0000 	C:\Windows\System32\ucrtbase.dll
0x00007ffb84720000 - 0x00007ffb847ad000 	C:\Windows\SYSTEM32\MSVCP140.dll
0x00007ffbd02c0000 - 0x00007ffbd02d4000 	E:\vivado\Vivado\2018.3\lib\win64.o\libboost_signals.dll
0x00007ffbcff40000 - 0x00007ffbcff54000 	E:\vivado\Vivado\2018.3\lib\win64.o\librdi_commonmain.dll
0x00007ffbc4350000 - 0x00007ffbc436b000 	C:\Windows\SYSTEM32\VCRUNTIME140.dll
0x00007ffb7dd90000 - 0x00007ffb7ec24000 	E:\vivado\Vivado\2018.3\lib\win64.o\librdi_common.dll
0x00007ffbda180000 - 0x00007ffbda18c000 	C:\Windows\SYSTEM32\VCRUNTIME140_1.dll
0x00007ffbe10d0000 - 0x00007ffbe126e000 	C:\Windows\System32\USER32.dll
0x00007ffbdefc0000 - 0x00007ffbdefe2000 	C:\Windows\System32\win32u.dll
0x00007ffbc79e0000 - 0x00007ffbc7a06000 	E:\vivado\Vivado\2018.3\lib\win64.o\libboost_filesystem.dll
0x00007ffbdf780000 - 0x00007ffbdf7ac000 	C:\Windows\System32\GDI32.dll
0x00007ffbd0360000 - 0x00007ffbd036a000 	E:\vivado\Vivado\2018.3\lib\win64.o\librdi_commonversion.dll
0x00007ffbdfad0000 - 0x00007ffbdfb83000 	C:\Windows\System32\ADVAPI32.dll
0x00007ffbdeea0000 - 0x00007ffbdefba000 	C:\Windows\System32\gdi32full.dll
0x00007ffb841b0000 - 0x00007ffb842d1000 	E:\vivado\Vivado\2018.3\lib\win64.o\librdi_commonxillic.dll
0x00007ffbdf1d0000 - 0x00007ffbdf26d000 	C:\Windows\System32\msvcp_win.dll
0x00007ffbdf7e0000 - 0x00007ffbdf87e000 	C:\Windows\System32\msvcrt.dll
0x00007ffbdf420000 - 0x00007ffbdf4bf000 	C:\Windows\System32\sechost.dll
0x0000000059560000 - 0x000000005968b000 	E:\vivado\Vivado\2018.3\lib\win64.o\tcl85t.dll
0x00007ffbe0100000 - 0x00007ffbe016b000 	C:\Windows\System32\WS2_32.dll
0x00007ffbdf5f0000 - 0x00007ffbdf716000 	C:\Windows\System32\RPCRT4.dll
0x00007ffbe02a0000 - 0x00007ffbe09e5000 	C:\Windows\System32\SHELL32.dll
0x00007ffbdf1a0000 - 0x00007ffbdf1c7000 	C:\Windows\System32\bcrypt.dll
0x00007ffb7f540000 - 0x00007ffb7f8ae000 	E:\vivado\Vivado\2018.3\lib\win64.o\libCOIN-all.dll
0x00007ffb818f0000 - 0x00007ffb81ba5000 	E:\vivado\Vivado\2018.3\lib\win64.o\libXil_lmgr11.dll
0x00007ffbe0020000 - 0x00007ffbe00fa000 	C:\Windows\System32\COMDLG32.dll
0x00007ffbc79c0000 - 0x00007ffbc79d4000 	E:\vivado\Vivado\2018.3\lib\win64.o\libboost_date_time.dll
0x00007ffbe0cb0000 - 0x00007ffbe1004000 	C:\Windows\System32\combase.dll
0x00007ffb83d70000 - 0x00007ffb83def000 	E:\vivado\Vivado\2018.3\lib\win64.o\libboost_program_options.dll
0x00007ffb817d0000 - 0x00007ffb818e4000 	E:\vivado\Vivado\2018.3\lib\win64.o\libboost_regex.dll
0x00007ffbe12d0000 - 0x00007ffbe137d000 	C:\Windows\System32\shcore.dll
0x00007ffbdfa70000 - 0x00007ffbdfac5000 	C:\Windows\System32\SHLWAPI.dll
0x00007ffbcff30000 - 0x00007ffbcff3b000 	E:\vivado\Vivado\2018.3\lib\win64.o\libboost_system.dll
0x00007ffbc88c0000 - 0x00007ffbc88cf000 	E:\vivado\Vivado\2018.3\lib\win64.o\libboost_xilinx.dll
0x00007ffbdf4c0000 - 0x00007ffbdf58d000 	C:\Windows\System32\OLEAUT32.dll
0x00007ffbc0600000 - 0x00007ffbc0621000 	E:\vivado\Vivado\2018.3\lib\win64.o\libboost_thread.dll
0x00007ffbe0170000 - 0x00007ffbe029b000 	C:\Windows\System32\ole32.dll
0x00007ffb82b30000 - 0x00007ffb82bb2000 	E:\vivado\Vivado\2018.3\lib\win64.o\libhdlpsolve.dll
0x00007ffbdeaa0000 - 0x00007ffbdeb07000 	C:\Windows\System32\WINTRUST.dll
0x00007ffb81720000 - 0x00007ffb817c5000 	E:\vivado\Vivado\2018.3\lib\win64.o\libhdxml.dll
0x00007ffbdf2c0000 - 0x00007ffbdf41d000 	C:\Windows\System32\CRYPT32.dll
0x00007ffb72e60000 - 0x00007ffb736ae600 	E:\vivado\Vivado\2018.3\lib\win64.o\libisl_iostreams.dll
0x00007ffbaa450000 - 0x00007ffbaa47e000 	E:\vivado\Vivado\2018.3\lib\win64.o\libisl_sysinfo.dll
0x00007ffb85b80000 - 0x00007ffb85be5000 	E:\vivado\Vivado\2018.3\lib\win64.o\liblmx6.0.dll
0x00007ffbc79a0000 - 0x00007ffbc79ba000 	E:\vivado\Vivado\2018.3\lib\win64.o\pthreadVC2.dll
0x00007ffbc05e0000 - 0x00007ffbc05fc000 	E:\vivado\Vivado\2018.3\lib\win64.o\librdiconfig.dll
0x00007ffba8370000 - 0x00007ffba8391000 	E:\vivado\Vivado\2018.3\lib\win64.o\librdizlib.dll
0x00007ffbc0f80000 - 0x00007ffbc0f99000 	C:\Windows\SYSTEM32\NETAPI32.dll
0x00007ffbc6e60000 - 0x00007ffbc7336000 	C:\Windows\SYSTEM32\WININET.dll
0x00007ffbd9030000 - 0x00007ffbd913a000 	C:\Windows\SYSTEM32\WINHTTP.dll
0x00007ffbcc3f0000 - 0x00007ffbcc5dd000 	C:\Windows\SYSTEM32\urlmon.dll
0x00007ffbc8980000 - 0x00007ffbc8989000 	C:\Windows\SYSTEM32\WSOCK32.dll
0x00007ffb7bcf0000 - 0x00007ffb7cb81000 	E:\vivado\Vivado\2018.3\lib\win64.o\gurobi65.dll
0x00007ffb87bd0000 - 0x00007ffb87c01000 	C:\Windows\SYSTEM32\VCOMP140.DLL
0x00007ffbd2ad0000 - 0x00007ffbd2b80000 	C:\Windows\WinSxS\amd64_microsoft.windows.common-controls_6595b64144ccf1df_5.82.19041.3636_none_7931fb75243f97c8\COMCTL32.dll
0x00007ffbc8620000 - 0x00007ffbc862d000 	E:\vivado\Vivado\2018.3\lib\win64.o\libboost_chrono.dll
0x00007ffbd7420000 - 0x00007ffbd743d000 	C:\Windows\SYSTEM32\dhcpcsvc.DLL
0x0000000012000000 - 0x0000000012272000 	E:\vivado\Vivado\2018.3\lib\win64.o\xerces-c_3_1.dll
0x00007ffbb1390000 - 0x00007ffbb13ab000 	E:\vivado\Vivado\2018.3\lib\win64.o\libboost_iostreams.dll
0x00007ffb9f640000 - 0x00007ffb9f665000 	E:\vivado\Vivado\2018.3\lib\win64.o\libisl_iosutils.dll
0x00007ffbcf6e0000 - 0x00007ffbcf99c000 	C:\Windows\SYSTEM32\iertutil.dll
0x00007ffbcf9a0000 - 0x00007ffbcf9c8000 	C:\Windows\SYSTEM32\srvcli.dll
0x00007ffbde080000 - 0x00007ffbde08c000 	C:\Windows\SYSTEM32\netutils.dll
0x00007ffbdf7b0000 - 0x00007ffbdf7e0000 	C:\Windows\System32\IMM32.DLL
0x00007ffbde660000 - 0x00007ffbde672000 	C:\Windows\SYSTEM32\MSASN1.dll
0x00007ffbdc9e0000 - 0x00007ffbdc9f2000 	C:\Windows\SYSTEM32\kernel.appcore.dll
0x00007ffb7f040000 - 0x00007ffb7f535000 	E:\vivado\Vivado\2018.3\lib\win64.o\librdi_commontasks.dll
0x00007ffbd7360000 - 0x00007ffbd736a000 	C:\Windows\SYSTEM32\VERSION.dll
0x00007ffb7edc0000 - 0x00007ffb7f03f000 	E:\vivado\Vivado\2018.3\lib\win64.o\librdi_sio.dll
0x00007ffbdded0000 - 0x00007ffbddf0b000 	C:\Windows\SYSTEM32\IPHLPAPI.DLL
0x0000000057fc0000 - 0x00000000589e5000 	E:\vivado\Vivado\2018.3\tps\win64\jre9.0.4\bin\server\jvm.dll
0x00007ffbe1380000 - 0x00007ffbe1388000 	C:\Windows\System32\PSAPI.DLL
0x00007ffbd8f40000 - 0x00007ffbd8f67000 	C:\Windows\SYSTEM32\WINMM.dll
0x00007ffb81630000 - 0x00007ffb8171f000 	C:\Windows\SYSTEM32\MSVCR120.dll
0x00007ffbde230000 - 0x00007ffbde29a000 	C:\Windows\SYSTEM32\MSWSOCK.DLL
0x00007ffbdcb50000 - 0x00007ffbdd2eb000 	C:\Windows\SYSTEM32\windows.storage.dll
0x00007ffbde4d0000 - 0x00007ffbde4fd000 	C:\Windows\SYSTEM32\Wldp.dll
0x00007ffb5a7b0000 - 0x00007ffb5cb72000 	E:\vivado\Vivado\2018.3\lib\win64.o\librdi_tcltasks.dll
0x00007ffb7d9b0000 - 0x00007ffb7dd8c000 	E:\vivado\Vivado\2018.3\lib\win64.o\librdi_bitstream.dll
0x00007ffb81550000 - 0x00007ffb8162c000 	E:\vivado\Vivado\2018.3\lib\win64.o\librdi_chipscope.dll
0x00007ffb82ed0000 - 0x00007ffb82f3a000 	E:\vivado\Vivado\2018.3\lib\win64.o\librdi_boarddep.dll
0x00007ffb80bb0000 - 0x00007ffb80d2e000 	E:\vivado\Vivado\2018.3\lib\win64.o\librdi_board.dll
0x00007ffb7bb30000 - 0x00007ffb7bce9000 	E:\vivado\Vivado\2018.3\lib\win64.o\librdi_chipscopeimpl.dll
0x00007ffb7d860000 - 0x00007ffb7d9a8000 	E:\vivado\Vivado\2018.3\lib\win64.o\librdi_containers.dll
0x00007ffb550a0000 - 0x00007ffb58e9b000 	E:\vivado\Vivado\2018.3\lib\win64.o\librdi_designutils.dll
0x00007ffb58ea0000 - 0x00007ffb5a7a5000 	E:\vivado\Vivado\2018.3\lib\win64.o\librdi_constraints.dll
0x00007ffb72b40000 - 0x00007ffb72e5b000 	E:\vivado\Vivado\2018.3\lib\win64.o\librdi_dlyest.dll
0x00007ffb725e0000 - 0x00007ffb72b40000 	E:\vivado\Vivado\2018.3\lib\win64.o\librdi_drc.dll
0x00007ffb6e0a0000 - 0x00007ffb6e77a000 	E:\vivado\Vivado\2018.3\lib\win64.o\librdi_coregenipxact.dll
0x00007ffb7d2f0000 - 0x00007ffb7d3b2000 	E:\vivado\Vivado\2018.3\lib\win64.o\librdi_dsp.dll
0x00007ffb53280000 - 0x00007ffb5509f000 	E:\vivado\Vivado\2018.3\lib\win64.o\librdi_coregen.dll
0x00007ffb83d10000 - 0x00007ffb83d6d000 	E:\vivado\Vivado\2018.3\lib\win64.o\librdi_hdf.dll
0x00007ffb79950000 - 0x00007ffb79c2a000 	E:\vivado\Vivado\2018.3\lib\win64.o\librdi_guitools.dll
0x00007ffb31fd0000 - 0x00007ffb42d22000 	E:\vivado\Vivado\2018.3\lib\win64.o\librdi_device.dll
0x00007ffb6e780000 - 0x00007ffb6edbf000 	E:\vivado\Vivado\2018.3\lib\win64.o\librdi_filemgmt.dll
0x00007ffb813d0000 - 0x00007ffb81441000 	E:\vivado\Vivado\2018.3\lib\win64.o\librdi_memoryarray.dll
0x00007ffb6da80000 - 0x00007ffb6e095000 	E:\vivado\Vivado\2018.3\lib\win64.o\librdi_memdata.dll
0x00007ffb30c30000 - 0x00007ffb31fc1000 	E:\vivado\Vivado\2018.3\lib\win64.o\librdi_implflow.dll
0x00007ffb7ed70000 - 0x00007ffb7edc0000 	E:\vivado\Vivado\2018.3\lib\win64.o\librdi_pfi.dll
0x00007ffb6c780000 - 0x00007ffb6cdbb000 	E:\vivado\Vivado\2018.3\lib\win64.o\librdi_netlist.dll
0x00007ffb2d280000 - 0x00007ffb30c2c000 	E:\vivado\Vivado\2018.3\lib\win64.o\librdi_mig.dll
0x00007ffb6bda0000 - 0x00007ffb6c495000 	E:\vivado\Vivado\2018.3\lib\win64.o\librdi_power.dll
0x00007ffb6d770000 - 0x00007ffb6da77000 	E:\vivado\Vivado\2018.3\lib\win64.o\librdi_platform.dll
0x00007ffb2ad60000 - 0x00007ffb2d274000 	E:\vivado\Vivado\2018.3\lib\win64.o\librdi_place.dll
0x00007ffb52d20000 - 0x00007ffb53276000 	E:\vivado\Vivado\2018.3\lib\win64.o\librdi_project.dll
0x00007ffb6b6c0000 - 0x00007ffb6bd99000 	E:\vivado\Vivado\2018.3\lib\win64.o\librdi_rsb.dll
0x00007ffb2a660000 - 0x00007ffb2ad53000 	E:\vivado\Vivado\2018.3\lib\win64.o\librdi_psta.dll
0x00007ffb7ba50000 - 0x00007ffb7bb28000 	E:\vivado\Vivado\2018.3\lib\win64.o\librdi_runsbase.dll
0x00007ffb6cfb0000 - 0x00007ffb6d387000 	E:\vivado\Vivado\2018.3\lib\win64.o\librdi_runs.dll
0x00007ffb6b490000 - 0x00007ffb6b6b8000 	E:\vivado\Vivado\2018.3\lib\win64.o\librdi_simdata.dll
0x00007ffb7d2a0000 - 0x00007ffb7d2ec000 	E:\vivado\Vivado\2018.3\lib\win64.o\libboost_serialization.dll
0x00007ffb7b8f0000 - 0x00007ffb7ba44000 	E:\vivado\Vivado\2018.3\lib\win64.o\librdi_advchipscopeimpl.dll
0x00007ffb298d0000 - 0x00007ffb2a65d000 	E:\vivado\Vivado\2018.3\lib\win64.o\librdi_timing.dll
0x00007ffb29510000 - 0x00007ffb298c5000 	E:\vivado\Vivado\2018.3\lib\win64.o\librdi_hip_config.dll
0x00007ffb27e80000 - 0x00007ffb289c7000 	E:\vivado\Vivado\2018.3\lib\win64.o\libverific.dll
0x00007ffb72520000 - 0x00007ffb725d8000 	E:\vivado\Vivado\2018.3\lib\win64.o\librdi_hip_devdesign.dll
0x00007ffb86400000 - 0x00007ffb86438000 	E:\vivado\Vivado\2018.3\lib\win64.o\librdi_noc_frameworks.dll
0x00007ffb28fc0000 - 0x00007ffb2950e000 	E:\vivado\Vivado\2018.3\lib\win64.o\librdi_xdm.dll
0x00007ffb6cf00000 - 0x00007ffb6cfab000 	E:\vivado\Vivado\2018.3\lib\win64.o\librdi_ipconfig_readwrite.dll
0x00007ffb6c6e0000 - 0x00007ffb6c77e000 	E:\vivado\Vivado\2018.3\lib\win64.o\libise.dll
0x00007ffb7cf90000 - 0x00007ffb7cfd9000 	E:\vivado\Vivado\2018.3\lib\win64.o\librdi_wavedata_SimpleApi.dll
0x00007ffb7b880000 - 0x00007ffb7b8e3000 	E:\vivado\Vivado\2018.3\lib\win64.o\librdi_hip_mathengine.dll
0x00007ffb289d0000 - 0x00007ffb28fb4000 	E:\vivado\Vivado\2018.3\lib\win64.o\librdi_wavedata.dll
0x00007ffb24cd0000 - 0x00007ffb25cd2000 	E:\vivado\Vivado\2018.3\lib\win64.o\librdi_route.dll

VM Arguments:
jvm_args: -Dsun.java2d.pmoffscreen=false -Dsun.java2d.xrender=false -Dsun.java2d.d3d=false -Dsun.awt.nopixfmt=true -Dsun.java2d.dpiaware=true -Dsun.java2d.uiScale.enabled=false -Xverify:none -Dswing.aatext=true -XX:-UsePerfData -Djdk.map.althashing.threshold=512 -XX:StringTableSize=4072 --add-opens=java.base/java.nio=ALL-UNNAMED --add-opens=java.desktop/sun.swing=ALL-UNNAMED --add-opens=java.desktop/javax.swing=ALL-UNNAMED --add-opens=java.desktop/javax.swing.tree=ALL-UNNAMED --add-opens=java.desktop/javax.swing.plaf.basic=ALL-UNNAMED --add-opens=java.desktop/javax.swing.plaf.synth=ALL-UNNAMED --add-opens=java.desktop/com.sun.awt=ALL-UNNAMED -XX:NewSize=60m -XX:MaxNewSize=60m -Xms128m -Xmx3072m -Xss5m 
java_command: <unknown>
java_class_path (initial): E:/vivado/Vivado/2018.3\lib\classes\alloy.jar;E:/vivado/Vivado/2018.3\lib\classes\autopilot.scelaborator.jar;E:/vivado/Vivado/2018.3\lib\classes\autopilot.sourceprocessor.jar;E:/vivado/Vivado/2018.3\lib\classes\autopilot.tbprocessor.jar;E:/vivado/Vivado/2018.3\lib\classes\batik-anim.jar;E:/vivado/Vivado/2018.3\lib\classes\batik-awt-util.jar;E:/vivado/Vivado/2018.3\lib\classes\batik-bridge.jar;E:/vivado/Vivado/2018.3\lib\classes\batik-codec.jar;E:/vivado/Vivado/2018.3\lib\classes\batik-css.jar;E:/vivado/Vivado/2018.3\lib\classes\batik-dom.jar;E:/vivado/Vivado/2018.3\lib\classes\batik-ext.jar;E:/vivado/Vivado/2018.3\lib\classes\batik-gui-util.jar;E:/vivado/Vivado/2018.3\lib\classes\batik-gvt.jar;E:/vivado/Vivado/2018.3\lib\classes\batik-parser.jar;E:/vivado/Vivado/2018.3\lib\classes\batik-script.jar;E:/vivado/Vivado/2018.3\lib\classes\batik-svg-dom.jar;E:/vivado/Vivado/2018.3\lib\classes\batik-swing.jar;E:/vivado/Vivado/2018.3\lib\classes\batik-transcoder.jar;E:/vivado/Vivado/2018.3\lib\classes\batik-util.jar;E:/vivado/Vivado/2018.3\lib\classes\batik-xml.jar;E:/vivado/Vivado/2018.3\lib\classes\com.ibm.icu_4.4.2.v20110208.jar;E:/vivado/Vivado/2018.3\lib\classes\commons-collections4-4.1.jar;E:/vivado/Vivado/2018.3\lib\classes\commons-math-2.2.jar;E:/vivado/Vivado/2018.3\lib\classes\dom4j-1.6.1.jar;E:/vivado/Vivado/2018.3\lib\classes\guava-18.0.jar;E:/vivado/Vivado/2018.3\lib\classes\help.jar;E:/vivado/Vivado/2018.3\lib\classes\hsqldb.jar;E:/vivado/Vivado/2018.3\lib\classes\jargs.jar;E:/vivado/Vivado/2018.3\lib\classes\jaxb-api-2.3.0.jar;E:/vivado/Vivado/2018.3\lib\classes\jh.jar;E:/vivado/Vivado/2018.3\lib\classes\jide-action.jar;E:/vivado/Vivado/2018.3\lib\classes\jide-charts.jar;E:/vivado/Vivado/2018.3\lib\classes\jide-common.jar;E:/vivado/Vivado/2018.3\lib\classes\jide-components.jar;E:/vivado/Vivado/2018.3\lib\classes\jide-dashboard.jar;E:/vivado/Vivado/2018.3\lib\classes\jide-data.jar;E:/vivado/Vivado/2018.3\lib\classes\jide-dialogs.jar
Launcher Type: generic

Logging:
Log output configuration:
#0: stdout all=warning uptime,level,tags
#1: stderr all=off uptime,level,tags

Environment Variables:
PATH=E:/vivado/Vivado/2018.3/bin;E:/vivado/Vivado/2018.3/lib/win64.o;E:/vivado/Vivado/2018.3/tps/win64/jre9.0.4/bin/server;E:/vivado/Vivado/2018.3/tps/win64/jre9.0.4/bin;E:/vivado/SDK/2018.3/bin;E:/vivado/Vivado/2018.3/ids_lite/ISE/bin/nt64;E:/vivado/Vivado/2018.3/ids_lite/ISE/lib/nt64;E:\VMware\bin\;C:\Windows\system32;C:\Windows;C:\Windows\System32\Wbem;C:\Windows\System32\WindowsPowerShell\v1.0\;C:\Windows\System32\OpenSSH\;D:\cmake\bin;C:\Users\20520\AppData\Local\Programs\Python\Python38;D:\matlab\runtime\win64;D:\matlab\bin;C:\Users\20520\AppData\Local\Programs\Python\Python38\Scripts\;C:\Users\20520\AppData\Local\Microsoft\WindowsApps;;E:\modelsim\win64;C:\Program Files\JetBrains\PyCharm 2023.2.5\bin;E:/vivado/Vivado/2018.3\tps\mingw\6.2.0\win64.o\nt\bin;E:/vivado/Vivado/2018.3\tps\mingw\6.2.0\win64.o\nt\libexec\gcc\x86_64-w64-mingw32\6.2.0
USERNAME=20520
OS=Windows_NT
PROCESSOR_IDENTIFIER=Intel64 Family 6 Model 142 Stepping 12, GenuineIntel



---------------  S Y S T E M  ---------------

OS: Windows 10 , 64 bit Build 19041 (10.0.19041.3636)

CPU:total 8 (initial active 8) (4 cores per cpu, 2 threads per core) family 6 model 142 stepping 12, cmov, cx8, fxsr, mmx, sse, sse2, sse3, ssse3, sse4.1, sse4.2, popcnt, avx, avx2, aes, clmul, erms, 3dnowpref, lzcnt, ht, tsc, tscinvbit, bmi1, bmi2, adx, fma

Memory: 4k page, physical 8230708k(395708k free), swap 18628908k(0k free)

vm_info: Java HotSpot(TM) 64-Bit Server VM (9.0.4+11) for windows-amd64 JRE (9.0.4+11), built on Dec 20 2017 02:18:54 by "mach5one" with MS VC++ 12.0 (VS2013)

END.
