# //  ModelSim SE-64 10.5 Feb 13 2016 
# //
# //  Copyright 1991-2016 Mentor Graphics Corporation
# //  All Rights Reserved.
# //
# //  ModelSim SE-64 and its associated documentation contain trade
# //  secrets and commercial or financial information that are the property of
# //  Mentor Graphics Corporation and are privileged, confidential,
# //  and exempt from disclosure under the Freedom of Information Act,
# //  5 U.S.C. Section 552. Furthermore, this information
# //  is prohibited from disclosure under the Trade Secrets Act,
# //  18 U.S.C. Section 1905.
# //
# do {tb_crc_simulate.do}
# vsim -voptargs=""+acc"" -L xil_defaultlib -L unisims_ver -L unimacro_ver -L secureip -lib xil_defaultlib xil_defaultlib.tb_crc xil_defaultlib.glbl 
# Start time: 19:36:59 on Jun 22,2024
# ** Note: (vsim-8009) Loading existing optimized design _opt1
# Loading work.tb_crc(fast)
# Loading work.crc(fast)
# Loading work.glbl(fast)
# 1
# 1
# .main_pane.wave.interior.cs.body.pw.wf
# .main_pane.structure.interior.cs.body.struct
# .main_pane.objects.interior.cs.body.tree
# ** Warning: (vsim-7) Failed to open readmem file "crc_table.txt" in read mode.
# No such file or directory. (errno = ENOENT)    : ../../../../CRC.srcs/sources_1/new/crc.v(42)
#    Time: 0 ps  Iteration: 0  Instance: /tb_crc/crc_inst
add wave -position insertpoint sim:/tb_crc/crc_inst/*
restart
# ** Note: (vsim-8009) Loading existing optimized design _opt1
# Loading work.tb_crc(fast)
# Loading work.crc(fast)
# Loading work.glbl(fast)
run
# ** Warning: (vsim-7) Failed to open readmem file "crc_table.txt" in read mode.
# No such file or directory. (errno = ENOENT)    : ../../../../CRC.srcs/sources_1/new/crc.v(42)
#    Time: 0 ps  Iteration: 0  Instance: /tb_crc/crc_inst
run
# End time: 19:44:52 on Jun 22,2024, Elapsed time: 0:07:53
# Errors: 0, Warnings: 2
